ARM GAS  C:\Users\ep_ygh\AppData\Local\Temp\ccTqjTel.s 			page 1


   1              		.cpu cortex-m4
   2              		.arch armv7e-m
   3              		.fpu fpv4-sp-d16
   4              		.eabi_attribute 27, 1
   5              		.eabi_attribute 28, 1
   6              		.eabi_attribute 20, 1
   7              		.eabi_attribute 21, 1
   8              		.eabi_attribute 23, 3
   9              		.eabi_attribute 24, 1
  10              		.eabi_attribute 25, 1
  11              		.eabi_attribute 26, 1
  12              		.eabi_attribute 30, 6
  13              		.eabi_attribute 34, 1
  14              		.eabi_attribute 18, 4
  15              		.file	"freertos.c"
  16              		.text
  17              	.Ltext0:
  18              		.cfi_sections	.debug_frame
  19              		.section	.rodata.OFFSET_TAB_CCMRx,"a"
  20              		.align	2
  23              	OFFSET_TAB_CCMRx:
  24 0000 00000000 		.ascii	"\000\000\000\000\004\004\004<<"
  24      0404043C 
  24      3C
  25              		.section	.rodata.SHIFT_TAB_OCxx,"a"
  26              		.align	2
  29              	SHIFT_TAB_OCxx:
  30 0000 00000800 		.ascii	"\000\000\010\000\000\000\010\000\010"
  30      00000800 
  30      08
  31              		.section	.rodata.SHIFT_TAB_ICxx,"a"
  32              		.align	2
  35              	SHIFT_TAB_ICxx:
  36 0000 00000800 		.ascii	"\000\000\010\000\000\000\010\000\000"
  36      00000800 
  36      00
  37              		.section	.rodata.SHIFT_TAB_CCxP,"a"
  38              		.align	2
  41              	SHIFT_TAB_CCxP:
  42 0000 00020406 		.ascii	"\000\002\004\006\010\012\014\020\024"
  42      080A0C10 
  42      14
  43              		.section	.rodata.SHIFT_TAB_OISx,"a"
  44              		.align	2
  47              	SHIFT_TAB_OISx:
  48 0000 00010203 		.ascii	"\000\001\002\003\004\005\006\010\012"
  48      04050608 
  48      0A
  49              		.section	.rodata.CHANNEL_OFFSET_TAB,"a"
  50              		.align	2
  53              	CHANNEL_OFFSET_TAB:
  54 0000 081C3044 		.ascii	"\010\0340DXl\200"
  54      586C80
  55              		.section	.bss.xIdleTaskTCBBuffer,"aw",%nobits
  56              		.align	2
  59              	xIdleTaskTCBBuffer:
  60 0000 00000000 		.space	84
ARM GAS  C:\Users\ep_ygh\AppData\Local\Temp\ccTqjTel.s 			page 2


  60      00000000 
  60      00000000 
  60      00000000 
  60      00000000 
  61              		.section	.bss.xIdleStack,"aw",%nobits
  62              		.align	2
  65              	xIdleStack:
  66 0000 00000000 		.space	512
  66      00000000 
  66      00000000 
  66      00000000 
  66      00000000 
  67              		.section	.text.vApplicationGetIdleTaskMemory,"ax",%progbits
  68              		.align	1
  69              		.global	vApplicationGetIdleTaskMemory
  70              		.syntax unified
  71              		.thumb
  72              		.thumb_func
  74              	vApplicationGetIdleTaskMemory:
  75              	.LFB1095:
  76              		.file 1 "Src/freertos.c"
   1:Src/freertos.c **** /* USER CODE BEGIN Header */
   2:Src/freertos.c **** /**
   3:Src/freertos.c ****   ******************************************************************************
   4:Src/freertos.c ****   * File Name          : freertos.c
   5:Src/freertos.c ****   * Description        : Code for freertos applications
   6:Src/freertos.c ****   ******************************************************************************
   7:Src/freertos.c ****   * @attention
   8:Src/freertos.c ****   *
   9:Src/freertos.c ****   * Copyright (c) 2024 STMicroelectronics.
  10:Src/freertos.c ****   * All rights reserved.
  11:Src/freertos.c ****   *
  12:Src/freertos.c ****   * This software is licensed under terms that can be found in the LICENSE file
  13:Src/freertos.c ****   * in the root directory of this software component.
  14:Src/freertos.c ****   * If no LICENSE file comes with this software, it is provided AS-IS.
  15:Src/freertos.c ****   *
  16:Src/freertos.c ****   ******************************************************************************
  17:Src/freertos.c ****   */
  18:Src/freertos.c **** /* USER CODE END Header */
  19:Src/freertos.c **** 
  20:Src/freertos.c **** /* Includes ------------------------------------------------------------------*/
  21:Src/freertos.c **** #include "FreeRTOS.h"
  22:Src/freertos.c **** #include "task.h"
  23:Src/freertos.c **** #include "main.h"
  24:Src/freertos.c **** 
  25:Src/freertos.c **** /* Private includes ----------------------------------------------------------*/
  26:Src/freertos.c **** /* USER CODE BEGIN Includes */
  27:Src/freertos.c **** 
  28:Src/freertos.c **** /* USER CODE END Includes */
  29:Src/freertos.c **** 
  30:Src/freertos.c **** /* Private typedef -----------------------------------------------------------*/
  31:Src/freertos.c **** /* USER CODE BEGIN PTD */
  32:Src/freertos.c **** 
  33:Src/freertos.c **** /* USER CODE END PTD */
  34:Src/freertos.c **** 
  35:Src/freertos.c **** /* Private define ------------------------------------------------------------*/
  36:Src/freertos.c **** /* USER CODE BEGIN PD */
ARM GAS  C:\Users\ep_ygh\AppData\Local\Temp\ccTqjTel.s 			page 3


  37:Src/freertos.c **** 
  38:Src/freertos.c **** /* USER CODE END PD */
  39:Src/freertos.c **** 
  40:Src/freertos.c **** /* Private macro -------------------------------------------------------------*/
  41:Src/freertos.c **** /* USER CODE BEGIN PM */
  42:Src/freertos.c **** 
  43:Src/freertos.c **** /* USER CODE END PM */
  44:Src/freertos.c **** 
  45:Src/freertos.c **** /* Private variables ---------------------------------------------------------*/
  46:Src/freertos.c **** /* USER CODE BEGIN Variables */
  47:Src/freertos.c **** 
  48:Src/freertos.c **** /* USER CODE END Variables */
  49:Src/freertos.c **** 
  50:Src/freertos.c **** /* Private function prototypes -----------------------------------------------*/
  51:Src/freertos.c **** /* USER CODE BEGIN FunctionPrototypes */
  52:Src/freertos.c **** 
  53:Src/freertos.c **** /* USER CODE END FunctionPrototypes */
  54:Src/freertos.c **** 
  55:Src/freertos.c **** /* GetIdleTaskMemory prototype (linked to static allocation support) */
  56:Src/freertos.c **** void vApplicationGetIdleTaskMemory( StaticTask_t **ppxIdleTaskTCBBuffer, StackType_t **ppxIdleTaskS
  57:Src/freertos.c **** 
  58:Src/freertos.c **** /* USER CODE BEGIN GET_IDLE_TASK_MEMORY */
  59:Src/freertos.c **** static StaticTask_t xIdleTaskTCBBuffer;
  60:Src/freertos.c **** static StackType_t xIdleStack[configMINIMAL_STACK_SIZE];
  61:Src/freertos.c **** 
  62:Src/freertos.c **** void vApplicationGetIdleTaskMemory( StaticTask_t **ppxIdleTaskTCBBuffer, StackType_t **ppxIdleTaskS
  63:Src/freertos.c **** {
  77              		.loc 1 63 1
  78              		.cfi_startproc
  79              		@ args = 0, pretend = 0, frame = 16
  80              		@ frame_needed = 1, uses_anonymous_args = 0
  81              		@ link register save eliminated.
  82 0000 80B4     		push	{r7}
  83              	.LCFI0:
  84              		.cfi_def_cfa_offset 4
  85              		.cfi_offset 7, -4
  86 0002 85B0     		sub	sp, sp, #20
  87              	.LCFI1:
  88              		.cfi_def_cfa_offset 24
  89 0004 00AF     		add	r7, sp, #0
  90              	.LCFI2:
  91              		.cfi_def_cfa_register 7
  92 0006 F860     		str	r0, [r7, #12]
  93 0008 B960     		str	r1, [r7, #8]
  94 000a 7A60     		str	r2, [r7, #4]
  64:Src/freertos.c ****   *ppxIdleTaskTCBBuffer = &xIdleTaskTCBBuffer;
  95              		.loc 1 64 25
  96 000c FB68     		ldr	r3, [r7, #12]
  97 000e 074A     		ldr	r2, .L2
  98 0010 1A60     		str	r2, [r3]
  65:Src/freertos.c ****   *ppxIdleTaskStackBuffer = &xIdleStack[0];
  99              		.loc 1 65 27
 100 0012 BB68     		ldr	r3, [r7, #8]
 101 0014 064A     		ldr	r2, .L2+4
 102 0016 1A60     		str	r2, [r3]
  66:Src/freertos.c ****   *pulIdleTaskStackSize = configMINIMAL_STACK_SIZE;
 103              		.loc 1 66 25
ARM GAS  C:\Users\ep_ygh\AppData\Local\Temp\ccTqjTel.s 			page 4


 104 0018 7B68     		ldr	r3, [r7, #4]
 105 001a 8022     		movs	r2, #128
 106 001c 1A60     		str	r2, [r3]
  67:Src/freertos.c ****   /* place for user code */
  68:Src/freertos.c **** }
 107              		.loc 1 68 1
 108 001e 00BF     		nop
 109 0020 1437     		adds	r7, r7, #20
 110              	.LCFI3:
 111              		.cfi_def_cfa_offset 4
 112 0022 BD46     		mov	sp, r7
 113              	.LCFI4:
 114              		.cfi_def_cfa_register 13
 115              		@ sp needed
 116 0024 5DF8047B 		ldr	r7, [sp], #4
 117              	.LCFI5:
 118              		.cfi_restore 7
 119              		.cfi_def_cfa_offset 0
 120 0028 7047     		bx	lr
 121              	.L3:
 122 002a 00BF     		.align	2
 123              	.L2:
 124 002c 00000000 		.word	xIdleTaskTCBBuffer
 125 0030 00000000 		.word	xIdleStack
 126              		.cfi_endproc
 127              	.LFE1095:
 129              		.text
 130              	.Letext0:
 131              		.file 2 "c:\\programdata\\chocolatey\\lib\\gcc-arm-embedded\\tools\\gcc-arm-none-eabi-10.3-2021.10
 132              		.file 3 "c:\\programdata\\chocolatey\\lib\\gcc-arm-embedded\\tools\\gcc-arm-none-eabi-10.3-2021.10
 133              		.file 4 "Middlewares/Third_Party/FreeRTOS/Source/portable/GCC/ARM_CM4F/portmacro.h"
 134              		.file 5 "Middlewares/Third_Party/FreeRTOS/Source/include/FreeRTOS.h"
 135              		.file 6 "Drivers/STM32L4xx_HAL_Driver/Inc/stm32l4xx_ll_tim.h"
 136              		.file 7 "Drivers/STM32L4xx_HAL_Driver/Inc/stm32l4xx_ll_dma.h"
ARM GAS  C:\Users\ep_ygh\AppData\Local\Temp\ccTqjTel.s 			page 5


DEFINED SYMBOLS
                            *ABS*:00000000 freertos.c
C:\Users\ep_ygh\AppData\Local\Temp\ccTqjTel.s:20     .rodata.OFFSET_TAB_CCMRx:00000000 $d
C:\Users\ep_ygh\AppData\Local\Temp\ccTqjTel.s:23     .rodata.OFFSET_TAB_CCMRx:00000000 OFFSET_TAB_CCMRx
C:\Users\ep_ygh\AppData\Local\Temp\ccTqjTel.s:26     .rodata.SHIFT_TAB_OCxx:00000000 $d
C:\Users\ep_ygh\AppData\Local\Temp\ccTqjTel.s:29     .rodata.SHIFT_TAB_OCxx:00000000 SHIFT_TAB_OCxx
C:\Users\ep_ygh\AppData\Local\Temp\ccTqjTel.s:32     .rodata.SHIFT_TAB_ICxx:00000000 $d
C:\Users\ep_ygh\AppData\Local\Temp\ccTqjTel.s:35     .rodata.SHIFT_TAB_ICxx:00000000 SHIFT_TAB_ICxx
C:\Users\ep_ygh\AppData\Local\Temp\ccTqjTel.s:38     .rodata.SHIFT_TAB_CCxP:00000000 $d
C:\Users\ep_ygh\AppData\Local\Temp\ccTqjTel.s:41     .rodata.SHIFT_TAB_CCxP:00000000 SHIFT_TAB_CCxP
C:\Users\ep_ygh\AppData\Local\Temp\ccTqjTel.s:44     .rodata.SHIFT_TAB_OISx:00000000 $d
C:\Users\ep_ygh\AppData\Local\Temp\ccTqjTel.s:47     .rodata.SHIFT_TAB_OISx:00000000 SHIFT_TAB_OISx
C:\Users\ep_ygh\AppData\Local\Temp\ccTqjTel.s:50     .rodata.CHANNEL_OFFSET_TAB:00000000 $d
C:\Users\ep_ygh\AppData\Local\Temp\ccTqjTel.s:53     .rodata.CHANNEL_OFFSET_TAB:00000000 CHANNEL_OFFSET_TAB
C:\Users\ep_ygh\AppData\Local\Temp\ccTqjTel.s:56     .bss.xIdleTaskTCBBuffer:00000000 $d
C:\Users\ep_ygh\AppData\Local\Temp\ccTqjTel.s:59     .bss.xIdleTaskTCBBuffer:00000000 xIdleTaskTCBBuffer
C:\Users\ep_ygh\AppData\Local\Temp\ccTqjTel.s:62     .bss.xIdleStack:00000000 $d
C:\Users\ep_ygh\AppData\Local\Temp\ccTqjTel.s:65     .bss.xIdleStack:00000000 xIdleStack
C:\Users\ep_ygh\AppData\Local\Temp\ccTqjTel.s:68     .text.vApplicationGetIdleTaskMemory:00000000 $t
C:\Users\ep_ygh\AppData\Local\Temp\ccTqjTel.s:74     .text.vApplicationGetIdleTaskMemory:00000000 vApplicationGetIdleTaskMemory
C:\Users\ep_ygh\AppData\Local\Temp\ccTqjTel.s:124    .text.vApplicationGetIdleTaskMemory:0000002c $d

NO UNDEFINED SYMBOLS
