ARM GAS  C:\Users\ep_ygh\AppData\Local\Temp\ccCDzhOg.s 			page 1


   1              		.cpu cortex-m4
   2              		.arch armv7e-m
   3              		.fpu fpv4-sp-d16
   4              		.eabi_attribute 27, 1
   5              		.eabi_attribute 28, 1
   6              		.eabi_attribute 20, 1
   7              		.eabi_attribute 21, 1
   8              		.eabi_attribute 23, 3
   9              		.eabi_attribute 24, 1
  10              		.eabi_attribute 25, 1
  11              		.eabi_attribute 26, 1
  12              		.eabi_attribute 30, 6
  13              		.eabi_attribute 34, 1
  14              		.eabi_attribute 18, 4
  15              		.file	"mc_app_hooks.c"
  16              		.text
  17              	.Ltext0:
  18              		.cfi_sections	.debug_frame
  19              		.section	.rodata.OFFSET_TAB_CCMRx,"a"
  20              		.align	2
  23              	OFFSET_TAB_CCMRx:
  24 0000 00000000 		.ascii	"\000\000\000\000\004\004\004<<"
  24      0404043C 
  24      3C
  25              		.section	.rodata.SHIFT_TAB_OCxx,"a"
  26              		.align	2
  29              	SHIFT_TAB_OCxx:
  30 0000 00000800 		.ascii	"\000\000\010\000\000\000\010\000\010"
  30      00000800 
  30      08
  31              		.section	.rodata.SHIFT_TAB_ICxx,"a"
  32              		.align	2
  35              	SHIFT_TAB_ICxx:
  36 0000 00000800 		.ascii	"\000\000\010\000\000\000\010\000\000"
  36      00000800 
  36      00
  37              		.section	.rodata.SHIFT_TAB_CCxP,"a"
  38              		.align	2
  41              	SHIFT_TAB_CCxP:
  42 0000 00020406 		.ascii	"\000\002\004\006\010\012\014\020\024"
  42      080A0C10 
  42      14
  43              		.section	.rodata.SHIFT_TAB_OISx,"a"
  44              		.align	2
  47              	SHIFT_TAB_OISx:
  48 0000 00010203 		.ascii	"\000\001\002\003\004\005\006\010\012"
  48      04050608 
  48      0A
  49              		.section	.rodata.CHANNEL_OFFSET_TAB,"a"
  50              		.align	2
  53              	CHANNEL_OFFSET_TAB:
  54 0000 081C3044 		.ascii	"\010\0340DXl\200"
  54      586C80
  55              		.section	.text.MC_APP_BootHook,"ax",%progbits
  56              		.align	1
  57              		.weak	MC_APP_BootHook
  58              		.syntax unified
ARM GAS  C:\Users\ep_ygh\AppData\Local\Temp\ccCDzhOg.s 			page 2


  59              		.thumb
  60              		.thumb_func
  62              	MC_APP_BootHook:
  63              	.LFB1088:
  64              		.file 1 "Src/mc_app_hooks.c"
   1:Src/mc_app_hooks.c **** /**
   2:Src/mc_app_hooks.c ****   ******************************************************************************
   3:Src/mc_app_hooks.c ****   * @file    mc_app_hooks.c
   4:Src/mc_app_hooks.c ****   * @author  Motor Control SDK Team, ST Microelectronics
   5:Src/mc_app_hooks.c ****   * @brief   This file implements default motor control app hooks.
   6:Src/mc_app_hooks.c ****   *
   7:Src/mc_app_hooks.c ****   ******************************************************************************
   8:Src/mc_app_hooks.c ****   * @attention
   9:Src/mc_app_hooks.c ****   *
  10:Src/mc_app_hooks.c ****   * <h2><center>&copy; Copyright (c) 2023 STMicroelectronics.
  11:Src/mc_app_hooks.c ****   * All rights reserved.</center></h2>
  12:Src/mc_app_hooks.c ****   *
  13:Src/mc_app_hooks.c ****   * This software component is licensed by ST under Ultimate Liberty license
  14:Src/mc_app_hooks.c ****   * SLA0044, the "License"; You may not use this file except in compliance with
  15:Src/mc_app_hooks.c ****   * the License. You may obtain a copy of the License at:
  16:Src/mc_app_hooks.c ****   *                             www.st.com/SLA0044
  17:Src/mc_app_hooks.c ****   *
  18:Src/mc_app_hooks.c ****   ******************************************************************************
  19:Src/mc_app_hooks.c ****   * @ingroup MCAppHooks
  20:Src/mc_app_hooks.c ****   */
  21:Src/mc_app_hooks.c **** 
  22:Src/mc_app_hooks.c **** /* Includes ------------------------------------------------------------------*/
  23:Src/mc_app_hooks.c **** #include "mc_type.h"
  24:Src/mc_app_hooks.c **** #include "mc_app_hooks.h"
  25:Src/mc_app_hooks.c **** 
  26:Src/mc_app_hooks.c **** /** @addtogroup MCSDK
  27:Src/mc_app_hooks.c ****   * @{
  28:Src/mc_app_hooks.c ****   */
  29:Src/mc_app_hooks.c **** 
  30:Src/mc_app_hooks.c **** /** @addtogroup MCTasks
  31:Src/mc_app_hooks.c ****   * @{
  32:Src/mc_app_hooks.c ****   */
  33:Src/mc_app_hooks.c **** 
  34:Src/mc_app_hooks.c **** /**
  35:Src/mc_app_hooks.c ****  * @defgroup MCAppHooks Motor Control Applicative hooks
  36:Src/mc_app_hooks.c ****  * @brief User defined functions that are called in the Motor Control tasks.
  37:Src/mc_app_hooks.c ****  *
  38:Src/mc_app_hooks.c ****  *
  39:Src/mc_app_hooks.c ****  * @{
  40:Src/mc_app_hooks.c ****  */
  41:Src/mc_app_hooks.c **** 
  42:Src/mc_app_hooks.c **** /**
  43:Src/mc_app_hooks.c ****  * @brief Hook function called right before the end of the MCboot function.
  44:Src/mc_app_hooks.c ****  *
  45:Src/mc_app_hooks.c ****  *
  46:Src/mc_app_hooks.c ****  *
  47:Src/mc_app_hooks.c ****  */
  48:Src/mc_app_hooks.c **** __weak void MC_APP_BootHook(void)
  49:Src/mc_app_hooks.c **** {
  65              		.loc 1 49 1
  66              		.cfi_startproc
  67              		@ args = 0, pretend = 0, frame = 0
ARM GAS  C:\Users\ep_ygh\AppData\Local\Temp\ccCDzhOg.s 			page 3


  68              		@ frame_needed = 1, uses_anonymous_args = 0
  69              		@ link register save eliminated.
  70 0000 80B4     		push	{r7}
  71              	.LCFI0:
  72              		.cfi_def_cfa_offset 4
  73              		.cfi_offset 7, -4
  74 0002 00AF     		add	r7, sp, #0
  75              	.LCFI1:
  76              		.cfi_def_cfa_register 7
  50:Src/mc_app_hooks.c ****   /*
  51:Src/mc_app_hooks.c ****    * This function can be overloaded or the application can inject
  52:Src/mc_app_hooks.c ****    * code into it that will be executed at the end of MCboot().
  53:Src/mc_app_hooks.c ****    */
  54:Src/mc_app_hooks.c **** 
  55:Src/mc_app_hooks.c **** /* USER CODE BEGIN BootHook */
  56:Src/mc_app_hooks.c **** 
  57:Src/mc_app_hooks.c **** /* USER CODE END BootHook */
  58:Src/mc_app_hooks.c **** }
  77              		.loc 1 58 1
  78 0004 00BF     		nop
  79 0006 BD46     		mov	sp, r7
  80              	.LCFI2:
  81              		.cfi_def_cfa_register 13
  82              		@ sp needed
  83 0008 5DF8047B 		ldr	r7, [sp], #4
  84              	.LCFI3:
  85              		.cfi_restore 7
  86              		.cfi_def_cfa_offset 0
  87 000c 7047     		bx	lr
  88              		.cfi_endproc
  89              	.LFE1088:
  91              		.section	.text.MC_APP_PostMediumFrequencyHook_M1,"ax",%progbits
  92              		.align	1
  93              		.weak	MC_APP_PostMediumFrequencyHook_M1
  94              		.syntax unified
  95              		.thumb
  96              		.thumb_func
  98              	MC_APP_PostMediumFrequencyHook_M1:
  99              	.LFB1089:
  59:Src/mc_app_hooks.c **** 
  60:Src/mc_app_hooks.c **** /**
  61:Src/mc_app_hooks.c ****  * @brief Hook function called right after the Medium Frequency Task for Motor 1.
  62:Src/mc_app_hooks.c ****  *
  63:Src/mc_app_hooks.c ****  *
  64:Src/mc_app_hooks.c ****  *
  65:Src/mc_app_hooks.c ****  */
  66:Src/mc_app_hooks.c **** __weak void MC_APP_PostMediumFrequencyHook_M1(void)
  67:Src/mc_app_hooks.c **** {
 100              		.loc 1 67 1
 101              		.cfi_startproc
 102              		@ args = 0, pretend = 0, frame = 0
 103              		@ frame_needed = 1, uses_anonymous_args = 0
 104              		@ link register save eliminated.
 105 0000 80B4     		push	{r7}
 106              	.LCFI4:
 107              		.cfi_def_cfa_offset 4
 108              		.cfi_offset 7, -4
ARM GAS  C:\Users\ep_ygh\AppData\Local\Temp\ccCDzhOg.s 			page 4


 109 0002 00AF     		add	r7, sp, #0
 110              	.LCFI5:
 111              		.cfi_def_cfa_register 7
  68:Src/mc_app_hooks.c ****   /*
  69:Src/mc_app_hooks.c ****    * This function can be overloaded or the application can inject
  70:Src/mc_app_hooks.c ****    * code into it that will be executed right after the Medium
  71:Src/mc_app_hooks.c ****    * Frequency Task of Motor 1
  72:Src/mc_app_hooks.c ****    */
  73:Src/mc_app_hooks.c **** 
  74:Src/mc_app_hooks.c **** /* USER SECTION BEGIN PostMediumFrequencyHookM1 */
  75:Src/mc_app_hooks.c **** 
  76:Src/mc_app_hooks.c **** /* USER SECTION END PostMediumFrequencyHookM1 */
  77:Src/mc_app_hooks.c **** }
 112              		.loc 1 77 1
 113 0004 00BF     		nop
 114 0006 BD46     		mov	sp, r7
 115              	.LCFI6:
 116              		.cfi_def_cfa_register 13
 117              		@ sp needed
 118 0008 5DF8047B 		ldr	r7, [sp], #4
 119              	.LCFI7:
 120              		.cfi_restore 7
 121              		.cfi_def_cfa_offset 0
 122 000c 7047     		bx	lr
 123              		.cfi_endproc
 124              	.LFE1089:
 126              		.text
 127              	.Letext0:
 128              		.file 2 "c:\\programdata\\chocolatey\\lib\\gcc-arm-embedded\\tools\\gcc-arm-none-eabi-10.3-2021.10
 129              		.file 3 "c:\\programdata\\chocolatey\\lib\\gcc-arm-embedded\\tools\\gcc-arm-none-eabi-10.3-2021.10
 130              		.file 4 "Drivers/STM32L4xx_HAL_Driver/Inc/stm32l4xx_ll_tim.h"
 131              		.file 5 "Drivers/STM32L4xx_HAL_Driver/Inc/stm32l4xx_ll_dma.h"
ARM GAS  C:\Users\ep_ygh\AppData\Local\Temp\ccCDzhOg.s 			page 5


DEFINED SYMBOLS
                            *ABS*:00000000 mc_app_hooks.c
C:\Users\ep_ygh\AppData\Local\Temp\ccCDzhOg.s:20     .rodata.OFFSET_TAB_CCMRx:00000000 $d
C:\Users\ep_ygh\AppData\Local\Temp\ccCDzhOg.s:23     .rodata.OFFSET_TAB_CCMRx:00000000 OFFSET_TAB_CCMRx
C:\Users\ep_ygh\AppData\Local\Temp\ccCDzhOg.s:26     .rodata.SHIFT_TAB_OCxx:00000000 $d
C:\Users\ep_ygh\AppData\Local\Temp\ccCDzhOg.s:29     .rodata.SHIFT_TAB_OCxx:00000000 SHIFT_TAB_OCxx
C:\Users\ep_ygh\AppData\Local\Temp\ccCDzhOg.s:32     .rodata.SHIFT_TAB_ICxx:00000000 $d
C:\Users\ep_ygh\AppData\Local\Temp\ccCDzhOg.s:35     .rodata.SHIFT_TAB_ICxx:00000000 SHIFT_TAB_ICxx
C:\Users\ep_ygh\AppData\Local\Temp\ccCDzhOg.s:38     .rodata.SHIFT_TAB_CCxP:00000000 $d
C:\Users\ep_ygh\AppData\Local\Temp\ccCDzhOg.s:41     .rodata.SHIFT_TAB_CCxP:00000000 SHIFT_TAB_CCxP
C:\Users\ep_ygh\AppData\Local\Temp\ccCDzhOg.s:44     .rodata.SHIFT_TAB_OISx:00000000 $d
C:\Users\ep_ygh\AppData\Local\Temp\ccCDzhOg.s:47     .rodata.SHIFT_TAB_OISx:00000000 SHIFT_TAB_OISx
C:\Users\ep_ygh\AppData\Local\Temp\ccCDzhOg.s:50     .rodata.CHANNEL_OFFSET_TAB:00000000 $d
C:\Users\ep_ygh\AppData\Local\Temp\ccCDzhOg.s:53     .rodata.CHANNEL_OFFSET_TAB:00000000 CHANNEL_OFFSET_TAB
C:\Users\ep_ygh\AppData\Local\Temp\ccCDzhOg.s:56     .text.MC_APP_BootHook:00000000 $t
C:\Users\ep_ygh\AppData\Local\Temp\ccCDzhOg.s:62     .text.MC_APP_BootHook:00000000 MC_APP_BootHook
C:\Users\ep_ygh\AppData\Local\Temp\ccCDzhOg.s:92     .text.MC_APP_PostMediumFrequencyHook_M1:00000000 $t
C:\Users\ep_ygh\AppData\Local\Temp\ccCDzhOg.s:98     .text.MC_APP_PostMediumFrequencyHook_M1:00000000 MC_APP_PostMediumFrequencyHook_M1

NO UNDEFINED SYMBOLS
