ARM GAS  C:\Users\ep_ygh\AppData\Local\Temp\ccCt8vNx.s 			page 1


   1              		.cpu cortex-m4
   2              		.arch armv7e-m
   3              		.fpu fpv4-sp-d16
   4              		.eabi_attribute 27, 1
   5              		.eabi_attribute 28, 1
   6              		.eabi_attribute 20, 1
   7              		.eabi_attribute 21, 1
   8              		.eabi_attribute 23, 3
   9              		.eabi_attribute 24, 1
  10              		.eabi_attribute 25, 1
  11              		.eabi_attribute 26, 1
  12              		.eabi_attribute 30, 6
  13              		.eabi_attribute 34, 1
  14              		.eabi_attribute 18, 4
  15              		.file	"mc_configuration_registers.c"
  16              		.text
  17              	.Ltext0:
  18              		.cfi_sections	.debug_frame
  19              		.section	.rodata.OFFSET_TAB_CCMRx,"a"
  20              		.align	2
  23              	OFFSET_TAB_CCMRx:
  24 0000 00000000 		.ascii	"\000\000\000\000\004\004\004<<"
  24      0404043C 
  24      3C
  25              		.section	.rodata.SHIFT_TAB_OCxx,"a"
  26              		.align	2
  29              	SHIFT_TAB_OCxx:
  30 0000 00000800 		.ascii	"\000\000\010\000\000\000\010\000\010"
  30      00000800 
  30      08
  31              		.section	.rodata.SHIFT_TAB_ICxx,"a"
  32              		.align	2
  35              	SHIFT_TAB_ICxx:
  36 0000 00000800 		.ascii	"\000\000\010\000\000\000\010\000\000"
  36      00000800 
  36      00
  37              		.section	.rodata.SHIFT_TAB_CCxP,"a"
  38              		.align	2
  41              	SHIFT_TAB_CCxP:
  42 0000 00020406 		.ascii	"\000\002\004\006\010\012\014\020\024"
  42      080A0C10 
  42      14
  43              		.section	.rodata.SHIFT_TAB_OISx,"a"
  44              		.align	2
  47              	SHIFT_TAB_OISx:
  48 0000 00010203 		.ascii	"\000\001\002\003\004\005\006\010\012"
  48      04050608 
  48      0A
  49              		.section	.rodata.CHANNEL_OFFSET_TAB,"a"
  50              		.align	2
  53              	CHANNEL_OFFSET_TAB:
  54 0000 081C3044 		.ascii	"\010\0340DXl\200"
  54      586C80
  55              		.global	CTL_BOARD
  56              		.section	.rodata.CTL_BOARD,"a"
  57              		.align	2
  60              	CTL_BOARD:
ARM GAS  C:\Users\ep_ygh\AppData\Local\Temp\ccCt8vNx.s 			page 2


  61 0000 4E55434C 		.ascii	"NUCLEO-L476RG\000"
  61      454F2D4C 
  61      34373652 
  61      4700
  62              		.section	.rodata.M1_PWR_BOARD,"a"
  63              		.align	2
  66              	M1_PWR_BOARD:
  67 0000 582D4E55 		.ascii	"X-NUCLEO-IHM16M1\000"
  67      434C454F 
  67      2D49484D 
  67      31364D31 
  67      00
  68              		.global	FIRMWARE_NAME
  69              		.section	.rodata.FIRMWARE_NAME,"a"
  70              		.align	2
  73              	FIRMWARE_NAME:
  74 0000 5354204D 		.ascii	"ST MC SDK\011Ver.6.2.1\000"
  74      43205344 
  74      4B095665 
  74      722E362E 
  74      322E3100 
  75              		.global	globalConfig_reg
  76              		.section	.rodata.globalConfig_reg,"a"
  77              		.align	2
  80              	globalConfig_reg:
  81 0000 00010206 		.word	100794624
  82 0004 01       		.byte	1
  83 0005 02       		.byte	2
  84 0006 0A       		.byte	10
  85 0007 00       		.byte	0
  86 0008 00       		.byte	0
  87 0009 00       		.space	1
  88              		.section	.rodata.M1_ApplicationConfig_reg,"a"
  89              		.align	2
  92              	M1_ApplicationConfig_reg:
  93 0000 24060000 		.word	1572
  94 0004 7C265140 		.word	1079060092
  95 0008 CDCC4C3F 		.word	1061997773
  96 000c 1800     		.short	24
  97 000e 00       		.byte	0
  98 000f 00       		.space	1
  99              		.section	.rodata.M1_MotorConfig_reg,"a"
 100              		.align	2
 103              	M1_MotorConfig_reg:
 104 0000 00000040 		.word	1073741824
 105 0004 CDCC4C3E 		.word	1045220557
 106 0008 CDCCBC40 		.word	1086115021
 107 000c 00000000 		.space	4
 108 0010 6F128339 		.word	964891247
 109 0014 6F128339 		.word	964891247
 110 0018 CDCC4C3F 		.word	1061997773
 111 001c 00000000 		.space	8
 111      00000000 
 112 0024 30323442 		.ascii	"024BX4\000"
 112      583400
 113 002b 00000000 		.space	17
 113      00000000 
ARM GAS  C:\Users\ep_ygh\AppData\Local\Temp\ccCt8vNx.s 			page 3


 113      00000000 
 113      00000000 
 113      00
 114              		.section	.rodata.M1_FOCConfig_reg,"a"
 115              		.align	2
 118              	M1_FOCConfig_reg:
 119 0000 03       		.byte	3
 120 0001 00       		.byte	0
 121 0002 00       		.byte	0
 122 0003 01       		.byte	1
 123 0004 803E0000 		.word	16000
 124 0008 E803     		.short	1000
 125 000a 0007     		.short	1792
 126 000c 0040     		.short	16384
 127              		.global	PWR_BOARD_NAME
 128              		.section	.data.PWR_BOARD_NAME,"aw"
 129              		.align	2
 132              	PWR_BOARD_NAME:
 133 0000 00000000 		.word	M1_PWR_BOARD
 134              		.global	FOCConfig_reg
 135              		.section	.data.FOCConfig_reg,"aw"
 136              		.align	2
 139              	FOCConfig_reg:
 140 0000 00000000 		.word	M1_FOCConfig_reg
 141              		.global	MotorConfig_reg
 142              		.section	.data.MotorConfig_reg,"aw"
 143              		.align	2
 146              	MotorConfig_reg:
 147 0000 00000000 		.word	M1_MotorConfig_reg
 148              		.global	ApplicationConfig_reg
 149              		.section	.data.ApplicationConfig_reg,"aw"
 150              		.align	2
 153              	ApplicationConfig_reg:
 154 0000 00000000 		.word	M1_ApplicationConfig_reg
 155              		.text
 156              	.Letext0:
 157              		.file 1 "c:\\programdata\\chocolatey\\lib\\gcc-arm-embedded\\tools\\gcc-arm-none-eabi-10.3-2021.10
 158              		.file 2 "c:\\programdata\\chocolatey\\lib\\gcc-arm-embedded\\tools\\gcc-arm-none-eabi-10.3-2021.10
 159              		.file 3 "Drivers/STM32L4xx_HAL_Driver/Inc/stm32l4xx_ll_tim.h"
 160              		.file 4 "Drivers/STM32L4xx_HAL_Driver/Inc/stm32l4xx_ll_dma.h"
 161              		.file 5 "Inc/mc_type.h"
 162              		.file 6 "Inc/mc_configuration_registers.h"
 163              		.file 7 "Src/mc_configuration_registers.c"
ARM GAS  C:\Users\ep_ygh\AppData\Local\Temp\ccCt8vNx.s 			page 4


DEFINED SYMBOLS
                            *ABS*:00000000 mc_configuration_registers.c
C:\Users\ep_ygh\AppData\Local\Temp\ccCt8vNx.s:20     .rodata.OFFSET_TAB_CCMRx:00000000 $d
C:\Users\ep_ygh\AppData\Local\Temp\ccCt8vNx.s:23     .rodata.OFFSET_TAB_CCMRx:00000000 OFFSET_TAB_CCMRx
C:\Users\ep_ygh\AppData\Local\Temp\ccCt8vNx.s:26     .rodata.SHIFT_TAB_OCxx:00000000 $d
C:\Users\ep_ygh\AppData\Local\Temp\ccCt8vNx.s:29     .rodata.SHIFT_TAB_OCxx:00000000 SHIFT_TAB_OCxx
C:\Users\ep_ygh\AppData\Local\Temp\ccCt8vNx.s:32     .rodata.SHIFT_TAB_ICxx:00000000 $d
C:\Users\ep_ygh\AppData\Local\Temp\ccCt8vNx.s:35     .rodata.SHIFT_TAB_ICxx:00000000 SHIFT_TAB_ICxx
C:\Users\ep_ygh\AppData\Local\Temp\ccCt8vNx.s:38     .rodata.SHIFT_TAB_CCxP:00000000 $d
C:\Users\ep_ygh\AppData\Local\Temp\ccCt8vNx.s:41     .rodata.SHIFT_TAB_CCxP:00000000 SHIFT_TAB_CCxP
C:\Users\ep_ygh\AppData\Local\Temp\ccCt8vNx.s:44     .rodata.SHIFT_TAB_OISx:00000000 $d
C:\Users\ep_ygh\AppData\Local\Temp\ccCt8vNx.s:47     .rodata.SHIFT_TAB_OISx:00000000 SHIFT_TAB_OISx
C:\Users\ep_ygh\AppData\Local\Temp\ccCt8vNx.s:50     .rodata.CHANNEL_OFFSET_TAB:00000000 $d
C:\Users\ep_ygh\AppData\Local\Temp\ccCt8vNx.s:53     .rodata.CHANNEL_OFFSET_TAB:00000000 CHANNEL_OFFSET_TAB
C:\Users\ep_ygh\AppData\Local\Temp\ccCt8vNx.s:60     .rodata.CTL_BOARD:00000000 CTL_BOARD
C:\Users\ep_ygh\AppData\Local\Temp\ccCt8vNx.s:57     .rodata.CTL_BOARD:00000000 $d
C:\Users\ep_ygh\AppData\Local\Temp\ccCt8vNx.s:63     .rodata.M1_PWR_BOARD:00000000 $d
C:\Users\ep_ygh\AppData\Local\Temp\ccCt8vNx.s:66     .rodata.M1_PWR_BOARD:00000000 M1_PWR_BOARD
C:\Users\ep_ygh\AppData\Local\Temp\ccCt8vNx.s:73     .rodata.FIRMWARE_NAME:00000000 FIRMWARE_NAME
C:\Users\ep_ygh\AppData\Local\Temp\ccCt8vNx.s:70     .rodata.FIRMWARE_NAME:00000000 $d
C:\Users\ep_ygh\AppData\Local\Temp\ccCt8vNx.s:80     .rodata.globalConfig_reg:00000000 globalConfig_reg
C:\Users\ep_ygh\AppData\Local\Temp\ccCt8vNx.s:77     .rodata.globalConfig_reg:00000000 $d
C:\Users\ep_ygh\AppData\Local\Temp\ccCt8vNx.s:89     .rodata.M1_ApplicationConfig_reg:00000000 $d
C:\Users\ep_ygh\AppData\Local\Temp\ccCt8vNx.s:92     .rodata.M1_ApplicationConfig_reg:00000000 M1_ApplicationConfig_reg
C:\Users\ep_ygh\AppData\Local\Temp\ccCt8vNx.s:100    .rodata.M1_MotorConfig_reg:00000000 $d
C:\Users\ep_ygh\AppData\Local\Temp\ccCt8vNx.s:103    .rodata.M1_MotorConfig_reg:00000000 M1_MotorConfig_reg
C:\Users\ep_ygh\AppData\Local\Temp\ccCt8vNx.s:115    .rodata.M1_FOCConfig_reg:00000000 $d
C:\Users\ep_ygh\AppData\Local\Temp\ccCt8vNx.s:118    .rodata.M1_FOCConfig_reg:00000000 M1_FOCConfig_reg
C:\Users\ep_ygh\AppData\Local\Temp\ccCt8vNx.s:132    .data.PWR_BOARD_NAME:00000000 PWR_BOARD_NAME
C:\Users\ep_ygh\AppData\Local\Temp\ccCt8vNx.s:129    .data.PWR_BOARD_NAME:00000000 $d
C:\Users\ep_ygh\AppData\Local\Temp\ccCt8vNx.s:139    .data.FOCConfig_reg:00000000 FOCConfig_reg
C:\Users\ep_ygh\AppData\Local\Temp\ccCt8vNx.s:136    .data.FOCConfig_reg:00000000 $d
C:\Users\ep_ygh\AppData\Local\Temp\ccCt8vNx.s:146    .data.MotorConfig_reg:00000000 MotorConfig_reg
C:\Users\ep_ygh\AppData\Local\Temp\ccCt8vNx.s:143    .data.MotorConfig_reg:00000000 $d
C:\Users\ep_ygh\AppData\Local\Temp\ccCt8vNx.s:153    .data.ApplicationConfig_reg:00000000 ApplicationConfig_reg
C:\Users\ep_ygh\AppData\Local\Temp\ccCt8vNx.s:150    .data.ApplicationConfig_reg:00000000 $d

NO UNDEFINED SYMBOLS
