ARM GAS  C:\Users\ep_ygh\AppData\Local\Temp\cccYPchz.s 			page 1


   1              		.cpu cortex-m4
   2              		.arch armv7e-m
   3              		.fpu fpv4-sp-d16
   4              		.eabi_attribute 27, 1
   5              		.eabi_attribute 28, 1
   6              		.eabi_attribute 20, 1
   7              		.eabi_attribute 21, 1
   8              		.eabi_attribute 23, 3
   9              		.eabi_attribute 24, 1
  10              		.eabi_attribute 25, 1
  11              		.eabi_attribute 26, 1
  12              		.eabi_attribute 30, 6
  13              		.eabi_attribute 34, 1
  14              		.eabi_attribute 18, 4
  15              		.file	"open_loop.c"
  16              		.text
  17              	.Ltext0:
  18              		.cfi_sections	.debug_frame
  19              		.section	.rodata.OFFSET_TAB_CCMRx,"a"
  20              		.align	2
  23              	OFFSET_TAB_CCMRx:
  24 0000 00000000 		.ascii	"\000\000\000\000\004\004\004<<"
  24      0404043C 
  24      3C
  25              		.section	.rodata.SHIFT_TAB_OCxx,"a"
  26              		.align	2
  29              	SHIFT_TAB_OCxx:
  30 0000 00000800 		.ascii	"\000\000\010\000\000\000\010\000\010"
  30      00000800 
  30      08
  31              		.section	.rodata.SHIFT_TAB_ICxx,"a"
  32              		.align	2
  35              	SHIFT_TAB_ICxx:
  36 0000 00000800 		.ascii	"\000\000\010\000\000\000\010\000\000"
  36      00000800 
  36      00
  37              		.section	.rodata.SHIFT_TAB_CCxP,"a"
  38              		.align	2
  41              	SHIFT_TAB_CCxP:
  42 0000 00020406 		.ascii	"\000\002\004\006\010\012\014\020\024"
  42      080A0C10 
  42      14
  43              		.section	.rodata.SHIFT_TAB_OISx,"a"
  44              		.align	2
  47              	SHIFT_TAB_OISx:
  48 0000 00010203 		.ascii	"\000\001\002\003\004\005\006\010\012"
  48      04050608 
  48      0A
  49              		.section	.rodata.CHANNEL_OFFSET_TAB,"a"
  50              		.align	2
  53              	CHANNEL_OFFSET_TAB:
  54 0000 081C3044 		.ascii	"\010\0340DXl\200"
  54      586C80
  55              		.section	.text.OL_Init,"ax",%progbits
  56              		.align	1
  57              		.weak	OL_Init
  58              		.syntax unified
ARM GAS  C:\Users\ep_ygh\AppData\Local\Temp\cccYPchz.s 			page 2


  59              		.thumb
  60              		.thumb_func
  62              	OL_Init:
  63              	.LFB1088:
  64              		.file 1 "MCSDK_v6.2.1-Full/MotorControl/MCSDK/MCLib/Any/Src/open_loop.c"
   1:MCSDK_v6.2.1-Full/MotorControl/MCSDK/MCLib/Any/Src/open_loop.c **** /**
   2:MCSDK_v6.2.1-Full/MotorControl/MCSDK/MCLib/Any/Src/open_loop.c ****   ******************************************************************************
   3:MCSDK_v6.2.1-Full/MotorControl/MCSDK/MCLib/Any/Src/open_loop.c ****   * @file    open_loop.c
   4:MCSDK_v6.2.1-Full/MotorControl/MCSDK/MCLib/Any/Src/open_loop.c ****   * @author  Motor Control SDK Team, ST Microelectronics
   5:MCSDK_v6.2.1-Full/MotorControl/MCSDK/MCLib/Any/Src/open_loop.c ****   * @brief   This file provides firmware functions that implement the features
   6:MCSDK_v6.2.1-Full/MotorControl/MCSDK/MCLib/Any/Src/open_loop.c ****   *          of the Open Loop component.
   7:MCSDK_v6.2.1-Full/MotorControl/MCSDK/MCLib/Any/Src/open_loop.c ****   *
   8:MCSDK_v6.2.1-Full/MotorControl/MCSDK/MCLib/Any/Src/open_loop.c ****   ******************************************************************************
   9:MCSDK_v6.2.1-Full/MotorControl/MCSDK/MCLib/Any/Src/open_loop.c ****   * @attention
  10:MCSDK_v6.2.1-Full/MotorControl/MCSDK/MCLib/Any/Src/open_loop.c ****   *
  11:MCSDK_v6.2.1-Full/MotorControl/MCSDK/MCLib/Any/Src/open_loop.c ****   * <h2><center>&copy; Copyright (c) 2023 STMicroelectronics.
  12:MCSDK_v6.2.1-Full/MotorControl/MCSDK/MCLib/Any/Src/open_loop.c ****   * All rights reserved.</center></h2>
  13:MCSDK_v6.2.1-Full/MotorControl/MCSDK/MCLib/Any/Src/open_loop.c ****   *
  14:MCSDK_v6.2.1-Full/MotorControl/MCSDK/MCLib/Any/Src/open_loop.c ****   * This software component is licensed by ST under Ultimate Liberty license
  15:MCSDK_v6.2.1-Full/MotorControl/MCSDK/MCLib/Any/Src/open_loop.c ****   * SLA0044, the "License"; You may not use this file except in compliance with
  16:MCSDK_v6.2.1-Full/MotorControl/MCSDK/MCLib/Any/Src/open_loop.c ****   * the License. You may obtain a copy of the License at:
  17:MCSDK_v6.2.1-Full/MotorControl/MCSDK/MCLib/Any/Src/open_loop.c ****   *                             www.st.com/SLA0044
  18:MCSDK_v6.2.1-Full/MotorControl/MCSDK/MCLib/Any/Src/open_loop.c ****   *
  19:MCSDK_v6.2.1-Full/MotorControl/MCSDK/MCLib/Any/Src/open_loop.c ****   ******************************************************************************
  20:MCSDK_v6.2.1-Full/MotorControl/MCSDK/MCLib/Any/Src/open_loop.c ****   * @ingroup OpenLoop
  21:MCSDK_v6.2.1-Full/MotorControl/MCSDK/MCLib/Any/Src/open_loop.c ****   */
  22:MCSDK_v6.2.1-Full/MotorControl/MCSDK/MCLib/Any/Src/open_loop.c ****   
  23:MCSDK_v6.2.1-Full/MotorControl/MCSDK/MCLib/Any/Src/open_loop.c **** /* Includes ------------------------------------------------------------------*/
  24:MCSDK_v6.2.1-Full/MotorControl/MCSDK/MCLib/Any/Src/open_loop.c **** #include "open_loop.h"
  25:MCSDK_v6.2.1-Full/MotorControl/MCSDK/MCLib/Any/Src/open_loop.c **** 
  26:MCSDK_v6.2.1-Full/MotorControl/MCSDK/MCLib/Any/Src/open_loop.c **** /** @addtogroup MCSDK
  27:MCSDK_v6.2.1-Full/MotorControl/MCSDK/MCLib/Any/Src/open_loop.c ****   * @{
  28:MCSDK_v6.2.1-Full/MotorControl/MCSDK/MCLib/Any/Src/open_loop.c ****   */
  29:MCSDK_v6.2.1-Full/MotorControl/MCSDK/MCLib/Any/Src/open_loop.c **** 
  30:MCSDK_v6.2.1-Full/MotorControl/MCSDK/MCLib/Any/Src/open_loop.c **** /** @defgroup OpenLoop Open Loop Control
  31:MCSDK_v6.2.1-Full/MotorControl/MCSDK/MCLib/Any/Src/open_loop.c ****   * @brief Open Loop component of the Motor Control SDK
  32:MCSDK_v6.2.1-Full/MotorControl/MCSDK/MCLib/Any/Src/open_loop.c ****   *
  33:MCSDK_v6.2.1-Full/MotorControl/MCSDK/MCLib/Any/Src/open_loop.c ****   * Open Loop component allows to run the motor in open loop voltage mode. In that mode, the phase 
  34:MCSDK_v6.2.1-Full/MotorControl/MCSDK/MCLib/Any/Src/open_loop.c ****   * forced independently from the measured currents. To do so, the routine OL_VqdConditioning() ove
  35:MCSDK_v6.2.1-Full/MotorControl/MCSDK/MCLib/Any/Src/open_loop.c ****   * voltage command Vdq in the FOC current controller task. The voltage level to apply can be set d
  36:MCSDK_v6.2.1-Full/MotorControl/MCSDK/MCLib/Any/Src/open_loop.c ****   * user, with OL_UpdateVoltage(), or computed by OL_Calc() if the V/F mode is selected. In that mo
  37:MCSDK_v6.2.1-Full/MotorControl/MCSDK/MCLib/Any/Src/open_loop.c ****   * level depends on the speed, the slope and the offset selected by the user. 
  38:MCSDK_v6.2.1-Full/MotorControl/MCSDK/MCLib/Any/Src/open_loop.c ****   *
  39:MCSDK_v6.2.1-Full/MotorControl/MCSDK/MCLib/Any/Src/open_loop.c ****   * @{
  40:MCSDK_v6.2.1-Full/MotorControl/MCSDK/MCLib/Any/Src/open_loop.c ****   */
  41:MCSDK_v6.2.1-Full/MotorControl/MCSDK/MCLib/Any/Src/open_loop.c **** 
  42:MCSDK_v6.2.1-Full/MotorControl/MCSDK/MCLib/Any/Src/open_loop.c **** /* Private defines -----------------------------------------------------------*/
  43:MCSDK_v6.2.1-Full/MotorControl/MCSDK/MCLib/Any/Src/open_loop.c **** 
  44:MCSDK_v6.2.1-Full/MotorControl/MCSDK/MCLib/Any/Src/open_loop.c **** /**
  45:MCSDK_v6.2.1-Full/MotorControl/MCSDK/MCLib/Any/Src/open_loop.c ****   * @brief  Initializes OpenLoop variables.it should be called 
  46:MCSDK_v6.2.1-Full/MotorControl/MCSDK/MCLib/Any/Src/open_loop.c ****   *         once during Motor Control initialization.
  47:MCSDK_v6.2.1-Full/MotorControl/MCSDK/MCLib/Any/Src/open_loop.c ****   * @param  pHandle: Pointer on Handle structure of OpenLoop feature.
  48:MCSDK_v6.2.1-Full/MotorControl/MCSDK/MCLib/Any/Src/open_loop.c ****   * @param  pVSS: Pointer on virtual speed sensor structure.
  49:MCSDK_v6.2.1-Full/MotorControl/MCSDK/MCLib/Any/Src/open_loop.c ****   */
  50:MCSDK_v6.2.1-Full/MotorControl/MCSDK/MCLib/Any/Src/open_loop.c **** __weak void OL_Init(OpenLoop_Handle_t *pHandle, VirtualSpeedSensor_Handle_t *pVSS)
  51:MCSDK_v6.2.1-Full/MotorControl/MCSDK/MCLib/Any/Src/open_loop.c **** {
  65              		.loc 1 51 1
ARM GAS  C:\Users\ep_ygh\AppData\Local\Temp\cccYPchz.s 			page 3


  66              		.cfi_startproc
  67              		@ args = 0, pretend = 0, frame = 8
  68              		@ frame_needed = 1, uses_anonymous_args = 0
  69              		@ link register save eliminated.
  70 0000 80B4     		push	{r7}
  71              	.LCFI0:
  72              		.cfi_def_cfa_offset 4
  73              		.cfi_offset 7, -4
  74 0002 83B0     		sub	sp, sp, #12
  75              	.LCFI1:
  76              		.cfi_def_cfa_offset 16
  77 0004 00AF     		add	r7, sp, #0
  78              	.LCFI2:
  79              		.cfi_def_cfa_register 7
  80 0006 7860     		str	r0, [r7, #4]
  81 0008 3960     		str	r1, [r7]
  52:MCSDK_v6.2.1-Full/MotorControl/MCSDK/MCLib/Any/Src/open_loop.c **** #ifdef NULL_PTR_CHECK_OPEN_LOOP
  53:MCSDK_v6.2.1-Full/MotorControl/MCSDK/MCLib/Any/Src/open_loop.c ****   if (MC_NULL == pHandle)
  54:MCSDK_v6.2.1-Full/MotorControl/MCSDK/MCLib/Any/Src/open_loop.c ****   {
  55:MCSDK_v6.2.1-Full/MotorControl/MCSDK/MCLib/Any/Src/open_loop.c ****     /* Nothing to do */
  56:MCSDK_v6.2.1-Full/MotorControl/MCSDK/MCLib/Any/Src/open_loop.c ****   }
  57:MCSDK_v6.2.1-Full/MotorControl/MCSDK/MCLib/Any/Src/open_loop.c ****   else
  58:MCSDK_v6.2.1-Full/MotorControl/MCSDK/MCLib/Any/Src/open_loop.c ****   {
  59:MCSDK_v6.2.1-Full/MotorControl/MCSDK/MCLib/Any/Src/open_loop.c **** #endif
  60:MCSDK_v6.2.1-Full/MotorControl/MCSDK/MCLib/Any/Src/open_loop.c ****     pHandle->hVoltage = pHandle->hDefaultVoltage;
  82              		.loc 1 60 32
  83 000a 7B68     		ldr	r3, [r7, #4]
  84 000c B3F90020 		ldrsh	r2, [r3]
  85              		.loc 1 60 23
  86 0010 7B68     		ldr	r3, [r7, #4]
  87 0012 1A81     		strh	r2, [r3, #8]	@ movhi
  61:MCSDK_v6.2.1-Full/MotorControl/MCSDK/MCLib/Any/Src/open_loop.c ****     pHandle->pVSS = pVSS;
  88              		.loc 1 61 19
  89 0014 7B68     		ldr	r3, [r7, #4]
  90 0016 3A68     		ldr	r2, [r7]
  91 0018 DA60     		str	r2, [r3, #12]
  62:MCSDK_v6.2.1-Full/MotorControl/MCSDK/MCLib/Any/Src/open_loop.c **** #ifdef NULL_PTR_CHECK_OPEN_LOOP
  63:MCSDK_v6.2.1-Full/MotorControl/MCSDK/MCLib/Any/Src/open_loop.c ****   }
  64:MCSDK_v6.2.1-Full/MotorControl/MCSDK/MCLib/Any/Src/open_loop.c **** #endif
  65:MCSDK_v6.2.1-Full/MotorControl/MCSDK/MCLib/Any/Src/open_loop.c **** }
  92              		.loc 1 65 1
  93 001a 00BF     		nop
  94 001c 0C37     		adds	r7, r7, #12
  95              	.LCFI3:
  96              		.cfi_def_cfa_offset 4
  97 001e BD46     		mov	sp, r7
  98              	.LCFI4:
  99              		.cfi_def_cfa_register 13
 100              		@ sp needed
 101 0020 5DF8047B 		ldr	r7, [sp], #4
 102              	.LCFI5:
 103              		.cfi_restore 7
 104              		.cfi_def_cfa_offset 0
 105 0024 7047     		bx	lr
 106              		.cfi_endproc
 107              	.LFE1088:
 109              		.section	.text.OL_VqdConditioning,"ax",%progbits
ARM GAS  C:\Users\ep_ygh\AppData\Local\Temp\cccYPchz.s 			page 4


 110              		.align	1
 111              		.weak	OL_VqdConditioning
 112              		.syntax unified
 113              		.thumb
 114              		.thumb_func
 116              	OL_VqdConditioning:
 117              	.LFB1089:
  66:MCSDK_v6.2.1-Full/MotorControl/MCSDK/MCLib/Any/Src/open_loop.c **** 
  67:MCSDK_v6.2.1-Full/MotorControl/MCSDK/MCLib/Any/Src/open_loop.c **** /**
  68:MCSDK_v6.2.1-Full/MotorControl/MCSDK/MCLib/Any/Src/open_loop.c ****   * @brief  Sets Vqd according to open loop phase voltage. It should be 
  69:MCSDK_v6.2.1-Full/MotorControl/MCSDK/MCLib/Any/Src/open_loop.c ****   *         called during current controller task.
  70:MCSDK_v6.2.1-Full/MotorControl/MCSDK/MCLib/Any/Src/open_loop.c ****   * @param  pHandle: Pointer on Handle structure of OpenLoop feature.
  71:MCSDK_v6.2.1-Full/MotorControl/MCSDK/MCLib/Any/Src/open_loop.c ****   * @retval qd_t Vqd conditioned values.
  72:MCSDK_v6.2.1-Full/MotorControl/MCSDK/MCLib/Any/Src/open_loop.c ****   */
  73:MCSDK_v6.2.1-Full/MotorControl/MCSDK/MCLib/Any/Src/open_loop.c **** __weak qd_t OL_VqdConditioning(const OpenLoop_Handle_t *pHandle)
  74:MCSDK_v6.2.1-Full/MotorControl/MCSDK/MCLib/Any/Src/open_loop.c **** {
 118              		.loc 1 74 1
 119              		.cfi_startproc
 120              		@ args = 0, pretend = 0, frame = 16
 121              		@ frame_needed = 1, uses_anonymous_args = 0
 122              		@ link register save eliminated.
 123 0000 80B4     		push	{r7}
 124              	.LCFI6:
 125              		.cfi_def_cfa_offset 4
 126              		.cfi_offset 7, -4
 127 0002 85B0     		sub	sp, sp, #20
 128              	.LCFI7:
 129              		.cfi_def_cfa_offset 24
 130 0004 00AF     		add	r7, sp, #0
 131              	.LCFI8:
 132              		.cfi_def_cfa_register 7
 133 0006 7860     		str	r0, [r7, #4]
  75:MCSDK_v6.2.1-Full/MotorControl/MCSDK/MCLib/Any/Src/open_loop.c ****   qd_t Vqd;
  76:MCSDK_v6.2.1-Full/MotorControl/MCSDK/MCLib/Any/Src/open_loop.c ****   Vqd.d = 0;
 134              		.loc 1 76 9
 135 0008 0023     		movs	r3, #0
 136 000a 7B81     		strh	r3, [r7, #10]	@ movhi
  77:MCSDK_v6.2.1-Full/MotorControl/MCSDK/MCLib/Any/Src/open_loop.c **** #ifdef NULL_PTR_CHECK_OPEN_LOOP
  78:MCSDK_v6.2.1-Full/MotorControl/MCSDK/MCLib/Any/Src/open_loop.c ****   Vqd.q = ((MC_NULL == pHandle) ? 0 : pHandle->hVoltage);
  79:MCSDK_v6.2.1-Full/MotorControl/MCSDK/MCLib/Any/Src/open_loop.c **** #else
  80:MCSDK_v6.2.1-Full/MotorControl/MCSDK/MCLib/Any/Src/open_loop.c ****   Vqd.q = (pHandle->hVoltage);
 137              		.loc 1 80 19
 138 000c 7B68     		ldr	r3, [r7, #4]
 139 000e B3F90830 		ldrsh	r3, [r3, #8]
 140              		.loc 1 80 9
 141 0012 3B81     		strh	r3, [r7, #8]	@ movhi
  81:MCSDK_v6.2.1-Full/MotorControl/MCSDK/MCLib/Any/Src/open_loop.c **** #endif
  82:MCSDK_v6.2.1-Full/MotorControl/MCSDK/MCLib/Any/Src/open_loop.c ****   return (Vqd);
 142              		.loc 1 82 10
 143 0014 BB68     		ldr	r3, [r7, #8]
 144 0016 FB60     		str	r3, [r7, #12]
 145 0018 0023     		movs	r3, #0
 146 001a BA89     		ldrh	r2, [r7, #12]
 147 001c 62F30F03 		bfi	r3, r2, #0, #16
 148 0020 FA89     		ldrh	r2, [r7, #14]
 149 0022 62F31F43 		bfi	r3, r2, #16, #16
  83:MCSDK_v6.2.1-Full/MotorControl/MCSDK/MCLib/Any/Src/open_loop.c **** }
ARM GAS  C:\Users\ep_ygh\AppData\Local\Temp\cccYPchz.s 			page 5


 150              		.loc 1 83 1
 151 0026 1846     		mov	r0, r3
 152 0028 1437     		adds	r7, r7, #20
 153              	.LCFI9:
 154              		.cfi_def_cfa_offset 4
 155 002a BD46     		mov	sp, r7
 156              	.LCFI10:
 157              		.cfi_def_cfa_register 13
 158              		@ sp needed
 159 002c 5DF8047B 		ldr	r7, [sp], #4
 160              	.LCFI11:
 161              		.cfi_restore 7
 162              		.cfi_def_cfa_offset 0
 163 0030 7047     		bx	lr
 164              		.cfi_endproc
 165              	.LFE1089:
 167              		.section	.text.OL_UpdateVoltage,"ax",%progbits
 168              		.align	1
 169              		.weak	OL_UpdateVoltage
 170              		.syntax unified
 171              		.thumb
 172              		.thumb_func
 174              	OL_UpdateVoltage:
 175              	.LFB1090:
  84:MCSDK_v6.2.1-Full/MotorControl/MCSDK/MCLib/Any/Src/open_loop.c **** 
  85:MCSDK_v6.2.1-Full/MotorControl/MCSDK/MCLib/Any/Src/open_loop.c **** /**
  86:MCSDK_v6.2.1-Full/MotorControl/MCSDK/MCLib/Any/Src/open_loop.c ****   * @brief  Sets new open loop phase voltage.
  87:MCSDK_v6.2.1-Full/MotorControl/MCSDK/MCLib/Any/Src/open_loop.c ****   * @param  pHandle: Pointer on Handle structure of OpenLoop feature.
  88:MCSDK_v6.2.1-Full/MotorControl/MCSDK/MCLib/Any/Src/open_loop.c ****   * @param  hNewVoltage: New voltage value to apply.
  89:MCSDK_v6.2.1-Full/MotorControl/MCSDK/MCLib/Any/Src/open_loop.c ****   */
  90:MCSDK_v6.2.1-Full/MotorControl/MCSDK/MCLib/Any/Src/open_loop.c **** __weak void OL_UpdateVoltage(OpenLoop_Handle_t *pHandle, int16_t hNewVoltage)
  91:MCSDK_v6.2.1-Full/MotorControl/MCSDK/MCLib/Any/Src/open_loop.c **** {
 176              		.loc 1 91 1
 177              		.cfi_startproc
 178              		@ args = 0, pretend = 0, frame = 8
 179              		@ frame_needed = 1, uses_anonymous_args = 0
 180              		@ link register save eliminated.
 181 0000 80B4     		push	{r7}
 182              	.LCFI12:
 183              		.cfi_def_cfa_offset 4
 184              		.cfi_offset 7, -4
 185 0002 83B0     		sub	sp, sp, #12
 186              	.LCFI13:
 187              		.cfi_def_cfa_offset 16
 188 0004 00AF     		add	r7, sp, #0
 189              	.LCFI14:
 190              		.cfi_def_cfa_register 7
 191 0006 7860     		str	r0, [r7, #4]
 192 0008 0B46     		mov	r3, r1
 193 000a 7B80     		strh	r3, [r7, #2]	@ movhi
  92:MCSDK_v6.2.1-Full/MotorControl/MCSDK/MCLib/Any/Src/open_loop.c **** #ifdef NULL_PTR_CHECK_OPEN_LOOP
  93:MCSDK_v6.2.1-Full/MotorControl/MCSDK/MCLib/Any/Src/open_loop.c ****   if (MC_NULL == pHandle)
  94:MCSDK_v6.2.1-Full/MotorControl/MCSDK/MCLib/Any/Src/open_loop.c ****   {
  95:MCSDK_v6.2.1-Full/MotorControl/MCSDK/MCLib/Any/Src/open_loop.c ****     /* Nothing to do */
  96:MCSDK_v6.2.1-Full/MotorControl/MCSDK/MCLib/Any/Src/open_loop.c ****   }
  97:MCSDK_v6.2.1-Full/MotorControl/MCSDK/MCLib/Any/Src/open_loop.c ****   else
  98:MCSDK_v6.2.1-Full/MotorControl/MCSDK/MCLib/Any/Src/open_loop.c ****   {
ARM GAS  C:\Users\ep_ygh\AppData\Local\Temp\cccYPchz.s 			page 6


  99:MCSDK_v6.2.1-Full/MotorControl/MCSDK/MCLib/Any/Src/open_loop.c **** #endif
 100:MCSDK_v6.2.1-Full/MotorControl/MCSDK/MCLib/Any/Src/open_loop.c ****     pHandle->hVoltage = hNewVoltage;
 194              		.loc 1 100 23
 195 000c 7B68     		ldr	r3, [r7, #4]
 196 000e 7A88     		ldrh	r2, [r7, #2]	@ movhi
 197 0010 1A81     		strh	r2, [r3, #8]	@ movhi
 101:MCSDK_v6.2.1-Full/MotorControl/MCSDK/MCLib/Any/Src/open_loop.c **** #ifdef NULL_PTR_CHECK_OPEN_LOOP
 102:MCSDK_v6.2.1-Full/MotorControl/MCSDK/MCLib/Any/Src/open_loop.c ****   }
 103:MCSDK_v6.2.1-Full/MotorControl/MCSDK/MCLib/Any/Src/open_loop.c **** #endif
 104:MCSDK_v6.2.1-Full/MotorControl/MCSDK/MCLib/Any/Src/open_loop.c **** }
 198              		.loc 1 104 1
 199 0012 00BF     		nop
 200 0014 0C37     		adds	r7, r7, #12
 201              	.LCFI15:
 202              		.cfi_def_cfa_offset 4
 203 0016 BD46     		mov	sp, r7
 204              	.LCFI16:
 205              		.cfi_def_cfa_register 13
 206              		@ sp needed
 207 0018 5DF8047B 		ldr	r7, [sp], #4
 208              	.LCFI17:
 209              		.cfi_restore 7
 210              		.cfi_def_cfa_offset 0
 211 001c 7047     		bx	lr
 212              		.cfi_endproc
 213              	.LFE1090:
 215              		.section	.text.OL_GetVoltage,"ax",%progbits
 216              		.align	1
 217              		.weak	OL_GetVoltage
 218              		.syntax unified
 219              		.thumb
 220              		.thumb_func
 222              	OL_GetVoltage:
 223              	.LFB1091:
 105:MCSDK_v6.2.1-Full/MotorControl/MCSDK/MCLib/Any/Src/open_loop.c **** 
 106:MCSDK_v6.2.1-Full/MotorControl/MCSDK/MCLib/Any/Src/open_loop.c **** /**
 107:MCSDK_v6.2.1-Full/MotorControl/MCSDK/MCLib/Any/Src/open_loop.c ****   * @brief  Gets open loop phase voltage.
 108:MCSDK_v6.2.1-Full/MotorControl/MCSDK/MCLib/Any/Src/open_loop.c ****   * @param  pHandle: Pointer on Handle structure of OpenLoop feature.
 109:MCSDK_v6.2.1-Full/MotorControl/MCSDK/MCLib/Any/Src/open_loop.c ****   */
 110:MCSDK_v6.2.1-Full/MotorControl/MCSDK/MCLib/Any/Src/open_loop.c **** __weak int16_t OL_GetVoltage(OpenLoop_Handle_t *pHandle) //cstat !MISRAC2012-Rule-8.13
 111:MCSDK_v6.2.1-Full/MotorControl/MCSDK/MCLib/Any/Src/open_loop.c **** {
 224              		.loc 1 111 1
 225              		.cfi_startproc
 226              		@ args = 0, pretend = 0, frame = 16
 227              		@ frame_needed = 1, uses_anonymous_args = 0
 228              		@ link register save eliminated.
 229 0000 80B4     		push	{r7}
 230              	.LCFI18:
 231              		.cfi_def_cfa_offset 4
 232              		.cfi_offset 7, -4
 233 0002 85B0     		sub	sp, sp, #20
 234              	.LCFI19:
 235              		.cfi_def_cfa_offset 24
 236 0004 00AF     		add	r7, sp, #0
 237              	.LCFI20:
 238              		.cfi_def_cfa_register 7
 239 0006 7860     		str	r0, [r7, #4]
ARM GAS  C:\Users\ep_ygh\AppData\Local\Temp\cccYPchz.s 			page 7


 112:MCSDK_v6.2.1-Full/MotorControl/MCSDK/MCLib/Any/Src/open_loop.c ****   int16_t hVoltage;
 113:MCSDK_v6.2.1-Full/MotorControl/MCSDK/MCLib/Any/Src/open_loop.c **** #ifdef NULL_PTR_CHECK_OPEN_LOOP
 114:MCSDK_v6.2.1-Full/MotorControl/MCSDK/MCLib/Any/Src/open_loop.c ****   hVoltage = ((MC_NULL == pHandle) ? 0 : pHandle->hVoltage);
 115:MCSDK_v6.2.1-Full/MotorControl/MCSDK/MCLib/Any/Src/open_loop.c **** #else
 116:MCSDK_v6.2.1-Full/MotorControl/MCSDK/MCLib/Any/Src/open_loop.c ****   hVoltage = pHandle->hVoltage;
 240              		.loc 1 116 12
 241 0008 7B68     		ldr	r3, [r7, #4]
 242 000a 1B89     		ldrh	r3, [r3, #8]	@ movhi
 243 000c FB81     		strh	r3, [r7, #14]	@ movhi
 117:MCSDK_v6.2.1-Full/MotorControl/MCSDK/MCLib/Any/Src/open_loop.c **** #endif
 118:MCSDK_v6.2.1-Full/MotorControl/MCSDK/MCLib/Any/Src/open_loop.c ****   return (hVoltage);
 244              		.loc 1 118 10
 245 000e B7F90E30 		ldrsh	r3, [r7, #14]
 119:MCSDK_v6.2.1-Full/MotorControl/MCSDK/MCLib/Any/Src/open_loop.c **** }
 246              		.loc 1 119 1
 247 0012 1846     		mov	r0, r3
 248 0014 1437     		adds	r7, r7, #20
 249              	.LCFI21:
 250              		.cfi_def_cfa_offset 4
 251 0016 BD46     		mov	sp, r7
 252              	.LCFI22:
 253              		.cfi_def_cfa_register 13
 254              		@ sp needed
 255 0018 5DF8047B 		ldr	r7, [sp], #4
 256              	.LCFI23:
 257              		.cfi_restore 7
 258              		.cfi_def_cfa_offset 0
 259 001c 7047     		bx	lr
 260              		.cfi_endproc
 261              	.LFE1091:
 263              		.section	.text.OL_Calc,"ax",%progbits
 264              		.align	1
 265              		.weak	OL_Calc
 266              		.syntax unified
 267              		.thumb
 268              		.thumb_func
 270              	OL_Calc:
 271              	.LFB1092:
 120:MCSDK_v6.2.1-Full/MotorControl/MCSDK/MCLib/Any/Src/open_loop.c **** 
 121:MCSDK_v6.2.1-Full/MotorControl/MCSDK/MCLib/Any/Src/open_loop.c **** /**
 122:MCSDK_v6.2.1-Full/MotorControl/MCSDK/MCLib/Any/Src/open_loop.c ****   * @brief  Computes phase voltage to apply according to average mechanical speed (V/F Mode).
 123:MCSDK_v6.2.1-Full/MotorControl/MCSDK/MCLib/Any/Src/open_loop.c ****   *         It should be called during background task.
 124:MCSDK_v6.2.1-Full/MotorControl/MCSDK/MCLib/Any/Src/open_loop.c ****   * @param  pHandle: Pointer on Handle structure of OpenLoop feature.
 125:MCSDK_v6.2.1-Full/MotorControl/MCSDK/MCLib/Any/Src/open_loop.c ****   */
 126:MCSDK_v6.2.1-Full/MotorControl/MCSDK/MCLib/Any/Src/open_loop.c **** __weak void OL_Calc(OpenLoop_Handle_t *pHandle)
 127:MCSDK_v6.2.1-Full/MotorControl/MCSDK/MCLib/Any/Src/open_loop.c **** {
 272              		.loc 1 127 1
 273              		.cfi_startproc
 274              		@ args = 0, pretend = 0, frame = 8
 275              		@ frame_needed = 1, uses_anonymous_args = 0
 276              		@ link register save eliminated.
 277 0000 80B4     		push	{r7}
 278              	.LCFI24:
 279              		.cfi_def_cfa_offset 4
 280              		.cfi_offset 7, -4
 281 0002 83B0     		sub	sp, sp, #12
 282              	.LCFI25:
ARM GAS  C:\Users\ep_ygh\AppData\Local\Temp\cccYPchz.s 			page 8


 283              		.cfi_def_cfa_offset 16
 284 0004 00AF     		add	r7, sp, #0
 285              	.LCFI26:
 286              		.cfi_def_cfa_register 7
 287 0006 7860     		str	r0, [r7, #4]
 128:MCSDK_v6.2.1-Full/MotorControl/MCSDK/MCLib/Any/Src/open_loop.c **** #ifdef NULL_PTR_CHECK_OPEN_LOOP
 129:MCSDK_v6.2.1-Full/MotorControl/MCSDK/MCLib/Any/Src/open_loop.c ****   if (MC_NULL == pHandle)
 130:MCSDK_v6.2.1-Full/MotorControl/MCSDK/MCLib/Any/Src/open_loop.c ****   {
 131:MCSDK_v6.2.1-Full/MotorControl/MCSDK/MCLib/Any/Src/open_loop.c ****     /* Nothing to do */
 132:MCSDK_v6.2.1-Full/MotorControl/MCSDK/MCLib/Any/Src/open_loop.c ****   }
 133:MCSDK_v6.2.1-Full/MotorControl/MCSDK/MCLib/Any/Src/open_loop.c ****   else
 134:MCSDK_v6.2.1-Full/MotorControl/MCSDK/MCLib/Any/Src/open_loop.c ****   {
 135:MCSDK_v6.2.1-Full/MotorControl/MCSDK/MCLib/Any/Src/open_loop.c **** #endif
 136:MCSDK_v6.2.1-Full/MotorControl/MCSDK/MCLib/Any/Src/open_loop.c ****     if (true ==  pHandle->VFMode)
 288              		.loc 1 136 25
 289 0008 7B68     		ldr	r3, [r7, #4]
 290 000a 9B78     		ldrb	r3, [r3, #2]	@ zero_extendqisi2
 291              		.loc 1 136 8
 292 000c 002B     		cmp	r3, #0
 293 000e 30D0     		beq	.L10
 137:MCSDK_v6.2.1-Full/MotorControl/MCSDK/MCLib/Any/Src/open_loop.c ****     {
 138:MCSDK_v6.2.1-Full/MotorControl/MCSDK/MCLib/Any/Src/open_loop.c ****       /* V/F mode true means enabled */
 139:MCSDK_v6.2.1-Full/MotorControl/MCSDK/MCLib/Any/Src/open_loop.c ****       if (pHandle->pVSS->_Super.hAvrMecSpeedUnit >= 0)
 294              		.loc 1 139 18
 295 0010 7B68     		ldr	r3, [r7, #4]
 296 0012 DB68     		ldr	r3, [r3, #12]
 297              		.loc 1 139 32
 298 0014 B3F90C30 		ldrsh	r3, [r3, #12]
 299              		.loc 1 139 10
 300 0018 002B     		cmp	r3, #0
 301 001a 15DB     		blt	.L9
 140:MCSDK_v6.2.1-Full/MotorControl/MCSDK/MCLib/Any/Src/open_loop.c ****       {
 141:MCSDK_v6.2.1-Full/MotorControl/MCSDK/MCLib/Any/Src/open_loop.c ****         pHandle->hVoltage = pHandle->hVFOffset + (pHandle->hVFSlope * pHandle->pVSS->_Super.hAvrMec
 302              		.loc 1 141 36
 303 001c 7B68     		ldr	r3, [r7, #4]
 304 001e B3F90430 		ldrsh	r3, [r3, #4]
 305 0022 9AB2     		uxth	r2, r3
 306              		.loc 1 141 58
 307 0024 7B68     		ldr	r3, [r7, #4]
 308 0026 B3F90630 		ldrsh	r3, [r3, #6]
 309 002a 99B2     		uxth	r1, r3
 310              		.loc 1 141 78
 311 002c 7B68     		ldr	r3, [r7, #4]
 312 002e DB68     		ldr	r3, [r3, #12]
 313              		.loc 1 141 92
 314 0030 B3F90C30 		ldrsh	r3, [r3, #12]
 315 0034 9BB2     		uxth	r3, r3
 316              		.loc 1 141 69
 317 0036 11FB03F3 		smulbb	r3, r1, r3
 318 003a 9BB2     		uxth	r3, r3
 319              		.loc 1 141 48
 320 003c 1344     		add	r3, r3, r2
 321 003e 9BB2     		uxth	r3, r3
 322 0040 1AB2     		sxth	r2, r3
 323              		.loc 1 141 27
 324 0042 7B68     		ldr	r3, [r7, #4]
 325 0044 1A81     		strh	r2, [r3, #8]	@ movhi
ARM GAS  C:\Users\ep_ygh\AppData\Local\Temp\cccYPchz.s 			page 9


 142:MCSDK_v6.2.1-Full/MotorControl/MCSDK/MCLib/Any/Src/open_loop.c ****       }
 143:MCSDK_v6.2.1-Full/MotorControl/MCSDK/MCLib/Any/Src/open_loop.c ****       else
 144:MCSDK_v6.2.1-Full/MotorControl/MCSDK/MCLib/Any/Src/open_loop.c ****       {
 145:MCSDK_v6.2.1-Full/MotorControl/MCSDK/MCLib/Any/Src/open_loop.c ****         pHandle->hVoltage = pHandle->hVFOffset - (pHandle->hVFSlope * pHandle->pVSS->_Super.hAvrMec
 146:MCSDK_v6.2.1-Full/MotorControl/MCSDK/MCLib/Any/Src/open_loop.c ****       }
 147:MCSDK_v6.2.1-Full/MotorControl/MCSDK/MCLib/Any/Src/open_loop.c ****     }
 148:MCSDK_v6.2.1-Full/MotorControl/MCSDK/MCLib/Any/Src/open_loop.c ****     else
 149:MCSDK_v6.2.1-Full/MotorControl/MCSDK/MCLib/Any/Src/open_loop.c ****     {
 150:MCSDK_v6.2.1-Full/MotorControl/MCSDK/MCLib/Any/Src/open_loop.c ****       /* Nothing to do */
 151:MCSDK_v6.2.1-Full/MotorControl/MCSDK/MCLib/Any/Src/open_loop.c ****     }
 152:MCSDK_v6.2.1-Full/MotorControl/MCSDK/MCLib/Any/Src/open_loop.c **** #ifdef NULL_PTR_CHECK_OPEN_LOOP
 153:MCSDK_v6.2.1-Full/MotorControl/MCSDK/MCLib/Any/Src/open_loop.c ****   }
 154:MCSDK_v6.2.1-Full/MotorControl/MCSDK/MCLib/Any/Src/open_loop.c **** #endif
 155:MCSDK_v6.2.1-Full/MotorControl/MCSDK/MCLib/Any/Src/open_loop.c **** }
 326              		.loc 1 155 1
 327 0046 14E0     		b	.L10
 328              	.L9:
 145:MCSDK_v6.2.1-Full/MotorControl/MCSDK/MCLib/Any/Src/open_loop.c ****       }
 329              		.loc 1 145 36
 330 0048 7B68     		ldr	r3, [r7, #4]
 331 004a B3F90430 		ldrsh	r3, [r3, #4]
 332 004e 9AB2     		uxth	r2, r3
 145:MCSDK_v6.2.1-Full/MotorControl/MCSDK/MCLib/Any/Src/open_loop.c ****       }
 333              		.loc 1 145 58
 334 0050 7B68     		ldr	r3, [r7, #4]
 335 0052 B3F90630 		ldrsh	r3, [r3, #6]
 336 0056 99B2     		uxth	r1, r3
 145:MCSDK_v6.2.1-Full/MotorControl/MCSDK/MCLib/Any/Src/open_loop.c ****       }
 337              		.loc 1 145 78
 338 0058 7B68     		ldr	r3, [r7, #4]
 339 005a DB68     		ldr	r3, [r3, #12]
 145:MCSDK_v6.2.1-Full/MotorControl/MCSDK/MCLib/Any/Src/open_loop.c ****       }
 340              		.loc 1 145 92
 341 005c B3F90C30 		ldrsh	r3, [r3, #12]
 342 0060 9BB2     		uxth	r3, r3
 145:MCSDK_v6.2.1-Full/MotorControl/MCSDK/MCLib/Any/Src/open_loop.c ****       }
 343              		.loc 1 145 69
 344 0062 11FB03F3 		smulbb	r3, r1, r3
 345 0066 9BB2     		uxth	r3, r3
 145:MCSDK_v6.2.1-Full/MotorControl/MCSDK/MCLib/Any/Src/open_loop.c ****       }
 346              		.loc 1 145 48
 347 0068 D31A     		subs	r3, r2, r3
 348 006a 9BB2     		uxth	r3, r3
 349 006c 1AB2     		sxth	r2, r3
 145:MCSDK_v6.2.1-Full/MotorControl/MCSDK/MCLib/Any/Src/open_loop.c ****       }
 350              		.loc 1 145 27
 351 006e 7B68     		ldr	r3, [r7, #4]
 352 0070 1A81     		strh	r2, [r3, #8]	@ movhi
 353              	.L10:
 354              		.loc 1 155 1
 355 0072 00BF     		nop
 356 0074 0C37     		adds	r7, r7, #12
 357              	.LCFI27:
 358              		.cfi_def_cfa_offset 4
 359 0076 BD46     		mov	sp, r7
 360              	.LCFI28:
 361              		.cfi_def_cfa_register 13
ARM GAS  C:\Users\ep_ygh\AppData\Local\Temp\cccYPchz.s 			page 10


 362              		@ sp needed
 363 0078 5DF8047B 		ldr	r7, [sp], #4
 364              	.LCFI29:
 365              		.cfi_restore 7
 366              		.cfi_def_cfa_offset 0
 367 007c 7047     		bx	lr
 368              		.cfi_endproc
 369              	.LFE1092:
 371              		.section	.text.OL_VF,"ax",%progbits
 372              		.align	1
 373              		.weak	OL_VF
 374              		.syntax unified
 375              		.thumb
 376              		.thumb_func
 378              	OL_VF:
 379              	.LFB1093:
 156:MCSDK_v6.2.1-Full/MotorControl/MCSDK/MCLib/Any/Src/open_loop.c **** 
 157:MCSDK_v6.2.1-Full/MotorControl/MCSDK/MCLib/Any/Src/open_loop.c **** /**
 158:MCSDK_v6.2.1-Full/MotorControl/MCSDK/MCLib/Any/Src/open_loop.c ****   * @brief  Activates of the Voltage versus Frequency mode (V/F mode).
 159:MCSDK_v6.2.1-Full/MotorControl/MCSDK/MCLib/Any/Src/open_loop.c ****   * @param  pHandle: Pointer on Handle structure of OpenLoop feature.
 160:MCSDK_v6.2.1-Full/MotorControl/MCSDK/MCLib/Any/Src/open_loop.c ****   * @param  VFEnabling: Flag to enable the V/F mode.
 161:MCSDK_v6.2.1-Full/MotorControl/MCSDK/MCLib/Any/Src/open_loop.c ****   */
 162:MCSDK_v6.2.1-Full/MotorControl/MCSDK/MCLib/Any/Src/open_loop.c **** __weak void OL_VF(OpenLoop_Handle_t *pHandle, bool VFEnabling)
 163:MCSDK_v6.2.1-Full/MotorControl/MCSDK/MCLib/Any/Src/open_loop.c **** {
 380              		.loc 1 163 1
 381              		.cfi_startproc
 382              		@ args = 0, pretend = 0, frame = 8
 383              		@ frame_needed = 1, uses_anonymous_args = 0
 384              		@ link register save eliminated.
 385 0000 80B4     		push	{r7}
 386              	.LCFI30:
 387              		.cfi_def_cfa_offset 4
 388              		.cfi_offset 7, -4
 389 0002 83B0     		sub	sp, sp, #12
 390              	.LCFI31:
 391              		.cfi_def_cfa_offset 16
 392 0004 00AF     		add	r7, sp, #0
 393              	.LCFI32:
 394              		.cfi_def_cfa_register 7
 395 0006 7860     		str	r0, [r7, #4]
 396 0008 0B46     		mov	r3, r1
 397 000a FB70     		strb	r3, [r7, #3]
 164:MCSDK_v6.2.1-Full/MotorControl/MCSDK/MCLib/Any/Src/open_loop.c **** #ifdef NULL_PTR_CHECK_OPEN_LOOP
 165:MCSDK_v6.2.1-Full/MotorControl/MCSDK/MCLib/Any/Src/open_loop.c ****   if (MC_NULL == pHandle)
 166:MCSDK_v6.2.1-Full/MotorControl/MCSDK/MCLib/Any/Src/open_loop.c ****   {
 167:MCSDK_v6.2.1-Full/MotorControl/MCSDK/MCLib/Any/Src/open_loop.c ****     /* Nothing to do */
 168:MCSDK_v6.2.1-Full/MotorControl/MCSDK/MCLib/Any/Src/open_loop.c ****   }
 169:MCSDK_v6.2.1-Full/MotorControl/MCSDK/MCLib/Any/Src/open_loop.c ****   else
 170:MCSDK_v6.2.1-Full/MotorControl/MCSDK/MCLib/Any/Src/open_loop.c ****   {
 171:MCSDK_v6.2.1-Full/MotorControl/MCSDK/MCLib/Any/Src/open_loop.c **** #endif
 172:MCSDK_v6.2.1-Full/MotorControl/MCSDK/MCLib/Any/Src/open_loop.c ****     pHandle->VFMode = VFEnabling;
 398              		.loc 1 172 21
 399 000c 7B68     		ldr	r3, [r7, #4]
 400 000e FA78     		ldrb	r2, [r7, #3]
 401 0010 9A70     		strb	r2, [r3, #2]
 173:MCSDK_v6.2.1-Full/MotorControl/MCSDK/MCLib/Any/Src/open_loop.c **** #ifdef NULL_PTR_CHECK_OPEN_LOOP
 174:MCSDK_v6.2.1-Full/MotorControl/MCSDK/MCLib/Any/Src/open_loop.c ****   }
ARM GAS  C:\Users\ep_ygh\AppData\Local\Temp\cccYPchz.s 			page 11


 175:MCSDK_v6.2.1-Full/MotorControl/MCSDK/MCLib/Any/Src/open_loop.c **** #endif
 176:MCSDK_v6.2.1-Full/MotorControl/MCSDK/MCLib/Any/Src/open_loop.c **** }
 402              		.loc 1 176 1
 403 0012 00BF     		nop
 404 0014 0C37     		adds	r7, r7, #12
 405              	.LCFI33:
 406              		.cfi_def_cfa_offset 4
 407 0016 BD46     		mov	sp, r7
 408              	.LCFI34:
 409              		.cfi_def_cfa_register 13
 410              		@ sp needed
 411 0018 5DF8047B 		ldr	r7, [sp], #4
 412              	.LCFI35:
 413              		.cfi_restore 7
 414              		.cfi_def_cfa_offset 0
 415 001c 7047     		bx	lr
 416              		.cfi_endproc
 417              	.LFE1093:
 419              		.text
 420              	.Letext0:
 421              		.file 2 "c:\\programdata\\chocolatey\\lib\\gcc-arm-embedded\\tools\\gcc-arm-none-eabi-10.3-2021.10
 422              		.file 3 "c:\\programdata\\chocolatey\\lib\\gcc-arm-embedded\\tools\\gcc-arm-none-eabi-10.3-2021.10
 423              		.file 4 "Drivers/STM32L4xx_HAL_Driver/Inc/stm32l4xx_ll_tim.h"
 424              		.file 5 "Drivers/STM32L4xx_HAL_Driver/Inc/stm32l4xx_ll_dma.h"
 425              		.file 6 "Inc/mc_type.h"
 426              		.file 7 "MCSDK_v6.2.1-Full/MotorControl/MCSDK/MCLib/Any/Inc/speed_pos_fdbk.h"
 427              		.file 8 "MCSDK_v6.2.1-Full/MotorControl/MCSDK/MCLib/Any/Inc/virtual_speed_sensor.h"
 428              		.file 9 "MCSDK_v6.2.1-Full/MotorControl/MCSDK/MCLib/Any/Inc/open_loop.h"
ARM GAS  C:\Users\ep_ygh\AppData\Local\Temp\cccYPchz.s 			page 12


DEFINED SYMBOLS
                            *ABS*:00000000 open_loop.c
C:\Users\ep_ygh\AppData\Local\Temp\cccYPchz.s:20     .rodata.OFFSET_TAB_CCMRx:00000000 $d
C:\Users\ep_ygh\AppData\Local\Temp\cccYPchz.s:23     .rodata.OFFSET_TAB_CCMRx:00000000 OFFSET_TAB_CCMRx
C:\Users\ep_ygh\AppData\Local\Temp\cccYPchz.s:26     .rodata.SHIFT_TAB_OCxx:00000000 $d
C:\Users\ep_ygh\AppData\Local\Temp\cccYPchz.s:29     .rodata.SHIFT_TAB_OCxx:00000000 SHIFT_TAB_OCxx
C:\Users\ep_ygh\AppData\Local\Temp\cccYPchz.s:32     .rodata.SHIFT_TAB_ICxx:00000000 $d
C:\Users\ep_ygh\AppData\Local\Temp\cccYPchz.s:35     .rodata.SHIFT_TAB_ICxx:00000000 SHIFT_TAB_ICxx
C:\Users\ep_ygh\AppData\Local\Temp\cccYPchz.s:38     .rodata.SHIFT_TAB_CCxP:00000000 $d
C:\Users\ep_ygh\AppData\Local\Temp\cccYPchz.s:41     .rodata.SHIFT_TAB_CCxP:00000000 SHIFT_TAB_CCxP
C:\Users\ep_ygh\AppData\Local\Temp\cccYPchz.s:44     .rodata.SHIFT_TAB_OISx:00000000 $d
C:\Users\ep_ygh\AppData\Local\Temp\cccYPchz.s:47     .rodata.SHIFT_TAB_OISx:00000000 SHIFT_TAB_OISx
C:\Users\ep_ygh\AppData\Local\Temp\cccYPchz.s:50     .rodata.CHANNEL_OFFSET_TAB:00000000 $d
C:\Users\ep_ygh\AppData\Local\Temp\cccYPchz.s:53     .rodata.CHANNEL_OFFSET_TAB:00000000 CHANNEL_OFFSET_TAB
C:\Users\ep_ygh\AppData\Local\Temp\cccYPchz.s:56     .text.OL_Init:00000000 $t
C:\Users\ep_ygh\AppData\Local\Temp\cccYPchz.s:62     .text.OL_Init:00000000 OL_Init
C:\Users\ep_ygh\AppData\Local\Temp\cccYPchz.s:110    .text.OL_VqdConditioning:00000000 $t
C:\Users\ep_ygh\AppData\Local\Temp\cccYPchz.s:116    .text.OL_VqdConditioning:00000000 OL_VqdConditioning
C:\Users\ep_ygh\AppData\Local\Temp\cccYPchz.s:168    .text.OL_UpdateVoltage:00000000 $t
C:\Users\ep_ygh\AppData\Local\Temp\cccYPchz.s:174    .text.OL_UpdateVoltage:00000000 OL_UpdateVoltage
C:\Users\ep_ygh\AppData\Local\Temp\cccYPchz.s:216    .text.OL_GetVoltage:00000000 $t
C:\Users\ep_ygh\AppData\Local\Temp\cccYPchz.s:222    .text.OL_GetVoltage:00000000 OL_GetVoltage
C:\Users\ep_ygh\AppData\Local\Temp\cccYPchz.s:264    .text.OL_Calc:00000000 $t
C:\Users\ep_ygh\AppData\Local\Temp\cccYPchz.s:270    .text.OL_Calc:00000000 OL_Calc
C:\Users\ep_ygh\AppData\Local\Temp\cccYPchz.s:372    .text.OL_VF:00000000 $t
C:\Users\ep_ygh\AppData\Local\Temp\cccYPchz.s:378    .text.OL_VF:00000000 OL_VF

NO UNDEFINED SYMBOLS
