ARM GAS  C:\Users\ep_ygh\AppData\Local\Temp\ccDiUGAb.s 			page 1


   1              		.cpu cortex-m4
   2              		.arch armv7e-m
   3              		.fpu fpv4-sp-d16
   4              		.eabi_attribute 27, 1
   5              		.eabi_attribute 28, 1
   6              		.eabi_attribute 20, 1
   7              		.eabi_attribute 21, 1
   8              		.eabi_attribute 23, 3
   9              		.eabi_attribute 24, 1
  10              		.eabi_attribute 25, 1
  11              		.eabi_attribute 26, 1
  12              		.eabi_attribute 30, 6
  13              		.eabi_attribute 34, 1
  14              		.eabi_attribute 18, 4
  15              		.file	"stm32l4xx_hal_timebase_tim.c"
  16              		.text
  17              	.Ltext0:
  18              		.cfi_sections	.debug_frame
  19              		.global	htim6
  20              		.section	.bss.htim6,"aw",%nobits
  21              		.align	2
  24              	htim6:
  25 0000 00000000 		.space	76
  25      00000000 
  25      00000000 
  25      00000000 
  25      00000000 
  26              		.section	.text.HAL_InitTick,"ax",%progbits
  27              		.align	1
  28              		.global	HAL_InitTick
  29              		.syntax unified
  30              		.thumb
  31              		.thumb_func
  33              	HAL_InitTick:
  34              	.LFB317:
  35              		.file 1 "Src/stm32l4xx_hal_timebase_tim.c"
   1:Src/stm32l4xx_hal_timebase_tim.c **** /* USER CODE BEGIN Header */
   2:Src/stm32l4xx_hal_timebase_tim.c **** /**
   3:Src/stm32l4xx_hal_timebase_tim.c ****   ******************************************************************************
   4:Src/stm32l4xx_hal_timebase_tim.c ****   * @file    stm32l4xx_hal_timebase_tim.c
   5:Src/stm32l4xx_hal_timebase_tim.c ****   * @brief   HAL time base based on the hardware TIM.
   6:Src/stm32l4xx_hal_timebase_tim.c ****   ******************************************************************************
   7:Src/stm32l4xx_hal_timebase_tim.c ****   * @attention
   8:Src/stm32l4xx_hal_timebase_tim.c ****   *
   9:Src/stm32l4xx_hal_timebase_tim.c ****   * Copyright (c) 2024 STMicroelectronics.
  10:Src/stm32l4xx_hal_timebase_tim.c ****   * All rights reserved.
  11:Src/stm32l4xx_hal_timebase_tim.c ****   *
  12:Src/stm32l4xx_hal_timebase_tim.c ****   * This software is licensed under terms that can be found in the LICENSE file
  13:Src/stm32l4xx_hal_timebase_tim.c ****   * in the root directory of this software component.
  14:Src/stm32l4xx_hal_timebase_tim.c ****   * If no LICENSE file comes with this software, it is provided AS-IS.
  15:Src/stm32l4xx_hal_timebase_tim.c ****   *
  16:Src/stm32l4xx_hal_timebase_tim.c ****   ******************************************************************************
  17:Src/stm32l4xx_hal_timebase_tim.c ****   */
  18:Src/stm32l4xx_hal_timebase_tim.c **** /* USER CODE END Header */
  19:Src/stm32l4xx_hal_timebase_tim.c **** 
  20:Src/stm32l4xx_hal_timebase_tim.c **** /* Includes ------------------------------------------------------------------*/
  21:Src/stm32l4xx_hal_timebase_tim.c **** #include "stm32l4xx_hal.h"
ARM GAS  C:\Users\ep_ygh\AppData\Local\Temp\ccDiUGAb.s 			page 2


  22:Src/stm32l4xx_hal_timebase_tim.c **** #include "stm32l4xx_hal_tim.h"
  23:Src/stm32l4xx_hal_timebase_tim.c **** 
  24:Src/stm32l4xx_hal_timebase_tim.c **** /* Private typedef -----------------------------------------------------------*/
  25:Src/stm32l4xx_hal_timebase_tim.c **** /* Private define ------------------------------------------------------------*/
  26:Src/stm32l4xx_hal_timebase_tim.c **** /* Private macro -------------------------------------------------------------*/
  27:Src/stm32l4xx_hal_timebase_tim.c **** /* Private variables ---------------------------------------------------------*/
  28:Src/stm32l4xx_hal_timebase_tim.c **** TIM_HandleTypeDef        htim6;
  29:Src/stm32l4xx_hal_timebase_tim.c **** /* Private function prototypes -----------------------------------------------*/
  30:Src/stm32l4xx_hal_timebase_tim.c **** /* Private functions ---------------------------------------------------------*/
  31:Src/stm32l4xx_hal_timebase_tim.c **** 
  32:Src/stm32l4xx_hal_timebase_tim.c **** /**
  33:Src/stm32l4xx_hal_timebase_tim.c ****   * @brief  This function configures the TIM6 as a time base source.
  34:Src/stm32l4xx_hal_timebase_tim.c ****   *         The time source is configured  to have 1ms time base with a dedicated
  35:Src/stm32l4xx_hal_timebase_tim.c ****   *         Tick interrupt priority.
  36:Src/stm32l4xx_hal_timebase_tim.c ****   * @note   This function is called  automatically at the beginning of program after
  37:Src/stm32l4xx_hal_timebase_tim.c ****   *         reset by HAL_Init() or at any time when clock is configured, by HAL_RCC_ClockConfig().
  38:Src/stm32l4xx_hal_timebase_tim.c ****   * @param  TickPriority: Tick interrupt priority.
  39:Src/stm32l4xx_hal_timebase_tim.c ****   * @retval HAL status
  40:Src/stm32l4xx_hal_timebase_tim.c ****   */
  41:Src/stm32l4xx_hal_timebase_tim.c **** HAL_StatusTypeDef HAL_InitTick(uint32_t TickPriority)
  42:Src/stm32l4xx_hal_timebase_tim.c **** {
  36              		.loc 1 42 1
  37              		.cfi_startproc
  38              		@ args = 0, pretend = 0, frame = 56
  39              		@ frame_needed = 1, uses_anonymous_args = 0
  40 0000 80B5     		push	{r7, lr}
  41              	.LCFI0:
  42              		.cfi_def_cfa_offset 8
  43              		.cfi_offset 7, -8
  44              		.cfi_offset 14, -4
  45 0002 8EB0     		sub	sp, sp, #56
  46              	.LCFI1:
  47              		.cfi_def_cfa_offset 64
  48 0004 00AF     		add	r7, sp, #0
  49              	.LCFI2:
  50              		.cfi_def_cfa_register 7
  51 0006 7860     		str	r0, [r7, #4]
  43:Src/stm32l4xx_hal_timebase_tim.c ****   RCC_ClkInitTypeDef    clkconfig;
  44:Src/stm32l4xx_hal_timebase_tim.c ****   uint32_t              uwTimclock, uwAPB1Prescaler;
  45:Src/stm32l4xx_hal_timebase_tim.c **** 
  46:Src/stm32l4xx_hal_timebase_tim.c ****   uint32_t              uwPrescalerValue;
  47:Src/stm32l4xx_hal_timebase_tim.c ****   uint32_t              pFLatency;
  48:Src/stm32l4xx_hal_timebase_tim.c ****   HAL_StatusTypeDef     status = HAL_OK;
  52              		.loc 1 48 25
  53 0008 0023     		movs	r3, #0
  54 000a 87F83330 		strb	r3, [r7, #51]
  55              	.LBB2:
  49:Src/stm32l4xx_hal_timebase_tim.c **** 
  50:Src/stm32l4xx_hal_timebase_tim.c ****   /* Enable TIM6 clock */
  51:Src/stm32l4xx_hal_timebase_tim.c ****   __HAL_RCC_TIM6_CLK_ENABLE();
  56              		.loc 1 51 3
  57 000e 344B     		ldr	r3, .L7
  58 0010 9B6D     		ldr	r3, [r3, #88]
  59 0012 334A     		ldr	r2, .L7
  60 0014 43F01003 		orr	r3, r3, #16
  61 0018 9365     		str	r3, [r2, #88]
  62 001a 314B     		ldr	r3, .L7
ARM GAS  C:\Users\ep_ygh\AppData\Local\Temp\ccDiUGAb.s 			page 3


  63 001c 9B6D     		ldr	r3, [r3, #88]
  64 001e 03F01003 		and	r3, r3, #16
  65 0022 FB60     		str	r3, [r7, #12]
  66 0024 FB68     		ldr	r3, [r7, #12]
  67              	.LBE2:
  52:Src/stm32l4xx_hal_timebase_tim.c ****   /* Get clock configuration */
  53:Src/stm32l4xx_hal_timebase_tim.c ****   HAL_RCC_GetClockConfig(&clkconfig, &pFLatency);
  68              		.loc 1 53 3
  69 0026 07F11002 		add	r2, r7, #16
  70 002a 07F11403 		add	r3, r7, #20
  71 002e 1146     		mov	r1, r2
  72 0030 1846     		mov	r0, r3
  73 0032 FFF7FEFF 		bl	HAL_RCC_GetClockConfig
  54:Src/stm32l4xx_hal_timebase_tim.c ****   /* Get APB1 prescaler */
  55:Src/stm32l4xx_hal_timebase_tim.c ****   uwAPB1Prescaler = clkconfig.APB1CLKDivider;
  74              		.loc 1 55 19
  75 0036 3B6A     		ldr	r3, [r7, #32]
  76 0038 FB62     		str	r3, [r7, #44]
  56:Src/stm32l4xx_hal_timebase_tim.c ****   /* Compute TIM6 clock */
  57:Src/stm32l4xx_hal_timebase_tim.c ****   if (uwAPB1Prescaler == RCC_HCLK_DIV1)
  77              		.loc 1 57 6
  78 003a FB6A     		ldr	r3, [r7, #44]
  79 003c 002B     		cmp	r3, #0
  80 003e 03D1     		bne	.L2
  58:Src/stm32l4xx_hal_timebase_tim.c ****   {
  59:Src/stm32l4xx_hal_timebase_tim.c ****     uwTimclock = HAL_RCC_GetPCLK1Freq();
  81              		.loc 1 59 18
  82 0040 FFF7FEFF 		bl	HAL_RCC_GetPCLK1Freq
  83 0044 7863     		str	r0, [r7, #52]
  84 0046 04E0     		b	.L3
  85              	.L2:
  60:Src/stm32l4xx_hal_timebase_tim.c ****   }
  61:Src/stm32l4xx_hal_timebase_tim.c ****   else
  62:Src/stm32l4xx_hal_timebase_tim.c ****   {
  63:Src/stm32l4xx_hal_timebase_tim.c ****     uwTimclock = 2UL * HAL_RCC_GetPCLK1Freq();
  86              		.loc 1 63 24
  87 0048 FFF7FEFF 		bl	HAL_RCC_GetPCLK1Freq
  88 004c 0346     		mov	r3, r0
  89              		.loc 1 63 16
  90 004e 5B00     		lsls	r3, r3, #1
  91 0050 7B63     		str	r3, [r7, #52]
  92              	.L3:
  64:Src/stm32l4xx_hal_timebase_tim.c ****   }
  65:Src/stm32l4xx_hal_timebase_tim.c **** 
  66:Src/stm32l4xx_hal_timebase_tim.c ****   /* Compute the prescaler value to have TIM6 counter clock equal to 1MHz */
  67:Src/stm32l4xx_hal_timebase_tim.c ****   uwPrescalerValue = (uint32_t) ((uwTimclock / 1000000U) - 1U);
  93              		.loc 1 67 46
  94 0052 7B6B     		ldr	r3, [r7, #52]
  95 0054 234A     		ldr	r2, .L7+4
  96 0056 A2FB0323 		umull	r2, r3, r2, r3
  97 005a 9B0C     		lsrs	r3, r3, #18
  98              		.loc 1 67 20
  99 005c 013B     		subs	r3, r3, #1
 100 005e BB62     		str	r3, [r7, #40]
  68:Src/stm32l4xx_hal_timebase_tim.c **** 
  69:Src/stm32l4xx_hal_timebase_tim.c ****   /* Initialize TIM6 */
  70:Src/stm32l4xx_hal_timebase_tim.c ****   htim6.Instance = TIM6;
ARM GAS  C:\Users\ep_ygh\AppData\Local\Temp\ccDiUGAb.s 			page 4


 101              		.loc 1 70 18
 102 0060 214B     		ldr	r3, .L7+8
 103 0062 224A     		ldr	r2, .L7+12
 104 0064 1A60     		str	r2, [r3]
  71:Src/stm32l4xx_hal_timebase_tim.c **** 
  72:Src/stm32l4xx_hal_timebase_tim.c ****   /* Initialize TIMx peripheral as follow:
  73:Src/stm32l4xx_hal_timebase_tim.c **** 
  74:Src/stm32l4xx_hal_timebase_tim.c ****   + Period = [(TIM6CLK/1000) - 1]. to have a (1/1000) s time base.
  75:Src/stm32l4xx_hal_timebase_tim.c ****   + Prescaler = (uwTimclock/1000000 - 1) to have a 1MHz counter clock.
  76:Src/stm32l4xx_hal_timebase_tim.c ****   + ClockDivision = 0
  77:Src/stm32l4xx_hal_timebase_tim.c ****   + Counter direction = Up
  78:Src/stm32l4xx_hal_timebase_tim.c ****   */
  79:Src/stm32l4xx_hal_timebase_tim.c ****   htim6.Init.Period = (1000000U / 1000U) - 1U;
 105              		.loc 1 79 21
 106 0066 204B     		ldr	r3, .L7+8
 107 0068 40F2E732 		movw	r2, #999
 108 006c DA60     		str	r2, [r3, #12]
  80:Src/stm32l4xx_hal_timebase_tim.c ****   htim6.Init.Prescaler = uwPrescalerValue;
 109              		.loc 1 80 24
 110 006e 1E4A     		ldr	r2, .L7+8
 111 0070 BB6A     		ldr	r3, [r7, #40]
 112 0072 5360     		str	r3, [r2, #4]
  81:Src/stm32l4xx_hal_timebase_tim.c ****   htim6.Init.ClockDivision = 0;
 113              		.loc 1 81 28
 114 0074 1C4B     		ldr	r3, .L7+8
 115 0076 0022     		movs	r2, #0
 116 0078 1A61     		str	r2, [r3, #16]
  82:Src/stm32l4xx_hal_timebase_tim.c ****   htim6.Init.CounterMode = TIM_COUNTERMODE_UP;
 117              		.loc 1 82 26
 118 007a 1B4B     		ldr	r3, .L7+8
 119 007c 0022     		movs	r2, #0
 120 007e 9A60     		str	r2, [r3, #8]
  83:Src/stm32l4xx_hal_timebase_tim.c ****   htim6.Init.AutoReloadPreload = TIM_AUTORELOAD_PRELOAD_DISABLE;
 121              		.loc 1 83 32
 122 0080 194B     		ldr	r3, .L7+8
 123 0082 0022     		movs	r2, #0
 124 0084 9A61     		str	r2, [r3, #24]
  84:Src/stm32l4xx_hal_timebase_tim.c **** 
  85:Src/stm32l4xx_hal_timebase_tim.c ****   status = HAL_TIM_Base_Init(&htim6);
 125              		.loc 1 85 12
 126 0086 1848     		ldr	r0, .L7+8
 127 0088 FFF7FEFF 		bl	HAL_TIM_Base_Init
 128 008c 0346     		mov	r3, r0
 129 008e 87F83330 		strb	r3, [r7, #51]
  86:Src/stm32l4xx_hal_timebase_tim.c ****   if (status == HAL_OK)
 130              		.loc 1 86 6
 131 0092 97F83330 		ldrb	r3, [r7, #51]	@ zero_extendqisi2
 132 0096 002B     		cmp	r3, #0
 133 0098 1BD1     		bne	.L4
  87:Src/stm32l4xx_hal_timebase_tim.c ****   {
  88:Src/stm32l4xx_hal_timebase_tim.c ****     /* Start the TIM time Base generation in interrupt mode */
  89:Src/stm32l4xx_hal_timebase_tim.c ****     status = HAL_TIM_Base_Start_IT(&htim6);
 134              		.loc 1 89 14
 135 009a 1348     		ldr	r0, .L7+8
 136 009c FFF7FEFF 		bl	HAL_TIM_Base_Start_IT
 137 00a0 0346     		mov	r3, r0
 138 00a2 87F83330 		strb	r3, [r7, #51]
ARM GAS  C:\Users\ep_ygh\AppData\Local\Temp\ccDiUGAb.s 			page 5


  90:Src/stm32l4xx_hal_timebase_tim.c ****     if (status == HAL_OK)
 139              		.loc 1 90 8
 140 00a6 97F83330 		ldrb	r3, [r7, #51]	@ zero_extendqisi2
 141 00aa 002B     		cmp	r3, #0
 142 00ac 11D1     		bne	.L4
  91:Src/stm32l4xx_hal_timebase_tim.c ****     {
  92:Src/stm32l4xx_hal_timebase_tim.c ****     /* Enable the TIM6 global Interrupt */
  93:Src/stm32l4xx_hal_timebase_tim.c ****         HAL_NVIC_EnableIRQ(TIM6_DAC_IRQn);
 143              		.loc 1 93 9
 144 00ae 3620     		movs	r0, #54
 145 00b0 FFF7FEFF 		bl	HAL_NVIC_EnableIRQ
  94:Src/stm32l4xx_hal_timebase_tim.c ****       /* Configure the SysTick IRQ priority */
  95:Src/stm32l4xx_hal_timebase_tim.c ****       if (TickPriority < (1UL << __NVIC_PRIO_BITS))
 146              		.loc 1 95 10
 147 00b4 7B68     		ldr	r3, [r7, #4]
 148 00b6 0F2B     		cmp	r3, #15
 149 00b8 08D8     		bhi	.L5
  96:Src/stm32l4xx_hal_timebase_tim.c ****       {
  97:Src/stm32l4xx_hal_timebase_tim.c ****         /* Configure the TIM IRQ priority */
  98:Src/stm32l4xx_hal_timebase_tim.c ****         HAL_NVIC_SetPriority(TIM6_DAC_IRQn, TickPriority, 0U);
 150              		.loc 1 98 9
 151 00ba 0022     		movs	r2, #0
 152 00bc 7968     		ldr	r1, [r7, #4]
 153 00be 3620     		movs	r0, #54
 154 00c0 FFF7FEFF 		bl	HAL_NVIC_SetPriority
  99:Src/stm32l4xx_hal_timebase_tim.c ****         uwTickPrio = TickPriority;
 155              		.loc 1 99 20
 156 00c4 0A4A     		ldr	r2, .L7+16
 157 00c6 7B68     		ldr	r3, [r7, #4]
 158 00c8 1360     		str	r3, [r2]
 159 00ca 02E0     		b	.L4
 160              	.L5:
 100:Src/stm32l4xx_hal_timebase_tim.c ****       }
 101:Src/stm32l4xx_hal_timebase_tim.c ****       else
 102:Src/stm32l4xx_hal_timebase_tim.c ****       {
 103:Src/stm32l4xx_hal_timebase_tim.c ****         status = HAL_ERROR;
 161              		.loc 1 103 16
 162 00cc 0123     		movs	r3, #1
 163 00ce 87F83330 		strb	r3, [r7, #51]
 164              	.L4:
 104:Src/stm32l4xx_hal_timebase_tim.c ****       }
 105:Src/stm32l4xx_hal_timebase_tim.c ****     }
 106:Src/stm32l4xx_hal_timebase_tim.c ****   }
 107:Src/stm32l4xx_hal_timebase_tim.c **** 
 108:Src/stm32l4xx_hal_timebase_tim.c ****  /* Return function status */
 109:Src/stm32l4xx_hal_timebase_tim.c ****   return status;
 165              		.loc 1 109 10
 166 00d2 97F83330 		ldrb	r3, [r7, #51]	@ zero_extendqisi2
 110:Src/stm32l4xx_hal_timebase_tim.c **** }
 167              		.loc 1 110 1
 168 00d6 1846     		mov	r0, r3
 169 00d8 3837     		adds	r7, r7, #56
 170              	.LCFI3:
 171              		.cfi_def_cfa_offset 8
 172 00da BD46     		mov	sp, r7
 173              	.LCFI4:
 174              		.cfi_def_cfa_register 13
ARM GAS  C:\Users\ep_ygh\AppData\Local\Temp\ccDiUGAb.s 			page 6


 175              		@ sp needed
 176 00dc 80BD     		pop	{r7, pc}
 177              	.L8:
 178 00de 00BF     		.align	2
 179              	.L7:
 180 00e0 00100240 		.word	1073876992
 181 00e4 83DE1B43 		.word	1125899907
 182 00e8 00000000 		.word	htim6
 183 00ec 00100040 		.word	1073745920
 184 00f0 00000000 		.word	uwTickPrio
 185              		.cfi_endproc
 186              	.LFE317:
 188              		.section	.text.HAL_SuspendTick,"ax",%progbits
 189              		.align	1
 190              		.global	HAL_SuspendTick
 191              		.syntax unified
 192              		.thumb
 193              		.thumb_func
 195              	HAL_SuspendTick:
 196              	.LFB318:
 111:Src/stm32l4xx_hal_timebase_tim.c **** 
 112:Src/stm32l4xx_hal_timebase_tim.c **** /**
 113:Src/stm32l4xx_hal_timebase_tim.c ****   * @brief  Suspend Tick increment.
 114:Src/stm32l4xx_hal_timebase_tim.c ****   * @note   Disable the tick increment by disabling TIM6 update interrupt.
 115:Src/stm32l4xx_hal_timebase_tim.c ****   * @param  None
 116:Src/stm32l4xx_hal_timebase_tim.c ****   * @retval None
 117:Src/stm32l4xx_hal_timebase_tim.c ****   */
 118:Src/stm32l4xx_hal_timebase_tim.c **** void HAL_SuspendTick(void)
 119:Src/stm32l4xx_hal_timebase_tim.c **** {
 197              		.loc 1 119 1
 198              		.cfi_startproc
 199              		@ args = 0, pretend = 0, frame = 0
 200              		@ frame_needed = 1, uses_anonymous_args = 0
 201              		@ link register save eliminated.
 202 0000 80B4     		push	{r7}
 203              	.LCFI5:
 204              		.cfi_def_cfa_offset 4
 205              		.cfi_offset 7, -4
 206 0002 00AF     		add	r7, sp, #0
 207              	.LCFI6:
 208              		.cfi_def_cfa_register 7
 120:Src/stm32l4xx_hal_timebase_tim.c ****   /* Disable TIM6 update Interrupt */
 121:Src/stm32l4xx_hal_timebase_tim.c ****   __HAL_TIM_DISABLE_IT(&htim6, TIM_IT_UPDATE);
 209              		.loc 1 121 3
 210 0004 064B     		ldr	r3, .L10
 211 0006 1B68     		ldr	r3, [r3]
 212 0008 DA68     		ldr	r2, [r3, #12]
 213 000a 054B     		ldr	r3, .L10
 214 000c 1B68     		ldr	r3, [r3]
 215 000e 22F00102 		bic	r2, r2, #1
 216 0012 DA60     		str	r2, [r3, #12]
 122:Src/stm32l4xx_hal_timebase_tim.c **** }
 217              		.loc 1 122 1
 218 0014 00BF     		nop
 219 0016 BD46     		mov	sp, r7
 220              	.LCFI7:
 221              		.cfi_def_cfa_register 13
ARM GAS  C:\Users\ep_ygh\AppData\Local\Temp\ccDiUGAb.s 			page 7


 222              		@ sp needed
 223 0018 5DF8047B 		ldr	r7, [sp], #4
 224              	.LCFI8:
 225              		.cfi_restore 7
 226              		.cfi_def_cfa_offset 0
 227 001c 7047     		bx	lr
 228              	.L11:
 229 001e 00BF     		.align	2
 230              	.L10:
 231 0020 00000000 		.word	htim6
 232              		.cfi_endproc
 233              	.LFE318:
 235              		.section	.text.HAL_ResumeTick,"ax",%progbits
 236              		.align	1
 237              		.global	HAL_ResumeTick
 238              		.syntax unified
 239              		.thumb
 240              		.thumb_func
 242              	HAL_ResumeTick:
 243              	.LFB319:
 123:Src/stm32l4xx_hal_timebase_tim.c **** 
 124:Src/stm32l4xx_hal_timebase_tim.c **** /**
 125:Src/stm32l4xx_hal_timebase_tim.c ****   * @brief  Resume Tick increment.
 126:Src/stm32l4xx_hal_timebase_tim.c ****   * @note   Enable the tick increment by Enabling TIM6 update interrupt.
 127:Src/stm32l4xx_hal_timebase_tim.c ****   * @param  None
 128:Src/stm32l4xx_hal_timebase_tim.c ****   * @retval None
 129:Src/stm32l4xx_hal_timebase_tim.c ****   */
 130:Src/stm32l4xx_hal_timebase_tim.c **** void HAL_ResumeTick(void)
 131:Src/stm32l4xx_hal_timebase_tim.c **** {
 244              		.loc 1 131 1
 245              		.cfi_startproc
 246              		@ args = 0, pretend = 0, frame = 0
 247              		@ frame_needed = 1, uses_anonymous_args = 0
 248              		@ link register save eliminated.
 249 0000 80B4     		push	{r7}
 250              	.LCFI9:
 251              		.cfi_def_cfa_offset 4
 252              		.cfi_offset 7, -4
 253 0002 00AF     		add	r7, sp, #0
 254              	.LCFI10:
 255              		.cfi_def_cfa_register 7
 132:Src/stm32l4xx_hal_timebase_tim.c ****   /* Enable TIM6 Update interrupt */
 133:Src/stm32l4xx_hal_timebase_tim.c ****   __HAL_TIM_ENABLE_IT(&htim6, TIM_IT_UPDATE);
 256              		.loc 1 133 3
 257 0004 064B     		ldr	r3, .L13
 258 0006 1B68     		ldr	r3, [r3]
 259 0008 DA68     		ldr	r2, [r3, #12]
 260 000a 054B     		ldr	r3, .L13
 261 000c 1B68     		ldr	r3, [r3]
 262 000e 42F00102 		orr	r2, r2, #1
 263 0012 DA60     		str	r2, [r3, #12]
 134:Src/stm32l4xx_hal_timebase_tim.c **** }
 264              		.loc 1 134 1
 265 0014 00BF     		nop
 266 0016 BD46     		mov	sp, r7
 267              	.LCFI11:
 268              		.cfi_def_cfa_register 13
ARM GAS  C:\Users\ep_ygh\AppData\Local\Temp\ccDiUGAb.s 			page 8


 269              		@ sp needed
 270 0018 5DF8047B 		ldr	r7, [sp], #4
 271              	.LCFI12:
 272              		.cfi_restore 7
 273              		.cfi_def_cfa_offset 0
 274 001c 7047     		bx	lr
 275              	.L14:
 276 001e 00BF     		.align	2
 277              	.L13:
 278 0020 00000000 		.word	htim6
 279              		.cfi_endproc
 280              	.LFE319:
 282              		.text
 283              	.Letext0:
 284              		.file 2 "c:\\programdata\\chocolatey\\lib\\gcc-arm-embedded\\tools\\gcc-arm-none-eabi-10.3-2021.10
 285              		.file 3 "c:\\programdata\\chocolatey\\lib\\gcc-arm-embedded\\tools\\gcc-arm-none-eabi-10.3-2021.10
 286              		.file 4 "Drivers/CMSIS/Device/ST/STM32L4xx/Include/stm32l476xx.h"
 287              		.file 5 "Drivers/STM32L4xx_HAL_Driver/Inc/stm32l4xx_hal_def.h"
 288              		.file 6 "Drivers/STM32L4xx_HAL_Driver/Inc/stm32l4xx_hal_rcc.h"
 289              		.file 7 "Drivers/STM32L4xx_HAL_Driver/Inc/stm32l4xx_hal_dma.h"
 290              		.file 8 "Drivers/STM32L4xx_HAL_Driver/Inc/stm32l4xx_hal_tim.h"
 291              		.file 9 "Drivers/STM32L4xx_HAL_Driver/Inc/stm32l4xx_hal.h"
ARM GAS  C:\Users\ep_ygh\AppData\Local\Temp\ccDiUGAb.s 			page 9


DEFINED SYMBOLS
                            *ABS*:00000000 stm32l4xx_hal_timebase_tim.c
C:\Users\ep_ygh\AppData\Local\Temp\ccDiUGAb.s:24     .bss.htim6:00000000 htim6
C:\Users\ep_ygh\AppData\Local\Temp\ccDiUGAb.s:21     .bss.htim6:00000000 $d
C:\Users\ep_ygh\AppData\Local\Temp\ccDiUGAb.s:27     .text.HAL_InitTick:00000000 $t
C:\Users\ep_ygh\AppData\Local\Temp\ccDiUGAb.s:33     .text.HAL_InitTick:00000000 HAL_InitTick
C:\Users\ep_ygh\AppData\Local\Temp\ccDiUGAb.s:180    .text.HAL_InitTick:000000e0 $d
C:\Users\ep_ygh\AppData\Local\Temp\ccDiUGAb.s:189    .text.HAL_SuspendTick:00000000 $t
C:\Users\ep_ygh\AppData\Local\Temp\ccDiUGAb.s:195    .text.HAL_SuspendTick:00000000 HAL_SuspendTick
C:\Users\ep_ygh\AppData\Local\Temp\ccDiUGAb.s:231    .text.HAL_SuspendTick:00000020 $d
C:\Users\ep_ygh\AppData\Local\Temp\ccDiUGAb.s:236    .text.HAL_ResumeTick:00000000 $t
C:\Users\ep_ygh\AppData\Local\Temp\ccDiUGAb.s:242    .text.HAL_ResumeTick:00000000 HAL_ResumeTick
C:\Users\ep_ygh\AppData\Local\Temp\ccDiUGAb.s:278    .text.HAL_ResumeTick:00000020 $d

UNDEFINED SYMBOLS
HAL_RCC_GetClockConfig
HAL_RCC_GetPCLK1Freq
HAL_TIM_Base_Init
HAL_TIM_Base_Start_IT
HAL_NVIC_EnableIRQ
HAL_NVIC_SetPriority
uwTickPrio
