ARM GAS  C:\Users\ep_ygh\AppData\Local\Temp\ccaK8Inn.s 			page 1


   1              		.cpu cortex-m4
   2              		.arch armv7e-m
   3              		.fpu fpv4-sp-d16
   4              		.eabi_attribute 27, 1
   5              		.eabi_attribute 28, 1
   6              		.eabi_attribute 20, 1
   7              		.eabi_attribute 21, 1
   8              		.eabi_attribute 23, 3
   9              		.eabi_attribute 24, 1
  10              		.eabi_attribute 25, 1
  11              		.eabi_attribute 26, 1
  12              		.eabi_attribute 30, 6
  13              		.eabi_attribute 34, 1
  14              		.eabi_attribute 18, 4
  15              		.file	"stm32l4xx_it.c"
  16              		.text
  17              	.Ltext0:
  18              		.cfi_sections	.debug_frame
  19              		.section	.rodata.OFFSET_TAB_CCMRx,"a"
  20              		.align	2
  23              	OFFSET_TAB_CCMRx:
  24 0000 00000000 		.ascii	"\000\000\000\000\004\004\004<<"
  24      0404043C 
  24      3C
  25              		.section	.rodata.SHIFT_TAB_OCxx,"a"
  26              		.align	2
  29              	SHIFT_TAB_OCxx:
  30 0000 00000800 		.ascii	"\000\000\010\000\000\000\010\000\010"
  30      00000800 
  30      08
  31              		.section	.rodata.SHIFT_TAB_ICxx,"a"
  32              		.align	2
  35              	SHIFT_TAB_ICxx:
  36 0000 00000800 		.ascii	"\000\000\010\000\000\000\010\000\000"
  36      00000800 
  36      00
  37              		.section	.rodata.SHIFT_TAB_CCxP,"a"
  38              		.align	2
  41              	SHIFT_TAB_CCxP:
  42 0000 00020406 		.ascii	"\000\002\004\006\010\012\014\020\024"
  42      080A0C10 
  42      14
  43              		.section	.rodata.SHIFT_TAB_OISx,"a"
  44              		.align	2
  47              	SHIFT_TAB_OISx:
  48 0000 00010203 		.ascii	"\000\001\002\003\004\005\006\010\012"
  48      04050608 
  48      0A
  49              		.section	.rodata.CHANNEL_OFFSET_TAB,"a"
  50              		.align	2
  53              	CHANNEL_OFFSET_TAB:
  54 0000 081C3044 		.ascii	"\010\0340DXl\200"
  54      586C80
  55              		.section	.text.DMA1_Channel2_IRQHandler,"ax",%progbits
  56              		.align	1
  57              		.global	DMA1_Channel2_IRQHandler
  58              		.syntax unified
ARM GAS  C:\Users\ep_ygh\AppData\Local\Temp\ccaK8Inn.s 			page 2


  59              		.thumb
  60              		.thumb_func
  62              	DMA1_Channel2_IRQHandler:
  63              	.LFB1090:
  64              		.file 1 "Src/stm32l4xx_it.c"
   1:Src/stm32l4xx_it.c **** /* USER CODE BEGIN Header */
   2:Src/stm32l4xx_it.c **** /**
   3:Src/stm32l4xx_it.c ****   ******************************************************************************
   4:Src/stm32l4xx_it.c ****   * @file    stm32l4xx_it.c
   5:Src/stm32l4xx_it.c ****   * @brief   Interrupt Service Routines.
   6:Src/stm32l4xx_it.c ****   ******************************************************************************
   7:Src/stm32l4xx_it.c ****   * @attention
   8:Src/stm32l4xx_it.c ****   *
   9:Src/stm32l4xx_it.c ****   * Copyright (c) 2024 STMicroelectronics.
  10:Src/stm32l4xx_it.c ****   * All rights reserved.
  11:Src/stm32l4xx_it.c ****   *
  12:Src/stm32l4xx_it.c ****   * This software is licensed under terms that can be found in the LICENSE file
  13:Src/stm32l4xx_it.c ****   * in the root directory of this software component.
  14:Src/stm32l4xx_it.c ****   * If no LICENSE file comes with this software, it is provided AS-IS.
  15:Src/stm32l4xx_it.c ****   *
  16:Src/stm32l4xx_it.c ****   ******************************************************************************
  17:Src/stm32l4xx_it.c ****   */
  18:Src/stm32l4xx_it.c **** /* USER CODE END Header */
  19:Src/stm32l4xx_it.c **** 
  20:Src/stm32l4xx_it.c **** /* Includes ------------------------------------------------------------------*/
  21:Src/stm32l4xx_it.c **** #include "main.h"
  22:Src/stm32l4xx_it.c **** #include "stm32l4xx_it.h"
  23:Src/stm32l4xx_it.c **** /* Private includes ----------------------------------------------------------*/
  24:Src/stm32l4xx_it.c **** /* USER CODE BEGIN Includes */
  25:Src/stm32l4xx_it.c **** /* USER CODE END Includes */
  26:Src/stm32l4xx_it.c **** 
  27:Src/stm32l4xx_it.c **** /* Private typedef -----------------------------------------------------------*/
  28:Src/stm32l4xx_it.c **** /* USER CODE BEGIN TD */
  29:Src/stm32l4xx_it.c **** 
  30:Src/stm32l4xx_it.c **** /* USER CODE END TD */
  31:Src/stm32l4xx_it.c **** 
  32:Src/stm32l4xx_it.c **** /* Private define ------------------------------------------------------------*/
  33:Src/stm32l4xx_it.c **** /* USER CODE BEGIN PD */
  34:Src/stm32l4xx_it.c **** 
  35:Src/stm32l4xx_it.c **** /* USER CODE END PD */
  36:Src/stm32l4xx_it.c **** 
  37:Src/stm32l4xx_it.c **** /* Private macro -------------------------------------------------------------*/
  38:Src/stm32l4xx_it.c **** /* USER CODE BEGIN PM */
  39:Src/stm32l4xx_it.c **** 
  40:Src/stm32l4xx_it.c **** /* USER CODE END PM */
  41:Src/stm32l4xx_it.c **** 
  42:Src/stm32l4xx_it.c **** /* Private variables ---------------------------------------------------------*/
  43:Src/stm32l4xx_it.c **** /* USER CODE BEGIN PV */
  44:Src/stm32l4xx_it.c **** 
  45:Src/stm32l4xx_it.c **** /* USER CODE END PV */
  46:Src/stm32l4xx_it.c **** 
  47:Src/stm32l4xx_it.c **** /* Private function prototypes -----------------------------------------------*/
  48:Src/stm32l4xx_it.c **** /* USER CODE BEGIN PFP */
  49:Src/stm32l4xx_it.c **** 
  50:Src/stm32l4xx_it.c **** /* USER CODE END PFP */
  51:Src/stm32l4xx_it.c **** 
  52:Src/stm32l4xx_it.c **** /* Private user code ---------------------------------------------------------*/
ARM GAS  C:\Users\ep_ygh\AppData\Local\Temp\ccaK8Inn.s 			page 3


  53:Src/stm32l4xx_it.c **** /* USER CODE BEGIN 0 */
  54:Src/stm32l4xx_it.c **** 
  55:Src/stm32l4xx_it.c **** /* USER CODE END 0 */
  56:Src/stm32l4xx_it.c **** 
  57:Src/stm32l4xx_it.c **** /* External variables --------------------------------------------------------*/
  58:Src/stm32l4xx_it.c **** extern DMA_HandleTypeDef hdma_adc2;
  59:Src/stm32l4xx_it.c **** extern TIM_HandleTypeDef htim4;
  60:Src/stm32l4xx_it.c **** extern TIM_HandleTypeDef htim6;
  61:Src/stm32l4xx_it.c **** 
  62:Src/stm32l4xx_it.c **** /* USER CODE BEGIN EV */
  63:Src/stm32l4xx_it.c **** 
  64:Src/stm32l4xx_it.c **** /* USER CODE END EV */
  65:Src/stm32l4xx_it.c **** 
  66:Src/stm32l4xx_it.c **** /******************************************************************************/
  67:Src/stm32l4xx_it.c **** /*           Cortex-M4 Processor Interruption and Exception Handlers          */
  68:Src/stm32l4xx_it.c **** /******************************************************************************/
  69:Src/stm32l4xx_it.c **** 
  70:Src/stm32l4xx_it.c **** /******************************************************************************/
  71:Src/stm32l4xx_it.c **** /* STM32L4xx Peripheral Interrupt Handlers                                    */
  72:Src/stm32l4xx_it.c **** /* Add here the Interrupt Handlers for the used peripherals.                  */
  73:Src/stm32l4xx_it.c **** /* For the available peripheral interrupt handler names,                      */
  74:Src/stm32l4xx_it.c **** /* please refer to the startup file (startup_stm32l4xx.s).                    */
  75:Src/stm32l4xx_it.c **** /******************************************************************************/
  76:Src/stm32l4xx_it.c **** 
  77:Src/stm32l4xx_it.c **** /**
  78:Src/stm32l4xx_it.c ****   * @brief This function handles DMA1 channel2 global interrupt.
  79:Src/stm32l4xx_it.c ****   */
  80:Src/stm32l4xx_it.c **** void DMA1_Channel2_IRQHandler(void)
  81:Src/stm32l4xx_it.c **** {
  65              		.loc 1 81 1
  66              		.cfi_startproc
  67              		@ args = 0, pretend = 0, frame = 0
  68              		@ frame_needed = 1, uses_anonymous_args = 0
  69 0000 80B5     		push	{r7, lr}
  70              	.LCFI0:
  71              		.cfi_def_cfa_offset 8
  72              		.cfi_offset 7, -8
  73              		.cfi_offset 14, -4
  74 0002 00AF     		add	r7, sp, #0
  75              	.LCFI1:
  76              		.cfi_def_cfa_register 7
  82:Src/stm32l4xx_it.c ****   /* USER CODE BEGIN DMA1_Channel2_IRQn 0 */
  83:Src/stm32l4xx_it.c **** 
  84:Src/stm32l4xx_it.c ****   /* USER CODE END DMA1_Channel2_IRQn 0 */
  85:Src/stm32l4xx_it.c **** HAL_DMA_IRQHandler(&hdma_adc2);
  77              		.loc 1 85 1
  78 0004 0248     		ldr	r0, .L2
  79 0006 FFF7FEFF 		bl	HAL_DMA_IRQHandler
  86:Src/stm32l4xx_it.c **** 
  87:Src/stm32l4xx_it.c **** 
  88:Src/stm32l4xx_it.c **** 
  89:Src/stm32l4xx_it.c **** }
  80              		.loc 1 89 1
  81 000a 00BF     		nop
  82 000c 80BD     		pop	{r7, pc}
  83              	.L3:
  84 000e 00BF     		.align	2
ARM GAS  C:\Users\ep_ygh\AppData\Local\Temp\ccaK8Inn.s 			page 4


  85              	.L2:
  86 0010 00000000 		.word	hdma_adc2
  87              		.cfi_endproc
  88              	.LFE1090:
  90              		.section	.text.TIM4_IRQHandler,"ax",%progbits
  91              		.align	1
  92              		.global	TIM4_IRQHandler
  93              		.syntax unified
  94              		.thumb
  95              		.thumb_func
  97              	TIM4_IRQHandler:
  98              	.LFB1091:
  90:Src/stm32l4xx_it.c **** 
  91:Src/stm32l4xx_it.c **** /**
  92:Src/stm32l4xx_it.c ****   * @brief This function handles TIM4 global interrupt.
  93:Src/stm32l4xx_it.c ****   */
  94:Src/stm32l4xx_it.c **** void TIM4_IRQHandler(void)
  95:Src/stm32l4xx_it.c **** {
  99              		.loc 1 95 1
 100              		.cfi_startproc
 101              		@ args = 0, pretend = 0, frame = 0
 102              		@ frame_needed = 1, uses_anonymous_args = 0
 103 0000 80B5     		push	{r7, lr}
 104              	.LCFI2:
 105              		.cfi_def_cfa_offset 8
 106              		.cfi_offset 7, -8
 107              		.cfi_offset 14, -4
 108 0002 00AF     		add	r7, sp, #0
 109              	.LCFI3:
 110              		.cfi_def_cfa_register 7
  96:Src/stm32l4xx_it.c ****   /* USER CODE BEGIN TIM4_IRQn 0 */
  97:Src/stm32l4xx_it.c **** 
  98:Src/stm32l4xx_it.c ****   /* USER CODE END TIM4_IRQn 0 */
  99:Src/stm32l4xx_it.c ****   HAL_TIM_IRQHandler(&htim4);
 111              		.loc 1 99 3
 112 0004 0248     		ldr	r0, .L5
 113 0006 FFF7FEFF 		bl	HAL_TIM_IRQHandler
 100:Src/stm32l4xx_it.c ****   /* USER CODE BEGIN TIM4_IRQn 1 */
 101:Src/stm32l4xx_it.c **** 
 102:Src/stm32l4xx_it.c ****   /* USER CODE END TIM4_IRQn 1 */
 103:Src/stm32l4xx_it.c **** }
 114              		.loc 1 103 1
 115 000a 00BF     		nop
 116 000c 80BD     		pop	{r7, pc}
 117              	.L6:
 118 000e 00BF     		.align	2
 119              	.L5:
 120 0010 00000000 		.word	htim4
 121              		.cfi_endproc
 122              	.LFE1091:
 124              		.section	.text.TIM6_DAC_IRQHandler,"ax",%progbits
 125              		.align	1
 126              		.global	TIM6_DAC_IRQHandler
 127              		.syntax unified
 128              		.thumb
 129              		.thumb_func
 131              	TIM6_DAC_IRQHandler:
ARM GAS  C:\Users\ep_ygh\AppData\Local\Temp\ccaK8Inn.s 			page 5


 132              	.LFB1092:
 104:Src/stm32l4xx_it.c **** 
 105:Src/stm32l4xx_it.c **** /**
 106:Src/stm32l4xx_it.c ****   * @brief This function handles TIM6 global interrupt, DAC channel1 and channel2 underrun error in
 107:Src/stm32l4xx_it.c ****   */
 108:Src/stm32l4xx_it.c **** void TIM6_DAC_IRQHandler(void)
 109:Src/stm32l4xx_it.c **** {
 133              		.loc 1 109 1
 134              		.cfi_startproc
 135              		@ args = 0, pretend = 0, frame = 0
 136              		@ frame_needed = 1, uses_anonymous_args = 0
 137 0000 80B5     		push	{r7, lr}
 138              	.LCFI4:
 139              		.cfi_def_cfa_offset 8
 140              		.cfi_offset 7, -8
 141              		.cfi_offset 14, -4
 142 0002 00AF     		add	r7, sp, #0
 143              	.LCFI5:
 144              		.cfi_def_cfa_register 7
 110:Src/stm32l4xx_it.c ****   /* USER CODE BEGIN TIM6_DAC_IRQn 0 */
 111:Src/stm32l4xx_it.c **** 
 112:Src/stm32l4xx_it.c ****   /* USER CODE END TIM6_DAC_IRQn 0 */
 113:Src/stm32l4xx_it.c ****   HAL_TIM_IRQHandler(&htim6);
 145              		.loc 1 113 3
 146 0004 0248     		ldr	r0, .L8
 147 0006 FFF7FEFF 		bl	HAL_TIM_IRQHandler
 114:Src/stm32l4xx_it.c ****   /* USER CODE BEGIN TIM6_DAC_IRQn 1 */
 115:Src/stm32l4xx_it.c **** 
 116:Src/stm32l4xx_it.c ****   /* USER CODE END TIM6_DAC_IRQn 1 */
 117:Src/stm32l4xx_it.c **** }
 148              		.loc 1 117 1
 149 000a 00BF     		nop
 150 000c 80BD     		pop	{r7, pc}
 151              	.L9:
 152 000e 00BF     		.align	2
 153              	.L8:
 154 0010 00000000 		.word	htim6
 155              		.cfi_endproc
 156              	.LFE1092:
 158              		.text
 159              	.Letext0:
 160              		.file 2 "c:\\programdata\\chocolatey\\lib\\gcc-arm-embedded\\tools\\gcc-arm-none-eabi-10.3-2021.10
 161              		.file 3 "c:\\programdata\\chocolatey\\lib\\gcc-arm-embedded\\tools\\gcc-arm-none-eabi-10.3-2021.10
 162              		.file 4 "Drivers/CMSIS/Device/ST/STM32L4xx/Include/stm32l476xx.h"
 163              		.file 5 "Drivers/STM32L4xx_HAL_Driver/Inc/stm32l4xx_hal_def.h"
 164              		.file 6 "Drivers/STM32L4xx_HAL_Driver/Inc/stm32l4xx_hal_dma.h"
 165              		.file 7 "Drivers/STM32L4xx_HAL_Driver/Inc/stm32l4xx_hal_tim.h"
 166              		.file 8 "Drivers/STM32L4xx_HAL_Driver/Inc/stm32l4xx_ll_tim.h"
 167              		.file 9 "Drivers/STM32L4xx_HAL_Driver/Inc/stm32l4xx_ll_dma.h"
ARM GAS  C:\Users\ep_ygh\AppData\Local\Temp\ccaK8Inn.s 			page 6


DEFINED SYMBOLS
                            *ABS*:00000000 stm32l4xx_it.c
C:\Users\ep_ygh\AppData\Local\Temp\ccaK8Inn.s:20     .rodata.OFFSET_TAB_CCMRx:00000000 $d
C:\Users\ep_ygh\AppData\Local\Temp\ccaK8Inn.s:23     .rodata.OFFSET_TAB_CCMRx:00000000 OFFSET_TAB_CCMRx
C:\Users\ep_ygh\AppData\Local\Temp\ccaK8Inn.s:26     .rodata.SHIFT_TAB_OCxx:00000000 $d
C:\Users\ep_ygh\AppData\Local\Temp\ccaK8Inn.s:29     .rodata.SHIFT_TAB_OCxx:00000000 SHIFT_TAB_OCxx
C:\Users\ep_ygh\AppData\Local\Temp\ccaK8Inn.s:32     .rodata.SHIFT_TAB_ICxx:00000000 $d
C:\Users\ep_ygh\AppData\Local\Temp\ccaK8Inn.s:35     .rodata.SHIFT_TAB_ICxx:00000000 SHIFT_TAB_ICxx
C:\Users\ep_ygh\AppData\Local\Temp\ccaK8Inn.s:38     .rodata.SHIFT_TAB_CCxP:00000000 $d
C:\Users\ep_ygh\AppData\Local\Temp\ccaK8Inn.s:41     .rodata.SHIFT_TAB_CCxP:00000000 SHIFT_TAB_CCxP
C:\Users\ep_ygh\AppData\Local\Temp\ccaK8Inn.s:44     .rodata.SHIFT_TAB_OISx:00000000 $d
C:\Users\ep_ygh\AppData\Local\Temp\ccaK8Inn.s:47     .rodata.SHIFT_TAB_OISx:00000000 SHIFT_TAB_OISx
C:\Users\ep_ygh\AppData\Local\Temp\ccaK8Inn.s:50     .rodata.CHANNEL_OFFSET_TAB:00000000 $d
C:\Users\ep_ygh\AppData\Local\Temp\ccaK8Inn.s:53     .rodata.CHANNEL_OFFSET_TAB:00000000 CHANNEL_OFFSET_TAB
C:\Users\ep_ygh\AppData\Local\Temp\ccaK8Inn.s:56     .text.DMA1_Channel2_IRQHandler:00000000 $t
C:\Users\ep_ygh\AppData\Local\Temp\ccaK8Inn.s:62     .text.DMA1_Channel2_IRQHandler:00000000 DMA1_Channel2_IRQHandler
C:\Users\ep_ygh\AppData\Local\Temp\ccaK8Inn.s:86     .text.DMA1_Channel2_IRQHandler:00000010 $d
C:\Users\ep_ygh\AppData\Local\Temp\ccaK8Inn.s:91     .text.TIM4_IRQHandler:00000000 $t
C:\Users\ep_ygh\AppData\Local\Temp\ccaK8Inn.s:97     .text.TIM4_IRQHandler:00000000 TIM4_IRQHandler
C:\Users\ep_ygh\AppData\Local\Temp\ccaK8Inn.s:120    .text.TIM4_IRQHandler:00000010 $d
C:\Users\ep_ygh\AppData\Local\Temp\ccaK8Inn.s:125    .text.TIM6_DAC_IRQHandler:00000000 $t
C:\Users\ep_ygh\AppData\Local\Temp\ccaK8Inn.s:131    .text.TIM6_DAC_IRQHandler:00000000 TIM6_DAC_IRQHandler
C:\Users\ep_ygh\AppData\Local\Temp\ccaK8Inn.s:154    .text.TIM6_DAC_IRQHandler:00000010 $d

UNDEFINED SYMBOLS
HAL_DMA_IRQHandler
hdma_adc2
HAL_TIM_IRQHandler
htim4
htim6
