ARM GAS  C:\Users\ep_ygh\AppData\Local\Temp\cc1qJiTf.s 			page 1


   1              		.cpu cortex-m4
   2              		.arch armv7e-m
   3              		.fpu fpv4-sp-d16
   4              		.eabi_attribute 27, 1
   5              		.eabi_attribute 28, 1
   6              		.eabi_attribute 20, 1
   7              		.eabi_attribute 21, 1
   8              		.eabi_attribute 23, 3
   9              		.eabi_attribute 24, 1
  10              		.eabi_attribute 25, 1
  11              		.eabi_attribute 26, 1
  12              		.eabi_attribute 30, 6
  13              		.eabi_attribute 34, 1
  14              		.eabi_attribute 18, 4
  15              		.file	"stm32l4xx_hal_msp.c"
  16              		.text
  17              	.Ltext0:
  18              		.cfi_sections	.debug_frame
  19              		.section	.rodata.OFFSET_TAB_CCMRx,"a"
  20              		.align	2
  23              	OFFSET_TAB_CCMRx:
  24 0000 00000000 		.ascii	"\000\000\000\000\004\004\004<<"
  24      0404043C 
  24      3C
  25              		.section	.rodata.SHIFT_TAB_OCxx,"a"
  26              		.align	2
  29              	SHIFT_TAB_OCxx:
  30 0000 00000800 		.ascii	"\000\000\010\000\000\000\010\000\010"
  30      00000800 
  30      08
  31              		.section	.rodata.SHIFT_TAB_ICxx,"a"
  32              		.align	2
  35              	SHIFT_TAB_ICxx:
  36 0000 00000800 		.ascii	"\000\000\010\000\000\000\010\000\000"
  36      00000800 
  36      00
  37              		.section	.rodata.SHIFT_TAB_CCxP,"a"
  38              		.align	2
  41              	SHIFT_TAB_CCxP:
  42 0000 00020406 		.ascii	"\000\002\004\006\010\012\014\020\024"
  42      080A0C10 
  42      14
  43              		.section	.rodata.SHIFT_TAB_OISx,"a"
  44              		.align	2
  47              	SHIFT_TAB_OISx:
  48 0000 00010203 		.ascii	"\000\001\002\003\004\005\006\010\012"
  48      04050608 
  48      0A
  49              		.section	.rodata.CHANNEL_OFFSET_TAB,"a"
  50              		.align	2
  53              	CHANNEL_OFFSET_TAB:
  54 0000 081C3044 		.ascii	"\010\0340DXl\200"
  54      586C80
  55              		.section	.text.HAL_MspInit,"ax",%progbits
  56              		.align	1
  57              		.global	HAL_MspInit
  58              		.syntax unified
ARM GAS  C:\Users\ep_ygh\AppData\Local\Temp\cc1qJiTf.s 			page 2


  59              		.thumb
  60              		.thumb_func
  62              	HAL_MspInit:
  63              	.LFB1090:
  64              		.file 1 "Src/stm32l4xx_hal_msp.c"
   1:Src/stm32l4xx_hal_msp.c **** 
   2:Src/stm32l4xx_hal_msp.c **** /* USER CODE BEGIN Header */
   3:Src/stm32l4xx_hal_msp.c **** /**
   4:Src/stm32l4xx_hal_msp.c ****   ******************************************************************************
   5:Src/stm32l4xx_hal_msp.c ****   * @file         stm32l4xx_hal_msp.c
   6:Src/stm32l4xx_hal_msp.c ****   * @brief        This file provides code for the MSP Initialization
   7:Src/stm32l4xx_hal_msp.c ****   *               and de-Initialization codes.
   8:Src/stm32l4xx_hal_msp.c ****   ******************************************************************************
   9:Src/stm32l4xx_hal_msp.c ****   * @attention
  10:Src/stm32l4xx_hal_msp.c ****   *
  11:Src/stm32l4xx_hal_msp.c ****   * Copyright (c) 2024 STMicroelectronics.
  12:Src/stm32l4xx_hal_msp.c ****   * All rights reserved.
  13:Src/stm32l4xx_hal_msp.c ****   *
  14:Src/stm32l4xx_hal_msp.c ****   * This software is licensed under terms that can be found in the LICENSE file
  15:Src/stm32l4xx_hal_msp.c ****   * in the root directory of this software component.
  16:Src/stm32l4xx_hal_msp.c ****   * If no LICENSE file comes with this software, it is provided AS-IS.
  17:Src/stm32l4xx_hal_msp.c ****   *
  18:Src/stm32l4xx_hal_msp.c ****   ******************************************************************************
  19:Src/stm32l4xx_hal_msp.c ****   */
  20:Src/stm32l4xx_hal_msp.c **** /* USER CODE END Header */
  21:Src/stm32l4xx_hal_msp.c **** 
  22:Src/stm32l4xx_hal_msp.c **** /* Includes ------------------------------------------------------------------*/
  23:Src/stm32l4xx_hal_msp.c **** #include "main.h"
  24:Src/stm32l4xx_hal_msp.c **** /* USER CODE BEGIN Includes */
  25:Src/stm32l4xx_hal_msp.c **** 
  26:Src/stm32l4xx_hal_msp.c **** /* USER CODE END Includes */
  27:Src/stm32l4xx_hal_msp.c **** extern DMA_HandleTypeDef hdma_usart2_rx;
  28:Src/stm32l4xx_hal_msp.c **** 
  29:Src/stm32l4xx_hal_msp.c **** extern DMA_HandleTypeDef hdma_usart2_tx;
  30:Src/stm32l4xx_hal_msp.c **** 
  31:Src/stm32l4xx_hal_msp.c **** /* Private typedef -----------------------------------------------------------*/
  32:Src/stm32l4xx_hal_msp.c **** /* USER CODE BEGIN TD */
  33:Src/stm32l4xx_hal_msp.c **** 
  34:Src/stm32l4xx_hal_msp.c **** /* USER CODE END TD */
  35:Src/stm32l4xx_hal_msp.c **** 
  36:Src/stm32l4xx_hal_msp.c **** /* Private define ------------------------------------------------------------*/
  37:Src/stm32l4xx_hal_msp.c **** /* USER CODE BEGIN Define */
  38:Src/stm32l4xx_hal_msp.c **** 
  39:Src/stm32l4xx_hal_msp.c **** /* USER CODE END Define */
  40:Src/stm32l4xx_hal_msp.c **** 
  41:Src/stm32l4xx_hal_msp.c **** /* Private macro -------------------------------------------------------------*/
  42:Src/stm32l4xx_hal_msp.c **** /* USER CODE BEGIN Macro */
  43:Src/stm32l4xx_hal_msp.c **** 
  44:Src/stm32l4xx_hal_msp.c **** /* USER CODE END Macro */
  45:Src/stm32l4xx_hal_msp.c **** 
  46:Src/stm32l4xx_hal_msp.c **** /* Private variables ---------------------------------------------------------*/
  47:Src/stm32l4xx_hal_msp.c **** /* USER CODE BEGIN PV */
  48:Src/stm32l4xx_hal_msp.c **** 
  49:Src/stm32l4xx_hal_msp.c **** /* USER CODE END PV */
  50:Src/stm32l4xx_hal_msp.c **** 
  51:Src/stm32l4xx_hal_msp.c **** /* Private function prototypes -----------------------------------------------*/
  52:Src/stm32l4xx_hal_msp.c **** /* USER CODE BEGIN PFP */
ARM GAS  C:\Users\ep_ygh\AppData\Local\Temp\cc1qJiTf.s 			page 3


  53:Src/stm32l4xx_hal_msp.c **** 
  54:Src/stm32l4xx_hal_msp.c **** /* USER CODE END PFP */
  55:Src/stm32l4xx_hal_msp.c **** 
  56:Src/stm32l4xx_hal_msp.c **** /* External functions --------------------------------------------------------*/
  57:Src/stm32l4xx_hal_msp.c **** /* USER CODE BEGIN ExternalFunctions */
  58:Src/stm32l4xx_hal_msp.c **** 
  59:Src/stm32l4xx_hal_msp.c **** /* USER CODE END ExternalFunctions */
  60:Src/stm32l4xx_hal_msp.c **** 
  61:Src/stm32l4xx_hal_msp.c **** /* USER CODE BEGIN 0 */
  62:Src/stm32l4xx_hal_msp.c **** 
  63:Src/stm32l4xx_hal_msp.c **** /* USER CODE END 0 */
  64:Src/stm32l4xx_hal_msp.c **** 
  65:Src/stm32l4xx_hal_msp.c **** void HAL_TIM_MspPostInit(TIM_HandleTypeDef *htim);
  66:Src/stm32l4xx_hal_msp.c ****                     /**
  67:Src/stm32l4xx_hal_msp.c ****   * Initializes the Global MSP.
  68:Src/stm32l4xx_hal_msp.c ****   */
  69:Src/stm32l4xx_hal_msp.c **** void HAL_MspInit(void)
  70:Src/stm32l4xx_hal_msp.c **** {
  65              		.loc 1 70 1
  66              		.cfi_startproc
  67              		@ args = 0, pretend = 0, frame = 8
  68              		@ frame_needed = 1, uses_anonymous_args = 0
  69 0000 80B5     		push	{r7, lr}
  70              	.LCFI0:
  71              		.cfi_def_cfa_offset 8
  72              		.cfi_offset 7, -8
  73              		.cfi_offset 14, -4
  74 0002 82B0     		sub	sp, sp, #8
  75              	.LCFI1:
  76              		.cfi_def_cfa_offset 16
  77 0004 00AF     		add	r7, sp, #0
  78              	.LCFI2:
  79              		.cfi_def_cfa_register 7
  80              	.LBB2:
  71:Src/stm32l4xx_hal_msp.c **** 
  72:Src/stm32l4xx_hal_msp.c ****   /* USER CODE BEGIN MspInit 0 */
  73:Src/stm32l4xx_hal_msp.c **** 
  74:Src/stm32l4xx_hal_msp.c ****   /* USER CODE END MspInit 0 */
  75:Src/stm32l4xx_hal_msp.c **** 
  76:Src/stm32l4xx_hal_msp.c ****   __HAL_RCC_SYSCFG_CLK_ENABLE();
  81              		.loc 1 76 3
  82 0006 114B     		ldr	r3, .L2
  83 0008 1B6E     		ldr	r3, [r3, #96]
  84 000a 104A     		ldr	r2, .L2
  85 000c 43F00103 		orr	r3, r3, #1
  86 0010 1366     		str	r3, [r2, #96]
  87 0012 0E4B     		ldr	r3, .L2
  88 0014 1B6E     		ldr	r3, [r3, #96]
  89 0016 03F00103 		and	r3, r3, #1
  90 001a 7B60     		str	r3, [r7, #4]
  91 001c 7B68     		ldr	r3, [r7, #4]
  92              	.LBE2:
  93              	.LBB3:
  77:Src/stm32l4xx_hal_msp.c ****   __HAL_RCC_PWR_CLK_ENABLE();
  94              		.loc 1 77 3
  95 001e 0B4B     		ldr	r3, .L2
  96 0020 9B6D     		ldr	r3, [r3, #88]
ARM GAS  C:\Users\ep_ygh\AppData\Local\Temp\cc1qJiTf.s 			page 4


  97 0022 0A4A     		ldr	r2, .L2
  98 0024 43F08053 		orr	r3, r3, #268435456
  99 0028 9365     		str	r3, [r2, #88]
 100 002a 084B     		ldr	r3, .L2
 101 002c 9B6D     		ldr	r3, [r3, #88]
 102 002e 03F08053 		and	r3, r3, #268435456
 103 0032 3B60     		str	r3, [r7]
 104 0034 3B68     		ldr	r3, [r7]
 105              	.LBE3:
  78:Src/stm32l4xx_hal_msp.c **** 
  79:Src/stm32l4xx_hal_msp.c ****   /* System interrupt init*/
  80:Src/stm32l4xx_hal_msp.c ****   /* PendSV_IRQn interrupt configuration */
  81:Src/stm32l4xx_hal_msp.c ****   HAL_NVIC_SetPriority(PendSV_IRQn, 15, 0);
 106              		.loc 1 81 3
 107 0036 0022     		movs	r2, #0
 108 0038 0F21     		movs	r1, #15
 109 003a 6FF00100 		mvn	r0, #1
 110 003e FFF7FEFF 		bl	HAL_NVIC_SetPriority
  82:Src/stm32l4xx_hal_msp.c **** 
  83:Src/stm32l4xx_hal_msp.c ****   /* USER CODE BEGIN MspInit 1 */
  84:Src/stm32l4xx_hal_msp.c **** 
  85:Src/stm32l4xx_hal_msp.c ****   /* USER CODE END MspInit 1 */
  86:Src/stm32l4xx_hal_msp.c **** }
 111              		.loc 1 86 1
 112 0042 00BF     		nop
 113 0044 0837     		adds	r7, r7, #8
 114              	.LCFI3:
 115              		.cfi_def_cfa_offset 8
 116 0046 BD46     		mov	sp, r7
 117              	.LCFI4:
 118              		.cfi_def_cfa_register 13
 119              		@ sp needed
 120 0048 80BD     		pop	{r7, pc}
 121              	.L3:
 122 004a 00BF     		.align	2
 123              	.L2:
 124 004c 00100240 		.word	1073876992
 125              		.cfi_endproc
 126              	.LFE1090:
 128              		.section	.bss.HAL_RCC_ADC_CLK_ENABLED,"aw",%nobits
 129              		.align	2
 132              	HAL_RCC_ADC_CLK_ENABLED:
 133 0000 00000000 		.space	4
 134              		.section	.text.HAL_ADC_MspInit,"ax",%progbits
 135              		.align	1
 136              		.global	HAL_ADC_MspInit
 137              		.syntax unified
 138              		.thumb
 139              		.thumb_func
 141              	HAL_ADC_MspInit:
 142              	.LFB1091:
  87:Src/stm32l4xx_hal_msp.c **** 
  88:Src/stm32l4xx_hal_msp.c **** static uint32_t HAL_RCC_ADC_CLK_ENABLED=0;
  89:Src/stm32l4xx_hal_msp.c **** 
  90:Src/stm32l4xx_hal_msp.c **** /**
  91:Src/stm32l4xx_hal_msp.c **** * @brief ADC MSP Initialization
  92:Src/stm32l4xx_hal_msp.c **** * This function configures the hardware resources used in this example
ARM GAS  C:\Users\ep_ygh\AppData\Local\Temp\cc1qJiTf.s 			page 5


  93:Src/stm32l4xx_hal_msp.c **** * @param hadc: ADC handle pointer
  94:Src/stm32l4xx_hal_msp.c **** * @retval None
  95:Src/stm32l4xx_hal_msp.c **** */
  96:Src/stm32l4xx_hal_msp.c **** void HAL_ADC_MspInit(ADC_HandleTypeDef* hadc)
  97:Src/stm32l4xx_hal_msp.c **** {
 143              		.loc 1 97 1
 144              		.cfi_startproc
 145              		@ args = 0, pretend = 0, frame = 192
 146              		@ frame_needed = 1, uses_anonymous_args = 0
 147 0000 80B5     		push	{r7, lr}
 148              	.LCFI5:
 149              		.cfi_def_cfa_offset 8
 150              		.cfi_offset 7, -8
 151              		.cfi_offset 14, -4
 152 0002 B0B0     		sub	sp, sp, #192
 153              	.LCFI6:
 154              		.cfi_def_cfa_offset 200
 155 0004 00AF     		add	r7, sp, #0
 156              	.LCFI7:
 157              		.cfi_def_cfa_register 7
 158 0006 7860     		str	r0, [r7, #4]
  98:Src/stm32l4xx_hal_msp.c ****   GPIO_InitTypeDef GPIO_InitStruct = {0};
 159              		.loc 1 98 20
 160 0008 07F1AC03 		add	r3, r7, #172
 161 000c 0022     		movs	r2, #0
 162 000e 1A60     		str	r2, [r3]
 163 0010 5A60     		str	r2, [r3, #4]
 164 0012 9A60     		str	r2, [r3, #8]
 165 0014 DA60     		str	r2, [r3, #12]
 166 0016 1A61     		str	r2, [r3, #16]
  99:Src/stm32l4xx_hal_msp.c ****   RCC_PeriphCLKInitTypeDef PeriphClkInit = {0};
 167              		.loc 1 99 28
 168 0018 07F12403 		add	r3, r7, #36
 169 001c 8822     		movs	r2, #136
 170 001e 0021     		movs	r1, #0
 171 0020 1846     		mov	r0, r3
 172 0022 FFF7FEFF 		bl	memset
 100:Src/stm32l4xx_hal_msp.c ****   if(hadc->Instance==ADC1)
 173              		.loc 1 100 10
 174 0026 7B68     		ldr	r3, [r7, #4]
 175 0028 1B68     		ldr	r3, [r3]
 176              		.loc 1 100 5
 177 002a 634A     		ldr	r2, .L12
 178 002c 9342     		cmp	r3, r2
 179 002e 78D1     		bne	.L5
 101:Src/stm32l4xx_hal_msp.c ****   {
 102:Src/stm32l4xx_hal_msp.c ****   /* USER CODE BEGIN ADC1_MspInit 0 */
 103:Src/stm32l4xx_hal_msp.c **** 
 104:Src/stm32l4xx_hal_msp.c ****   /* USER CODE END ADC1_MspInit 0 */
 105:Src/stm32l4xx_hal_msp.c **** 
 106:Src/stm32l4xx_hal_msp.c ****   /** Initializes the peripherals clock
 107:Src/stm32l4xx_hal_msp.c ****   */
 108:Src/stm32l4xx_hal_msp.c ****     PeriphClkInit.PeriphClockSelection = RCC_PERIPHCLK_ADC;
 180              		.loc 1 108 40
 181 0030 4FF48043 		mov	r3, #16384
 182 0034 7B62     		str	r3, [r7, #36]
 109:Src/stm32l4xx_hal_msp.c ****     PeriphClkInit.AdcClockSelection = RCC_ADCCLKSOURCE_SYSCLK;
ARM GAS  C:\Users\ep_ygh\AppData\Local\Temp\cc1qJiTf.s 			page 6


 183              		.loc 1 109 37
 184 0036 4FF04053 		mov	r3, #805306368
 185 003a C7F89C30 		str	r3, [r7, #156]
 110:Src/stm32l4xx_hal_msp.c ****     if (HAL_RCCEx_PeriphCLKConfig(&PeriphClkInit) != HAL_OK)
 186              		.loc 1 110 9
 187 003e 07F12403 		add	r3, r7, #36
 188 0042 1846     		mov	r0, r3
 189 0044 FFF7FEFF 		bl	HAL_RCCEx_PeriphCLKConfig
 190 0048 0346     		mov	r3, r0
 191              		.loc 1 110 8
 192 004a 002B     		cmp	r3, #0
 193 004c 01D0     		beq	.L6
 111:Src/stm32l4xx_hal_msp.c ****     {
 112:Src/stm32l4xx_hal_msp.c ****       Error_Handler();
 194              		.loc 1 112 7
 195 004e FFF7FEFF 		bl	Error_Handler
 196              	.L6:
 113:Src/stm32l4xx_hal_msp.c ****     }
 114:Src/stm32l4xx_hal_msp.c **** 
 115:Src/stm32l4xx_hal_msp.c ****     /* Peripheral clock enable */
 116:Src/stm32l4xx_hal_msp.c ****     HAL_RCC_ADC_CLK_ENABLED++;
 197              		.loc 1 116 28
 198 0052 5A4B     		ldr	r3, .L12+4
 199 0054 1B68     		ldr	r3, [r3]
 200 0056 0133     		adds	r3, r3, #1
 201 0058 584A     		ldr	r2, .L12+4
 202 005a 1360     		str	r3, [r2]
 117:Src/stm32l4xx_hal_msp.c ****     if(HAL_RCC_ADC_CLK_ENABLED==1){
 203              		.loc 1 117 31
 204 005c 574B     		ldr	r3, .L12+4
 205 005e 1B68     		ldr	r3, [r3]
 206              		.loc 1 117 7
 207 0060 012B     		cmp	r3, #1
 208 0062 0BD1     		bne	.L7
 209              	.LBB4:
 118:Src/stm32l4xx_hal_msp.c ****       __HAL_RCC_ADC_CLK_ENABLE();
 210              		.loc 1 118 7
 211 0064 564B     		ldr	r3, .L12+8
 212 0066 DB6C     		ldr	r3, [r3, #76]
 213 0068 554A     		ldr	r2, .L12+8
 214 006a 43F40053 		orr	r3, r3, #8192
 215 006e D364     		str	r3, [r2, #76]
 216 0070 534B     		ldr	r3, .L12+8
 217 0072 DB6C     		ldr	r3, [r3, #76]
 218 0074 03F40053 		and	r3, r3, #8192
 219 0078 3B62     		str	r3, [r7, #32]
 220 007a 3B6A     		ldr	r3, [r7, #32]
 221              	.L7:
 222              	.LBE4:
 223              	.LBB5:
 119:Src/stm32l4xx_hal_msp.c ****     }
 120:Src/stm32l4xx_hal_msp.c **** 
 121:Src/stm32l4xx_hal_msp.c ****     __HAL_RCC_GPIOA_CLK_ENABLE();
 224              		.loc 1 121 5
 225 007c 504B     		ldr	r3, .L12+8
 226 007e DB6C     		ldr	r3, [r3, #76]
 227 0080 4F4A     		ldr	r2, .L12+8
ARM GAS  C:\Users\ep_ygh\AppData\Local\Temp\cc1qJiTf.s 			page 7


 228 0082 43F00103 		orr	r3, r3, #1
 229 0086 D364     		str	r3, [r2, #76]
 230 0088 4D4B     		ldr	r3, .L12+8
 231 008a DB6C     		ldr	r3, [r3, #76]
 232 008c 03F00103 		and	r3, r3, #1
 233 0090 FB61     		str	r3, [r7, #28]
 234 0092 FB69     		ldr	r3, [r7, #28]
 235              	.LBE5:
 236              	.LBB6:
 122:Src/stm32l4xx_hal_msp.c ****     __HAL_RCC_GPIOC_CLK_ENABLE();
 237              		.loc 1 122 5
 238 0094 4A4B     		ldr	r3, .L12+8
 239 0096 DB6C     		ldr	r3, [r3, #76]
 240 0098 494A     		ldr	r2, .L12+8
 241 009a 43F00403 		orr	r3, r3, #4
 242 009e D364     		str	r3, [r2, #76]
 243 00a0 474B     		ldr	r3, .L12+8
 244 00a2 DB6C     		ldr	r3, [r3, #76]
 245 00a4 03F00403 		and	r3, r3, #4
 246 00a8 BB61     		str	r3, [r7, #24]
 247 00aa BB69     		ldr	r3, [r7, #24]
 248              	.LBE6:
 249              	.LBB7:
 123:Src/stm32l4xx_hal_msp.c ****     __HAL_RCC_GPIOB_CLK_ENABLE();
 250              		.loc 1 123 5
 251 00ac 444B     		ldr	r3, .L12+8
 252 00ae DB6C     		ldr	r3, [r3, #76]
 253 00b0 434A     		ldr	r2, .L12+8
 254 00b2 43F00203 		orr	r3, r3, #2
 255 00b6 D364     		str	r3, [r2, #76]
 256 00b8 414B     		ldr	r3, .L12+8
 257 00ba DB6C     		ldr	r3, [r3, #76]
 258 00bc 03F00203 		and	r3, r3, #2
 259 00c0 7B61     		str	r3, [r7, #20]
 260 00c2 7B69     		ldr	r3, [r7, #20]
 261              	.LBE7:
 124:Src/stm32l4xx_hal_msp.c ****     /**ADC1 GPIO Configuration
 125:Src/stm32l4xx_hal_msp.c ****     PA0     ------> ADC1_IN5
 126:Src/stm32l4xx_hal_msp.c ****     PA1     ------> ADC1_IN6
 127:Src/stm32l4xx_hal_msp.c ****     PC4     ------> ADC1_IN13
 128:Src/stm32l4xx_hal_msp.c ****     PB0     ------> ADC1_IN15
 129:Src/stm32l4xx_hal_msp.c ****     PB1     ------> ADC1_IN16
 130:Src/stm32l4xx_hal_msp.c ****     */
 131:Src/stm32l4xx_hal_msp.c ****     GPIO_InitStruct.Pin = M1_BUS_VOLTAGE_Pin|M1_CURR_AMPL_U_Pin;
 262              		.loc 1 131 25
 263 00c4 0323     		movs	r3, #3
 264 00c6 C7F8AC30 		str	r3, [r7, #172]
 132:Src/stm32l4xx_hal_msp.c ****     GPIO_InitStruct.Mode = GPIO_MODE_ANALOG_ADC_CONTROL;
 265              		.loc 1 132 26
 266 00ca 0B23     		movs	r3, #11
 267 00cc C7F8B030 		str	r3, [r7, #176]
 133:Src/stm32l4xx_hal_msp.c ****     GPIO_InitStruct.Pull = GPIO_NOPULL;
 268              		.loc 1 133 26
 269 00d0 0023     		movs	r3, #0
 270 00d2 C7F8B430 		str	r3, [r7, #180]
 134:Src/stm32l4xx_hal_msp.c ****     HAL_GPIO_Init(GPIOA, &GPIO_InitStruct);
 271              		.loc 1 134 5
ARM GAS  C:\Users\ep_ygh\AppData\Local\Temp\cc1qJiTf.s 			page 8


 272 00d6 07F1AC03 		add	r3, r7, #172
 273 00da 1946     		mov	r1, r3
 274 00dc 4FF09040 		mov	r0, #1207959552
 275 00e0 FFF7FEFF 		bl	HAL_GPIO_Init
 135:Src/stm32l4xx_hal_msp.c **** 
 136:Src/stm32l4xx_hal_msp.c ****     GPIO_InitStruct.Pin = M1_TEMPERATURE_Pin;
 276              		.loc 1 136 25
 277 00e4 1023     		movs	r3, #16
 278 00e6 C7F8AC30 		str	r3, [r7, #172]
 137:Src/stm32l4xx_hal_msp.c ****     GPIO_InitStruct.Mode = GPIO_MODE_ANALOG_ADC_CONTROL;
 279              		.loc 1 137 26
 280 00ea 0B23     		movs	r3, #11
 281 00ec C7F8B030 		str	r3, [r7, #176]
 138:Src/stm32l4xx_hal_msp.c ****     GPIO_InitStruct.Pull = GPIO_NOPULL;
 282              		.loc 1 138 26
 283 00f0 0023     		movs	r3, #0
 284 00f2 C7F8B430 		str	r3, [r7, #180]
 139:Src/stm32l4xx_hal_msp.c ****     HAL_GPIO_Init(M1_TEMPERATURE_GPIO_Port, &GPIO_InitStruct);
 285              		.loc 1 139 5
 286 00f6 07F1AC03 		add	r3, r7, #172
 287 00fa 1946     		mov	r1, r3
 288 00fc 3148     		ldr	r0, .L12+12
 289 00fe FFF7FEFF 		bl	HAL_GPIO_Init
 140:Src/stm32l4xx_hal_msp.c **** 
 141:Src/stm32l4xx_hal_msp.c ****     GPIO_InitStruct.Pin = M1_CURR_AMPL_W_Pin|M1_CURR_AMPL_V_Pin;
 290              		.loc 1 141 25
 291 0102 0323     		movs	r3, #3
 292 0104 C7F8AC30 		str	r3, [r7, #172]
 142:Src/stm32l4xx_hal_msp.c ****     GPIO_InitStruct.Mode = GPIO_MODE_ANALOG_ADC_CONTROL;
 293              		.loc 1 142 26
 294 0108 0B23     		movs	r3, #11
 295 010a C7F8B030 		str	r3, [r7, #176]
 143:Src/stm32l4xx_hal_msp.c ****     GPIO_InitStruct.Pull = GPIO_NOPULL;
 296              		.loc 1 143 26
 297 010e 0023     		movs	r3, #0
 298 0110 C7F8B430 		str	r3, [r7, #180]
 144:Src/stm32l4xx_hal_msp.c ****     HAL_GPIO_Init(GPIOB, &GPIO_InitStruct);
 299              		.loc 1 144 5
 300 0114 07F1AC03 		add	r3, r7, #172
 301 0118 1946     		mov	r1, r3
 302 011a 2B48     		ldr	r0, .L12+16
 303 011c FFF7FEFF 		bl	HAL_GPIO_Init
 145:Src/stm32l4xx_hal_msp.c **** 
 146:Src/stm32l4xx_hal_msp.c ****   /* USER CODE BEGIN ADC1_MspInit 1 */
 147:Src/stm32l4xx_hal_msp.c **** 
 148:Src/stm32l4xx_hal_msp.c ****   /* USER CODE END ADC1_MspInit 1 */
 149:Src/stm32l4xx_hal_msp.c ****   }
 150:Src/stm32l4xx_hal_msp.c ****   else if(hadc->Instance==ADC2)
 151:Src/stm32l4xx_hal_msp.c ****   {
 152:Src/stm32l4xx_hal_msp.c ****   /* USER CODE BEGIN ADC2_MspInit 0 */
 153:Src/stm32l4xx_hal_msp.c **** 
 154:Src/stm32l4xx_hal_msp.c ****   /* USER CODE END ADC2_MspInit 0 */
 155:Src/stm32l4xx_hal_msp.c **** 
 156:Src/stm32l4xx_hal_msp.c ****   /** Initializes the peripherals clock
 157:Src/stm32l4xx_hal_msp.c ****   */
 158:Src/stm32l4xx_hal_msp.c ****     PeriphClkInit.PeriphClockSelection = RCC_PERIPHCLK_ADC;
 159:Src/stm32l4xx_hal_msp.c ****     PeriphClkInit.AdcClockSelection = RCC_ADCCLKSOURCE_SYSCLK;
ARM GAS  C:\Users\ep_ygh\AppData\Local\Temp\cc1qJiTf.s 			page 9


 160:Src/stm32l4xx_hal_msp.c ****     if (HAL_RCCEx_PeriphCLKConfig(&PeriphClkInit) != HAL_OK)
 161:Src/stm32l4xx_hal_msp.c ****     {
 162:Src/stm32l4xx_hal_msp.c ****       Error_Handler();
 163:Src/stm32l4xx_hal_msp.c ****     }
 164:Src/stm32l4xx_hal_msp.c **** 
 165:Src/stm32l4xx_hal_msp.c ****     /* Peripheral clock enable */
 166:Src/stm32l4xx_hal_msp.c ****     HAL_RCC_ADC_CLK_ENABLED++;
 167:Src/stm32l4xx_hal_msp.c ****     if(HAL_RCC_ADC_CLK_ENABLED==1){
 168:Src/stm32l4xx_hal_msp.c ****       __HAL_RCC_ADC_CLK_ENABLE();
 169:Src/stm32l4xx_hal_msp.c ****     }
 170:Src/stm32l4xx_hal_msp.c **** 
 171:Src/stm32l4xx_hal_msp.c ****     __HAL_RCC_GPIOC_CLK_ENABLE();
 172:Src/stm32l4xx_hal_msp.c ****     /**ADC2 GPIO Configuration
 173:Src/stm32l4xx_hal_msp.c ****     PC0     ------> ADC2_IN1
 174:Src/stm32l4xx_hal_msp.c ****     PC1     ------> ADC2_IN2
 175:Src/stm32l4xx_hal_msp.c ****     PC2     ------> ADC2_IN3
 176:Src/stm32l4xx_hal_msp.c ****     */
 177:Src/stm32l4xx_hal_msp.c ****     GPIO_InitStruct.Pin = HALL_H1_Pin|HALL_H2_Pin|GPIO_PIN_2;
 178:Src/stm32l4xx_hal_msp.c ****     GPIO_InitStruct.Mode = GPIO_MODE_ANALOG_ADC_CONTROL;
 179:Src/stm32l4xx_hal_msp.c ****     GPIO_InitStruct.Pull = GPIO_NOPULL;
 180:Src/stm32l4xx_hal_msp.c ****     HAL_GPIO_Init(GPIOC, &GPIO_InitStruct);
 181:Src/stm32l4xx_hal_msp.c **** 
 182:Src/stm32l4xx_hal_msp.c ****   /* USER CODE BEGIN ADC2_MspInit 1 */
 183:Src/stm32l4xx_hal_msp.c **** 
 184:Src/stm32l4xx_hal_msp.c ****   /* USER CODE END ADC2_MspInit 1 */
 185:Src/stm32l4xx_hal_msp.c ****   }
 186:Src/stm32l4xx_hal_msp.c **** 
 187:Src/stm32l4xx_hal_msp.c **** }
 304              		.loc 1 187 1
 305 0120 45E0     		b	.L11
 306              	.L5:
 150:Src/stm32l4xx_hal_msp.c ****   {
 307              		.loc 1 150 15
 308 0122 7B68     		ldr	r3, [r7, #4]
 309 0124 1B68     		ldr	r3, [r3]
 150:Src/stm32l4xx_hal_msp.c ****   {
 310              		.loc 1 150 10
 311 0126 294A     		ldr	r2, .L12+20
 312 0128 9342     		cmp	r3, r2
 313 012a 40D1     		bne	.L11
 158:Src/stm32l4xx_hal_msp.c ****     PeriphClkInit.AdcClockSelection = RCC_ADCCLKSOURCE_SYSCLK;
 314              		.loc 1 158 40
 315 012c 4FF48043 		mov	r3, #16384
 316 0130 7B62     		str	r3, [r7, #36]
 159:Src/stm32l4xx_hal_msp.c ****     if (HAL_RCCEx_PeriphCLKConfig(&PeriphClkInit) != HAL_OK)
 317              		.loc 1 159 37
 318 0132 4FF04053 		mov	r3, #805306368
 319 0136 C7F89C30 		str	r3, [r7, #156]
 160:Src/stm32l4xx_hal_msp.c ****     {
 320              		.loc 1 160 9
 321 013a 07F12403 		add	r3, r7, #36
 322 013e 1846     		mov	r0, r3
 323 0140 FFF7FEFF 		bl	HAL_RCCEx_PeriphCLKConfig
 324 0144 0346     		mov	r3, r0
 160:Src/stm32l4xx_hal_msp.c ****     {
 325              		.loc 1 160 8
 326 0146 002B     		cmp	r3, #0
ARM GAS  C:\Users\ep_ygh\AppData\Local\Temp\cc1qJiTf.s 			page 10


 327 0148 01D0     		beq	.L9
 162:Src/stm32l4xx_hal_msp.c ****     }
 328              		.loc 1 162 7
 329 014a FFF7FEFF 		bl	Error_Handler
 330              	.L9:
 166:Src/stm32l4xx_hal_msp.c ****     if(HAL_RCC_ADC_CLK_ENABLED==1){
 331              		.loc 1 166 28
 332 014e 1B4B     		ldr	r3, .L12+4
 333 0150 1B68     		ldr	r3, [r3]
 334 0152 0133     		adds	r3, r3, #1
 335 0154 194A     		ldr	r2, .L12+4
 336 0156 1360     		str	r3, [r2]
 167:Src/stm32l4xx_hal_msp.c ****       __HAL_RCC_ADC_CLK_ENABLE();
 337              		.loc 1 167 31
 338 0158 184B     		ldr	r3, .L12+4
 339 015a 1B68     		ldr	r3, [r3]
 167:Src/stm32l4xx_hal_msp.c ****       __HAL_RCC_ADC_CLK_ENABLE();
 340              		.loc 1 167 7
 341 015c 012B     		cmp	r3, #1
 342 015e 0BD1     		bne	.L10
 343              	.LBB8:
 168:Src/stm32l4xx_hal_msp.c ****     }
 344              		.loc 1 168 7
 345 0160 174B     		ldr	r3, .L12+8
 346 0162 DB6C     		ldr	r3, [r3, #76]
 347 0164 164A     		ldr	r2, .L12+8
 348 0166 43F40053 		orr	r3, r3, #8192
 349 016a D364     		str	r3, [r2, #76]
 350 016c 144B     		ldr	r3, .L12+8
 351 016e DB6C     		ldr	r3, [r3, #76]
 352 0170 03F40053 		and	r3, r3, #8192
 353 0174 3B61     		str	r3, [r7, #16]
 354 0176 3B69     		ldr	r3, [r7, #16]
 355              	.L10:
 356              	.LBE8:
 357              	.LBB9:
 171:Src/stm32l4xx_hal_msp.c ****     /**ADC2 GPIO Configuration
 358              		.loc 1 171 5
 359 0178 114B     		ldr	r3, .L12+8
 360 017a DB6C     		ldr	r3, [r3, #76]
 361 017c 104A     		ldr	r2, .L12+8
 362 017e 43F00403 		orr	r3, r3, #4
 363 0182 D364     		str	r3, [r2, #76]
 364 0184 0E4B     		ldr	r3, .L12+8
 365 0186 DB6C     		ldr	r3, [r3, #76]
 366 0188 03F00403 		and	r3, r3, #4
 367 018c FB60     		str	r3, [r7, #12]
 368 018e FB68     		ldr	r3, [r7, #12]
 369              	.LBE9:
 177:Src/stm32l4xx_hal_msp.c ****     GPIO_InitStruct.Mode = GPIO_MODE_ANALOG_ADC_CONTROL;
 370              		.loc 1 177 25
 371 0190 0723     		movs	r3, #7
 372 0192 C7F8AC30 		str	r3, [r7, #172]
 178:Src/stm32l4xx_hal_msp.c ****     GPIO_InitStruct.Pull = GPIO_NOPULL;
 373              		.loc 1 178 26
 374 0196 0B23     		movs	r3, #11
 375 0198 C7F8B030 		str	r3, [r7, #176]
ARM GAS  C:\Users\ep_ygh\AppData\Local\Temp\cc1qJiTf.s 			page 11


 179:Src/stm32l4xx_hal_msp.c ****     HAL_GPIO_Init(GPIOC, &GPIO_InitStruct);
 376              		.loc 1 179 26
 377 019c 0023     		movs	r3, #0
 378 019e C7F8B430 		str	r3, [r7, #180]
 180:Src/stm32l4xx_hal_msp.c **** 
 379              		.loc 1 180 5
 380 01a2 07F1AC03 		add	r3, r7, #172
 381 01a6 1946     		mov	r1, r3
 382 01a8 0648     		ldr	r0, .L12+12
 383 01aa FFF7FEFF 		bl	HAL_GPIO_Init
 384              	.L11:
 385              		.loc 1 187 1
 386 01ae 00BF     		nop
 387 01b0 C037     		adds	r7, r7, #192
 388              	.LCFI8:
 389              		.cfi_def_cfa_offset 8
 390 01b2 BD46     		mov	sp, r7
 391              	.LCFI9:
 392              		.cfi_def_cfa_register 13
 393              		@ sp needed
 394 01b4 80BD     		pop	{r7, pc}
 395              	.L13:
 396 01b6 00BF     		.align	2
 397              	.L12:
 398 01b8 00000450 		.word	1342439424
 399 01bc 00000000 		.word	HAL_RCC_ADC_CLK_ENABLED
 400 01c0 00100240 		.word	1073876992
 401 01c4 00080048 		.word	1207961600
 402 01c8 00040048 		.word	1207960576
 403 01cc 00010450 		.word	1342439680
 404              		.cfi_endproc
 405              	.LFE1091:
 407              		.section	.text.HAL_ADC_MspDeInit,"ax",%progbits
 408              		.align	1
 409              		.global	HAL_ADC_MspDeInit
 410              		.syntax unified
 411              		.thumb
 412              		.thumb_func
 414              	HAL_ADC_MspDeInit:
 415              	.LFB1092:
 188:Src/stm32l4xx_hal_msp.c **** 
 189:Src/stm32l4xx_hal_msp.c **** /**
 190:Src/stm32l4xx_hal_msp.c **** * @brief ADC MSP De-Initialization
 191:Src/stm32l4xx_hal_msp.c **** * This function freeze the hardware resources used in this example
 192:Src/stm32l4xx_hal_msp.c **** * @param hadc: ADC handle pointer
 193:Src/stm32l4xx_hal_msp.c **** * @retval None
 194:Src/stm32l4xx_hal_msp.c **** */
 195:Src/stm32l4xx_hal_msp.c **** void HAL_ADC_MspDeInit(ADC_HandleTypeDef* hadc)
 196:Src/stm32l4xx_hal_msp.c **** {
 416              		.loc 1 196 1
 417              		.cfi_startproc
 418              		@ args = 0, pretend = 0, frame = 8
 419              		@ frame_needed = 1, uses_anonymous_args = 0
 420 0000 80B5     		push	{r7, lr}
 421              	.LCFI10:
 422              		.cfi_def_cfa_offset 8
 423              		.cfi_offset 7, -8
ARM GAS  C:\Users\ep_ygh\AppData\Local\Temp\cc1qJiTf.s 			page 12


 424              		.cfi_offset 14, -4
 425 0002 82B0     		sub	sp, sp, #8
 426              	.LCFI11:
 427              		.cfi_def_cfa_offset 16
 428 0004 00AF     		add	r7, sp, #0
 429              	.LCFI12:
 430              		.cfi_def_cfa_register 7
 431 0006 7860     		str	r0, [r7, #4]
 197:Src/stm32l4xx_hal_msp.c ****   if(hadc->Instance==ADC1)
 432              		.loc 1 197 10
 433 0008 7B68     		ldr	r3, [r7, #4]
 434 000a 1B68     		ldr	r3, [r3]
 435              		.loc 1 197 5
 436 000c 1D4A     		ldr	r2, .L20
 437 000e 9342     		cmp	r3, r2
 438 0010 1CD1     		bne	.L15
 198:Src/stm32l4xx_hal_msp.c ****   {
 199:Src/stm32l4xx_hal_msp.c ****   /* USER CODE BEGIN ADC1_MspDeInit 0 */
 200:Src/stm32l4xx_hal_msp.c **** 
 201:Src/stm32l4xx_hal_msp.c ****   /* USER CODE END ADC1_MspDeInit 0 */
 202:Src/stm32l4xx_hal_msp.c ****     /* Peripheral clock disable */
 203:Src/stm32l4xx_hal_msp.c ****     HAL_RCC_ADC_CLK_ENABLED--;
 439              		.loc 1 203 28
 440 0012 1D4B     		ldr	r3, .L20+4
 441 0014 1B68     		ldr	r3, [r3]
 442 0016 013B     		subs	r3, r3, #1
 443 0018 1B4A     		ldr	r2, .L20+4
 444 001a 1360     		str	r3, [r2]
 204:Src/stm32l4xx_hal_msp.c ****     if(HAL_RCC_ADC_CLK_ENABLED==0){
 445              		.loc 1 204 31
 446 001c 1A4B     		ldr	r3, .L20+4
 447 001e 1B68     		ldr	r3, [r3]
 448              		.loc 1 204 7
 449 0020 002B     		cmp	r3, #0
 450 0022 05D1     		bne	.L16
 205:Src/stm32l4xx_hal_msp.c ****       __HAL_RCC_ADC_CLK_DISABLE();
 451              		.loc 1 205 7
 452 0024 194B     		ldr	r3, .L20+8
 453 0026 DB6C     		ldr	r3, [r3, #76]
 454 0028 184A     		ldr	r2, .L20+8
 455 002a 23F40053 		bic	r3, r3, #8192
 456 002e D364     		str	r3, [r2, #76]
 457              	.L16:
 206:Src/stm32l4xx_hal_msp.c ****     }
 207:Src/stm32l4xx_hal_msp.c **** 
 208:Src/stm32l4xx_hal_msp.c ****     /**ADC1 GPIO Configuration
 209:Src/stm32l4xx_hal_msp.c ****     PA0     ------> ADC1_IN5
 210:Src/stm32l4xx_hal_msp.c ****     PA1     ------> ADC1_IN6
 211:Src/stm32l4xx_hal_msp.c ****     PC4     ------> ADC1_IN13
 212:Src/stm32l4xx_hal_msp.c ****     PB0     ------> ADC1_IN15
 213:Src/stm32l4xx_hal_msp.c ****     PB1     ------> ADC1_IN16
 214:Src/stm32l4xx_hal_msp.c ****     */
 215:Src/stm32l4xx_hal_msp.c ****     HAL_GPIO_DeInit(GPIOA, M1_BUS_VOLTAGE_Pin|M1_CURR_AMPL_U_Pin);
 458              		.loc 1 215 5
 459 0030 0321     		movs	r1, #3
 460 0032 4FF09040 		mov	r0, #1207959552
 461 0036 FFF7FEFF 		bl	HAL_GPIO_DeInit
ARM GAS  C:\Users\ep_ygh\AppData\Local\Temp\cc1qJiTf.s 			page 13


 216:Src/stm32l4xx_hal_msp.c **** 
 217:Src/stm32l4xx_hal_msp.c ****     HAL_GPIO_DeInit(M1_TEMPERATURE_GPIO_Port, M1_TEMPERATURE_Pin);
 462              		.loc 1 217 5
 463 003a 1021     		movs	r1, #16
 464 003c 1448     		ldr	r0, .L20+12
 465 003e FFF7FEFF 		bl	HAL_GPIO_DeInit
 218:Src/stm32l4xx_hal_msp.c **** 
 219:Src/stm32l4xx_hal_msp.c ****     HAL_GPIO_DeInit(GPIOB, M1_CURR_AMPL_W_Pin|M1_CURR_AMPL_V_Pin);
 466              		.loc 1 219 5
 467 0042 0321     		movs	r1, #3
 468 0044 1348     		ldr	r0, .L20+16
 469 0046 FFF7FEFF 		bl	HAL_GPIO_DeInit
 220:Src/stm32l4xx_hal_msp.c **** 
 221:Src/stm32l4xx_hal_msp.c ****     /* ADC1 interrupt DeInit */
 222:Src/stm32l4xx_hal_msp.c ****   /* USER CODE BEGIN ADC1:ADC1_2_IRQn disable */
 223:Src/stm32l4xx_hal_msp.c ****     /**
 224:Src/stm32l4xx_hal_msp.c ****     * Uncomment the line below to disable the "ADC1_2_IRQn" interrupt
 225:Src/stm32l4xx_hal_msp.c ****     * Be aware, disabling shared interrupt may affect other IPs
 226:Src/stm32l4xx_hal_msp.c ****     */
 227:Src/stm32l4xx_hal_msp.c ****     /* HAL_NVIC_DisableIRQ(ADC1_2_IRQn); */
 228:Src/stm32l4xx_hal_msp.c ****   /* USER CODE END ADC1:ADC1_2_IRQn disable */
 229:Src/stm32l4xx_hal_msp.c **** 
 230:Src/stm32l4xx_hal_msp.c ****   /* USER CODE BEGIN ADC1_MspDeInit 1 */
 231:Src/stm32l4xx_hal_msp.c **** 
 232:Src/stm32l4xx_hal_msp.c ****   /* USER CODE END ADC1_MspDeInit 1 */
 233:Src/stm32l4xx_hal_msp.c ****   }
 234:Src/stm32l4xx_hal_msp.c ****   else if(hadc->Instance==ADC2)
 235:Src/stm32l4xx_hal_msp.c ****   {
 236:Src/stm32l4xx_hal_msp.c ****   /* USER CODE BEGIN ADC2_MspDeInit 0 */
 237:Src/stm32l4xx_hal_msp.c **** 
 238:Src/stm32l4xx_hal_msp.c ****   /* USER CODE END ADC2_MspDeInit 0 */
 239:Src/stm32l4xx_hal_msp.c ****     /* Peripheral clock disable */
 240:Src/stm32l4xx_hal_msp.c ****     HAL_RCC_ADC_CLK_ENABLED--;
 241:Src/stm32l4xx_hal_msp.c ****     if(HAL_RCC_ADC_CLK_ENABLED==0){
 242:Src/stm32l4xx_hal_msp.c ****       __HAL_RCC_ADC_CLK_DISABLE();
 243:Src/stm32l4xx_hal_msp.c ****     }
 244:Src/stm32l4xx_hal_msp.c **** 
 245:Src/stm32l4xx_hal_msp.c ****     /**ADC2 GPIO Configuration
 246:Src/stm32l4xx_hal_msp.c ****     PC0     ------> ADC2_IN1
 247:Src/stm32l4xx_hal_msp.c ****     PC1     ------> ADC2_IN2
 248:Src/stm32l4xx_hal_msp.c ****     PC2     ------> ADC2_IN3
 249:Src/stm32l4xx_hal_msp.c ****     */
 250:Src/stm32l4xx_hal_msp.c ****     HAL_GPIO_DeInit(GPIOC, HALL_H1_Pin|HALL_H2_Pin|GPIO_PIN_2);
 251:Src/stm32l4xx_hal_msp.c **** 
 252:Src/stm32l4xx_hal_msp.c ****     /* ADC2 interrupt DeInit */
 253:Src/stm32l4xx_hal_msp.c ****   /* USER CODE BEGIN ADC2:ADC1_2_IRQn disable */
 254:Src/stm32l4xx_hal_msp.c ****     /**
 255:Src/stm32l4xx_hal_msp.c ****     * Uncomment the line below to disable the "ADC1_2_IRQn" interrupt
 256:Src/stm32l4xx_hal_msp.c ****     * Be aware, disabling shared interrupt may affect other IPs
 257:Src/stm32l4xx_hal_msp.c ****     */
 258:Src/stm32l4xx_hal_msp.c ****     /* HAL_NVIC_DisableIRQ(ADC1_2_IRQn); */
 259:Src/stm32l4xx_hal_msp.c ****   /* USER CODE END ADC2:ADC1_2_IRQn disable */
 260:Src/stm32l4xx_hal_msp.c **** 
 261:Src/stm32l4xx_hal_msp.c ****   /* USER CODE BEGIN ADC2_MspDeInit 1 */
 262:Src/stm32l4xx_hal_msp.c **** 
 263:Src/stm32l4xx_hal_msp.c ****   /* USER CODE END ADC2_MspDeInit 1 */
 264:Src/stm32l4xx_hal_msp.c ****   }
ARM GAS  C:\Users\ep_ygh\AppData\Local\Temp\cc1qJiTf.s 			page 14


 265:Src/stm32l4xx_hal_msp.c **** 
 266:Src/stm32l4xx_hal_msp.c **** }
 470              		.loc 1 266 1
 471 004a 17E0     		b	.L19
 472              	.L15:
 234:Src/stm32l4xx_hal_msp.c ****   {
 473              		.loc 1 234 15
 474 004c 7B68     		ldr	r3, [r7, #4]
 475 004e 1B68     		ldr	r3, [r3]
 234:Src/stm32l4xx_hal_msp.c ****   {
 476              		.loc 1 234 10
 477 0050 114A     		ldr	r2, .L20+20
 478 0052 9342     		cmp	r3, r2
 479 0054 12D1     		bne	.L19
 240:Src/stm32l4xx_hal_msp.c ****     if(HAL_RCC_ADC_CLK_ENABLED==0){
 480              		.loc 1 240 28
 481 0056 0C4B     		ldr	r3, .L20+4
 482 0058 1B68     		ldr	r3, [r3]
 483 005a 013B     		subs	r3, r3, #1
 484 005c 0A4A     		ldr	r2, .L20+4
 485 005e 1360     		str	r3, [r2]
 241:Src/stm32l4xx_hal_msp.c ****       __HAL_RCC_ADC_CLK_DISABLE();
 486              		.loc 1 241 31
 487 0060 094B     		ldr	r3, .L20+4
 488 0062 1B68     		ldr	r3, [r3]
 241:Src/stm32l4xx_hal_msp.c ****       __HAL_RCC_ADC_CLK_DISABLE();
 489              		.loc 1 241 7
 490 0064 002B     		cmp	r3, #0
 491 0066 05D1     		bne	.L18
 242:Src/stm32l4xx_hal_msp.c ****     }
 492              		.loc 1 242 7
 493 0068 084B     		ldr	r3, .L20+8
 494 006a DB6C     		ldr	r3, [r3, #76]
 495 006c 074A     		ldr	r2, .L20+8
 496 006e 23F40053 		bic	r3, r3, #8192
 497 0072 D364     		str	r3, [r2, #76]
 498              	.L18:
 250:Src/stm32l4xx_hal_msp.c **** 
 499              		.loc 1 250 5
 500 0074 0721     		movs	r1, #7
 501 0076 0648     		ldr	r0, .L20+12
 502 0078 FFF7FEFF 		bl	HAL_GPIO_DeInit
 503              	.L19:
 504              		.loc 1 266 1
 505 007c 00BF     		nop
 506 007e 0837     		adds	r7, r7, #8
 507              	.LCFI13:
 508              		.cfi_def_cfa_offset 8
 509 0080 BD46     		mov	sp, r7
 510              	.LCFI14:
 511              		.cfi_def_cfa_register 13
 512              		@ sp needed
 513 0082 80BD     		pop	{r7, pc}
 514              	.L21:
 515              		.align	2
 516              	.L20:
 517 0084 00000450 		.word	1342439424
ARM GAS  C:\Users\ep_ygh\AppData\Local\Temp\cc1qJiTf.s 			page 15


 518 0088 00000000 		.word	HAL_RCC_ADC_CLK_ENABLED
 519 008c 00100240 		.word	1073876992
 520 0090 00080048 		.word	1207961600
 521 0094 00040048 		.word	1207960576
 522 0098 00010450 		.word	1342439680
 523              		.cfi_endproc
 524              	.LFE1092:
 526              		.section	.text.HAL_TIM_Base_MspInit,"ax",%progbits
 527              		.align	1
 528              		.global	HAL_TIM_Base_MspInit
 529              		.syntax unified
 530              		.thumb
 531              		.thumb_func
 533              	HAL_TIM_Base_MspInit:
 534              	.LFB1093:
 267:Src/stm32l4xx_hal_msp.c **** 
 268:Src/stm32l4xx_hal_msp.c **** /**
 269:Src/stm32l4xx_hal_msp.c **** * @brief TIM_Base MSP Initialization
 270:Src/stm32l4xx_hal_msp.c **** * This function configures the hardware resources used in this example
 271:Src/stm32l4xx_hal_msp.c **** * @param htim_base: TIM_Base handle pointer
 272:Src/stm32l4xx_hal_msp.c **** * @retval None
 273:Src/stm32l4xx_hal_msp.c **** */
 274:Src/stm32l4xx_hal_msp.c **** void HAL_TIM_Base_MspInit(TIM_HandleTypeDef* htim_base)
 275:Src/stm32l4xx_hal_msp.c **** {
 535              		.loc 1 275 1
 536              		.cfi_startproc
 537              		@ args = 0, pretend = 0, frame = 40
 538              		@ frame_needed = 1, uses_anonymous_args = 0
 539 0000 80B5     		push	{r7, lr}
 540              	.LCFI15:
 541              		.cfi_def_cfa_offset 8
 542              		.cfi_offset 7, -8
 543              		.cfi_offset 14, -4
 544 0002 8AB0     		sub	sp, sp, #40
 545              	.LCFI16:
 546              		.cfi_def_cfa_offset 48
 547 0004 00AF     		add	r7, sp, #0
 548              	.LCFI17:
 549              		.cfi_def_cfa_register 7
 550 0006 7860     		str	r0, [r7, #4]
 276:Src/stm32l4xx_hal_msp.c ****   GPIO_InitTypeDef GPIO_InitStruct = {0};
 551              		.loc 1 276 20
 552 0008 07F11403 		add	r3, r7, #20
 553 000c 0022     		movs	r2, #0
 554 000e 1A60     		str	r2, [r3]
 555 0010 5A60     		str	r2, [r3, #4]
 556 0012 9A60     		str	r2, [r3, #8]
 557 0014 DA60     		str	r2, [r3, #12]
 558 0016 1A61     		str	r2, [r3, #16]
 277:Src/stm32l4xx_hal_msp.c ****   if(htim_base->Instance==TIM1)
 559              		.loc 1 277 15
 560 0018 7B68     		ldr	r3, [r7, #4]
 561 001a 1B68     		ldr	r3, [r3]
 562              		.loc 1 277 5
 563 001c 254A     		ldr	r2, .L26
 564 001e 9342     		cmp	r3, r2
 565 0020 2AD1     		bne	.L23
ARM GAS  C:\Users\ep_ygh\AppData\Local\Temp\cc1qJiTf.s 			page 16


 566              	.LBB10:
 278:Src/stm32l4xx_hal_msp.c ****   {
 279:Src/stm32l4xx_hal_msp.c ****   /* USER CODE BEGIN TIM1_MspInit 0 */
 280:Src/stm32l4xx_hal_msp.c **** 
 281:Src/stm32l4xx_hal_msp.c ****   /* USER CODE END TIM1_MspInit 0 */
 282:Src/stm32l4xx_hal_msp.c ****     /* Peripheral clock enable */
 283:Src/stm32l4xx_hal_msp.c ****     __HAL_RCC_TIM1_CLK_ENABLE();
 567              		.loc 1 283 5
 568 0022 254B     		ldr	r3, .L26+4
 569 0024 1B6E     		ldr	r3, [r3, #96]
 570 0026 244A     		ldr	r2, .L26+4
 571 0028 43F40063 		orr	r3, r3, #2048
 572 002c 1366     		str	r3, [r2, #96]
 573 002e 224B     		ldr	r3, .L26+4
 574 0030 1B6E     		ldr	r3, [r3, #96]
 575 0032 03F40063 		and	r3, r3, #2048
 576 0036 3B61     		str	r3, [r7, #16]
 577 0038 3B69     		ldr	r3, [r7, #16]
 578              	.LBE10:
 579              	.LBB11:
 284:Src/stm32l4xx_hal_msp.c **** 
 285:Src/stm32l4xx_hal_msp.c ****     __HAL_RCC_GPIOA_CLK_ENABLE();
 580              		.loc 1 285 5
 581 003a 1F4B     		ldr	r3, .L26+4
 582 003c DB6C     		ldr	r3, [r3, #76]
 583 003e 1E4A     		ldr	r2, .L26+4
 584 0040 43F00103 		orr	r3, r3, #1
 585 0044 D364     		str	r3, [r2, #76]
 586 0046 1C4B     		ldr	r3, .L26+4
 587 0048 DB6C     		ldr	r3, [r3, #76]
 588 004a 03F00103 		and	r3, r3, #1
 589 004e FB60     		str	r3, [r7, #12]
 590 0050 FB68     		ldr	r3, [r7, #12]
 591              	.LBE11:
 286:Src/stm32l4xx_hal_msp.c ****     /**TIM1 GPIO Configuration
 287:Src/stm32l4xx_hal_msp.c ****     PA11     ------> TIM1_BKIN2
 288:Src/stm32l4xx_hal_msp.c ****     */
 289:Src/stm32l4xx_hal_msp.c ****     GPIO_InitStruct.Pin = M1_DP_Pin;
 592              		.loc 1 289 25
 593 0052 4FF40063 		mov	r3, #2048
 594 0056 7B61     		str	r3, [r7, #20]
 290:Src/stm32l4xx_hal_msp.c ****     GPIO_InitStruct.Mode = GPIO_MODE_AF_PP;
 595              		.loc 1 290 26
 596 0058 0223     		movs	r3, #2
 597 005a BB61     		str	r3, [r7, #24]
 291:Src/stm32l4xx_hal_msp.c ****     GPIO_InitStruct.Pull = GPIO_PULLUP;
 598              		.loc 1 291 26
 599 005c 0123     		movs	r3, #1
 600 005e FB61     		str	r3, [r7, #28]
 292:Src/stm32l4xx_hal_msp.c ****     GPIO_InitStruct.Speed = GPIO_SPEED_FREQ_LOW;
 601              		.loc 1 292 27
 602 0060 0023     		movs	r3, #0
 603 0062 3B62     		str	r3, [r7, #32]
 293:Src/stm32l4xx_hal_msp.c ****     GPIO_InitStruct.Alternate = GPIO_AF2_TIM1;
 604              		.loc 1 293 31
 605 0064 0223     		movs	r3, #2
 606 0066 7B62     		str	r3, [r7, #36]
ARM GAS  C:\Users\ep_ygh\AppData\Local\Temp\cc1qJiTf.s 			page 17


 294:Src/stm32l4xx_hal_msp.c ****     HAL_GPIO_Init(M1_DP_GPIO_Port, &GPIO_InitStruct);
 607              		.loc 1 294 5
 608 0068 07F11403 		add	r3, r7, #20
 609 006c 1946     		mov	r1, r3
 610 006e 4FF09040 		mov	r0, #1207959552
 611 0072 FFF7FEFF 		bl	HAL_GPIO_Init
 295:Src/stm32l4xx_hal_msp.c **** 
 296:Src/stm32l4xx_hal_msp.c ****   /* USER CODE BEGIN TIM1_MspInit 1 */
 297:Src/stm32l4xx_hal_msp.c **** 
 298:Src/stm32l4xx_hal_msp.c ****   /* USER CODE END TIM1_MspInit 1 */
 299:Src/stm32l4xx_hal_msp.c ****   }
 300:Src/stm32l4xx_hal_msp.c ****   else if(htim_base->Instance==TIM4)
 301:Src/stm32l4xx_hal_msp.c ****   {
 302:Src/stm32l4xx_hal_msp.c ****   /* USER CODE BEGIN TIM4_MspInit 0 */
 303:Src/stm32l4xx_hal_msp.c **** 
 304:Src/stm32l4xx_hal_msp.c ****   /* USER CODE END TIM4_MspInit 0 */
 305:Src/stm32l4xx_hal_msp.c ****     /* Peripheral clock enable */
 306:Src/stm32l4xx_hal_msp.c ****     __HAL_RCC_TIM4_CLK_ENABLE();
 307:Src/stm32l4xx_hal_msp.c ****     /* TIM4 interrupt Init */
 308:Src/stm32l4xx_hal_msp.c ****     HAL_NVIC_SetPriority(TIM4_IRQn, 5, 0);
 309:Src/stm32l4xx_hal_msp.c ****     HAL_NVIC_EnableIRQ(TIM4_IRQn);
 310:Src/stm32l4xx_hal_msp.c ****   /* USER CODE BEGIN TIM4_MspInit 1 */
 311:Src/stm32l4xx_hal_msp.c **** 
 312:Src/stm32l4xx_hal_msp.c ****   /* USER CODE END TIM4_MspInit 1 */
 313:Src/stm32l4xx_hal_msp.c ****   }
 314:Src/stm32l4xx_hal_msp.c **** 
 315:Src/stm32l4xx_hal_msp.c **** }
 612              		.loc 1 315 1
 613 0076 18E0     		b	.L25
 614              	.L23:
 300:Src/stm32l4xx_hal_msp.c ****   {
 615              		.loc 1 300 20
 616 0078 7B68     		ldr	r3, [r7, #4]
 617 007a 1B68     		ldr	r3, [r3]
 300:Src/stm32l4xx_hal_msp.c ****   {
 618              		.loc 1 300 10
 619 007c 0F4A     		ldr	r2, .L26+8
 620 007e 9342     		cmp	r3, r2
 621 0080 13D1     		bne	.L25
 622              	.LBB12:
 306:Src/stm32l4xx_hal_msp.c ****     /* TIM4 interrupt Init */
 623              		.loc 1 306 5
 624 0082 0D4B     		ldr	r3, .L26+4
 625 0084 9B6D     		ldr	r3, [r3, #88]
 626 0086 0C4A     		ldr	r2, .L26+4
 627 0088 43F00403 		orr	r3, r3, #4
 628 008c 9365     		str	r3, [r2, #88]
 629 008e 0A4B     		ldr	r3, .L26+4
 630 0090 9B6D     		ldr	r3, [r3, #88]
 631 0092 03F00403 		and	r3, r3, #4
 632 0096 BB60     		str	r3, [r7, #8]
 633 0098 BB68     		ldr	r3, [r7, #8]
 634              	.LBE12:
 308:Src/stm32l4xx_hal_msp.c ****     HAL_NVIC_EnableIRQ(TIM4_IRQn);
 635              		.loc 1 308 5
 636 009a 0022     		movs	r2, #0
 637 009c 0521     		movs	r1, #5
ARM GAS  C:\Users\ep_ygh\AppData\Local\Temp\cc1qJiTf.s 			page 18


 638 009e 1E20     		movs	r0, #30
 639 00a0 FFF7FEFF 		bl	HAL_NVIC_SetPriority
 309:Src/stm32l4xx_hal_msp.c ****   /* USER CODE BEGIN TIM4_MspInit 1 */
 640              		.loc 1 309 5
 641 00a4 1E20     		movs	r0, #30
 642 00a6 FFF7FEFF 		bl	HAL_NVIC_EnableIRQ
 643              	.L25:
 644              		.loc 1 315 1
 645 00aa 00BF     		nop
 646 00ac 2837     		adds	r7, r7, #40
 647              	.LCFI18:
 648              		.cfi_def_cfa_offset 8
 649 00ae BD46     		mov	sp, r7
 650              	.LCFI19:
 651              		.cfi_def_cfa_register 13
 652              		@ sp needed
 653 00b0 80BD     		pop	{r7, pc}
 654              	.L27:
 655 00b2 00BF     		.align	2
 656              	.L26:
 657 00b4 002C0140 		.word	1073818624
 658 00b8 00100240 		.word	1073876992
 659 00bc 00080040 		.word	1073743872
 660              		.cfi_endproc
 661              	.LFE1093:
 663              		.section	.text.HAL_TIM_Encoder_MspInit,"ax",%progbits
 664              		.align	1
 665              		.global	HAL_TIM_Encoder_MspInit
 666              		.syntax unified
 667              		.thumb
 668              		.thumb_func
 670              	HAL_TIM_Encoder_MspInit:
 671              	.LFB1094:
 316:Src/stm32l4xx_hal_msp.c **** 
 317:Src/stm32l4xx_hal_msp.c **** /**
 318:Src/stm32l4xx_hal_msp.c **** * @brief TIM_Encoder MSP Initialization
 319:Src/stm32l4xx_hal_msp.c **** * This function configures the hardware resources used in this example
 320:Src/stm32l4xx_hal_msp.c **** * @param htim_encoder: TIM_Encoder handle pointer
 321:Src/stm32l4xx_hal_msp.c **** * @retval None
 322:Src/stm32l4xx_hal_msp.c **** */
 323:Src/stm32l4xx_hal_msp.c **** void HAL_TIM_Encoder_MspInit(TIM_HandleTypeDef* htim_encoder)
 324:Src/stm32l4xx_hal_msp.c **** {
 672              		.loc 1 324 1
 673              		.cfi_startproc
 674              		@ args = 0, pretend = 0, frame = 40
 675              		@ frame_needed = 1, uses_anonymous_args = 0
 676 0000 80B5     		push	{r7, lr}
 677              	.LCFI20:
 678              		.cfi_def_cfa_offset 8
 679              		.cfi_offset 7, -8
 680              		.cfi_offset 14, -4
 681 0002 8AB0     		sub	sp, sp, #40
 682              	.LCFI21:
 683              		.cfi_def_cfa_offset 48
 684 0004 00AF     		add	r7, sp, #0
 685              	.LCFI22:
 686              		.cfi_def_cfa_register 7
ARM GAS  C:\Users\ep_ygh\AppData\Local\Temp\cc1qJiTf.s 			page 19


 687 0006 7860     		str	r0, [r7, #4]
 325:Src/stm32l4xx_hal_msp.c ****   GPIO_InitTypeDef GPIO_InitStruct = {0};
 688              		.loc 1 325 20
 689 0008 07F11403 		add	r3, r7, #20
 690 000c 0022     		movs	r2, #0
 691 000e 1A60     		str	r2, [r3]
 692 0010 5A60     		str	r2, [r3, #4]
 693 0012 9A60     		str	r2, [r3, #8]
 694 0014 DA60     		str	r2, [r3, #12]
 695 0016 1A61     		str	r2, [r3, #16]
 326:Src/stm32l4xx_hal_msp.c ****   if(htim_encoder->Instance==TIM3)
 696              		.loc 1 326 18
 697 0018 7B68     		ldr	r3, [r7, #4]
 698 001a 1B68     		ldr	r3, [r3]
 699              		.loc 1 326 5
 700 001c 174A     		ldr	r2, .L31
 701 001e 9342     		cmp	r3, r2
 702 0020 27D1     		bne	.L30
 703              	.LBB13:
 327:Src/stm32l4xx_hal_msp.c ****   {
 328:Src/stm32l4xx_hal_msp.c ****   /* USER CODE BEGIN TIM3_MspInit 0 */
 329:Src/stm32l4xx_hal_msp.c **** 
 330:Src/stm32l4xx_hal_msp.c ****   /* USER CODE END TIM3_MspInit 0 */
 331:Src/stm32l4xx_hal_msp.c ****     /* Peripheral clock enable */
 332:Src/stm32l4xx_hal_msp.c ****     __HAL_RCC_TIM3_CLK_ENABLE();
 704              		.loc 1 332 5
 705 0022 174B     		ldr	r3, .L31+4
 706 0024 9B6D     		ldr	r3, [r3, #88]
 707 0026 164A     		ldr	r2, .L31+4
 708 0028 43F00203 		orr	r3, r3, #2
 709 002c 9365     		str	r3, [r2, #88]
 710 002e 144B     		ldr	r3, .L31+4
 711 0030 9B6D     		ldr	r3, [r3, #88]
 712 0032 03F00203 		and	r3, r3, #2
 713 0036 3B61     		str	r3, [r7, #16]
 714 0038 3B69     		ldr	r3, [r7, #16]
 715              	.LBE13:
 716              	.LBB14:
 333:Src/stm32l4xx_hal_msp.c **** 
 334:Src/stm32l4xx_hal_msp.c ****     __HAL_RCC_GPIOC_CLK_ENABLE();
 717              		.loc 1 334 5
 718 003a 114B     		ldr	r3, .L31+4
 719 003c DB6C     		ldr	r3, [r3, #76]
 720 003e 104A     		ldr	r2, .L31+4
 721 0040 43F00403 		orr	r3, r3, #4
 722 0044 D364     		str	r3, [r2, #76]
 723 0046 0E4B     		ldr	r3, .L31+4
 724 0048 DB6C     		ldr	r3, [r3, #76]
 725 004a 03F00403 		and	r3, r3, #4
 726 004e FB60     		str	r3, [r7, #12]
 727 0050 FB68     		ldr	r3, [r7, #12]
 728              	.LBE14:
 335:Src/stm32l4xx_hal_msp.c ****     /**TIM3 GPIO Configuration
 336:Src/stm32l4xx_hal_msp.c ****     PC6     ------> TIM3_CH1
 337:Src/stm32l4xx_hal_msp.c ****     PC7     ------> TIM3_CH2
 338:Src/stm32l4xx_hal_msp.c ****     */
 339:Src/stm32l4xx_hal_msp.c ****     GPIO_InitStruct.Pin = M1_ENCODER_A_Pin|M1_ENCODER_B_Pin;
ARM GAS  C:\Users\ep_ygh\AppData\Local\Temp\cc1qJiTf.s 			page 20


 729              		.loc 1 339 25
 730 0052 C023     		movs	r3, #192
 731 0054 7B61     		str	r3, [r7, #20]
 340:Src/stm32l4xx_hal_msp.c ****     GPIO_InitStruct.Mode = GPIO_MODE_AF_PP;
 732              		.loc 1 340 26
 733 0056 0223     		movs	r3, #2
 734 0058 BB61     		str	r3, [r7, #24]
 341:Src/stm32l4xx_hal_msp.c ****     GPIO_InitStruct.Pull = GPIO_NOPULL;
 735              		.loc 1 341 26
 736 005a 0023     		movs	r3, #0
 737 005c FB61     		str	r3, [r7, #28]
 342:Src/stm32l4xx_hal_msp.c ****     GPIO_InitStruct.Speed = GPIO_SPEED_FREQ_LOW;
 738              		.loc 1 342 27
 739 005e 0023     		movs	r3, #0
 740 0060 3B62     		str	r3, [r7, #32]
 343:Src/stm32l4xx_hal_msp.c ****     GPIO_InitStruct.Alternate = GPIO_AF2_TIM3;
 741              		.loc 1 343 31
 742 0062 0223     		movs	r3, #2
 743 0064 7B62     		str	r3, [r7, #36]
 344:Src/stm32l4xx_hal_msp.c ****     HAL_GPIO_Init(GPIOC, &GPIO_InitStruct);
 744              		.loc 1 344 5
 745 0066 07F11403 		add	r3, r7, #20
 746 006a 1946     		mov	r1, r3
 747 006c 0548     		ldr	r0, .L31+8
 748 006e FFF7FEFF 		bl	HAL_GPIO_Init
 749              	.L30:
 345:Src/stm32l4xx_hal_msp.c **** 
 346:Src/stm32l4xx_hal_msp.c ****   /* USER CODE BEGIN TIM3_MspInit 1 */
 347:Src/stm32l4xx_hal_msp.c **** 
 348:Src/stm32l4xx_hal_msp.c ****   /* USER CODE END TIM3_MspInit 1 */
 349:Src/stm32l4xx_hal_msp.c **** 
 350:Src/stm32l4xx_hal_msp.c ****   }
 351:Src/stm32l4xx_hal_msp.c **** 
 352:Src/stm32l4xx_hal_msp.c **** }
 750              		.loc 1 352 1
 751 0072 00BF     		nop
 752 0074 2837     		adds	r7, r7, #40
 753              	.LCFI23:
 754              		.cfi_def_cfa_offset 8
 755 0076 BD46     		mov	sp, r7
 756              	.LCFI24:
 757              		.cfi_def_cfa_register 13
 758              		@ sp needed
 759 0078 80BD     		pop	{r7, pc}
 760              	.L32:
 761 007a 00BF     		.align	2
 762              	.L31:
 763 007c 00040040 		.word	1073742848
 764 0080 00100240 		.word	1073876992
 765 0084 00080048 		.word	1207961600
 766              		.cfi_endproc
 767              	.LFE1094:
 769              		.section	.text.HAL_TIM_MspPostInit,"ax",%progbits
 770              		.align	1
 771              		.global	HAL_TIM_MspPostInit
 772              		.syntax unified
 773              		.thumb
ARM GAS  C:\Users\ep_ygh\AppData\Local\Temp\cc1qJiTf.s 			page 21


 774              		.thumb_func
 776              	HAL_TIM_MspPostInit:
 777              	.LFB1095:
 353:Src/stm32l4xx_hal_msp.c **** 
 354:Src/stm32l4xx_hal_msp.c **** void HAL_TIM_MspPostInit(TIM_HandleTypeDef* htim)
 355:Src/stm32l4xx_hal_msp.c **** {
 778              		.loc 1 355 1
 779              		.cfi_startproc
 780              		@ args = 0, pretend = 0, frame = 32
 781              		@ frame_needed = 1, uses_anonymous_args = 0
 782 0000 80B5     		push	{r7, lr}
 783              	.LCFI25:
 784              		.cfi_def_cfa_offset 8
 785              		.cfi_offset 7, -8
 786              		.cfi_offset 14, -4
 787 0002 88B0     		sub	sp, sp, #32
 788              	.LCFI26:
 789              		.cfi_def_cfa_offset 40
 790 0004 00AF     		add	r7, sp, #0
 791              	.LCFI27:
 792              		.cfi_def_cfa_register 7
 793 0006 7860     		str	r0, [r7, #4]
 356:Src/stm32l4xx_hal_msp.c ****   GPIO_InitTypeDef GPIO_InitStruct = {0};
 794              		.loc 1 356 20
 795 0008 07F10C03 		add	r3, r7, #12
 796 000c 0022     		movs	r2, #0
 797 000e 1A60     		str	r2, [r3]
 798 0010 5A60     		str	r2, [r3, #4]
 799 0012 9A60     		str	r2, [r3, #8]
 800 0014 DA60     		str	r2, [r3, #12]
 801 0016 1A61     		str	r2, [r3, #16]
 357:Src/stm32l4xx_hal_msp.c ****   if(htim->Instance==TIM1)
 802              		.loc 1 357 10
 803 0018 7B68     		ldr	r3, [r7, #4]
 804 001a 1B68     		ldr	r3, [r3]
 805              		.loc 1 357 5
 806 001c 124A     		ldr	r2, .L36
 807 001e 9342     		cmp	r3, r2
 808 0020 1DD1     		bne	.L35
 809              	.LBB15:
 358:Src/stm32l4xx_hal_msp.c ****   {
 359:Src/stm32l4xx_hal_msp.c ****   /* USER CODE BEGIN TIM1_MspPostInit 0 */
 360:Src/stm32l4xx_hal_msp.c **** 
 361:Src/stm32l4xx_hal_msp.c ****   /* USER CODE END TIM1_MspPostInit 0 */
 362:Src/stm32l4xx_hal_msp.c **** 
 363:Src/stm32l4xx_hal_msp.c ****     __HAL_RCC_GPIOA_CLK_ENABLE();
 810              		.loc 1 363 5
 811 0022 124B     		ldr	r3, .L36+4
 812 0024 DB6C     		ldr	r3, [r3, #76]
 813 0026 114A     		ldr	r2, .L36+4
 814 0028 43F00103 		orr	r3, r3, #1
 815 002c D364     		str	r3, [r2, #76]
 816 002e 0F4B     		ldr	r3, .L36+4
 817 0030 DB6C     		ldr	r3, [r3, #76]
 818 0032 03F00103 		and	r3, r3, #1
 819 0036 BB60     		str	r3, [r7, #8]
 820 0038 BB68     		ldr	r3, [r7, #8]
ARM GAS  C:\Users\ep_ygh\AppData\Local\Temp\cc1qJiTf.s 			page 22


 821              	.LBE15:
 364:Src/stm32l4xx_hal_msp.c ****     /**TIM1 GPIO Configuration
 365:Src/stm32l4xx_hal_msp.c ****     PA8     ------> TIM1_CH1
 366:Src/stm32l4xx_hal_msp.c ****     PA9     ------> TIM1_CH2
 367:Src/stm32l4xx_hal_msp.c ****     PA10     ------> TIM1_CH3
 368:Src/stm32l4xx_hal_msp.c ****     */
 369:Src/stm32l4xx_hal_msp.c ****     GPIO_InitStruct.Pin = M1_PWM_UH_Pin|M1_PWM_VH_Pin|M1_PWM_WH_Pin;
 822              		.loc 1 369 25
 823 003a 4FF4E063 		mov	r3, #1792
 824 003e FB60     		str	r3, [r7, #12]
 370:Src/stm32l4xx_hal_msp.c ****     GPIO_InitStruct.Mode = GPIO_MODE_AF_PP;
 825              		.loc 1 370 26
 826 0040 0223     		movs	r3, #2
 827 0042 3B61     		str	r3, [r7, #16]
 371:Src/stm32l4xx_hal_msp.c ****     GPIO_InitStruct.Pull = GPIO_PULLDOWN;
 828              		.loc 1 371 26
 829 0044 0223     		movs	r3, #2
 830 0046 7B61     		str	r3, [r7, #20]
 372:Src/stm32l4xx_hal_msp.c ****     GPIO_InitStruct.Speed = GPIO_SPEED_FREQ_HIGH;
 831              		.loc 1 372 27
 832 0048 0223     		movs	r3, #2
 833 004a BB61     		str	r3, [r7, #24]
 373:Src/stm32l4xx_hal_msp.c ****     GPIO_InitStruct.Alternate = GPIO_AF1_TIM1;
 834              		.loc 1 373 31
 835 004c 0123     		movs	r3, #1
 836 004e FB61     		str	r3, [r7, #28]
 374:Src/stm32l4xx_hal_msp.c ****     HAL_GPIO_Init(GPIOA, &GPIO_InitStruct);
 837              		.loc 1 374 5
 838 0050 07F10C03 		add	r3, r7, #12
 839 0054 1946     		mov	r1, r3
 840 0056 4FF09040 		mov	r0, #1207959552
 841 005a FFF7FEFF 		bl	HAL_GPIO_Init
 842              	.L35:
 375:Src/stm32l4xx_hal_msp.c **** 
 376:Src/stm32l4xx_hal_msp.c ****   /* USER CODE BEGIN TIM1_MspPostInit 1 */
 377:Src/stm32l4xx_hal_msp.c **** 
 378:Src/stm32l4xx_hal_msp.c ****   /* USER CODE END TIM1_MspPostInit 1 */
 379:Src/stm32l4xx_hal_msp.c ****   }
 380:Src/stm32l4xx_hal_msp.c **** 
 381:Src/stm32l4xx_hal_msp.c **** }
 843              		.loc 1 381 1
 844 005e 00BF     		nop
 845 0060 2037     		adds	r7, r7, #32
 846              	.LCFI28:
 847              		.cfi_def_cfa_offset 8
 848 0062 BD46     		mov	sp, r7
 849              	.LCFI29:
 850              		.cfi_def_cfa_register 13
 851              		@ sp needed
 852 0064 80BD     		pop	{r7, pc}
 853              	.L37:
 854 0066 00BF     		.align	2
 855              	.L36:
 856 0068 002C0140 		.word	1073818624
 857 006c 00100240 		.word	1073876992
 858              		.cfi_endproc
 859              	.LFE1095:
ARM GAS  C:\Users\ep_ygh\AppData\Local\Temp\cc1qJiTf.s 			page 23


 861              		.section	.text.HAL_TIM_Base_MspDeInit,"ax",%progbits
 862              		.align	1
 863              		.global	HAL_TIM_Base_MspDeInit
 864              		.syntax unified
 865              		.thumb
 866              		.thumb_func
 868              	HAL_TIM_Base_MspDeInit:
 869              	.LFB1096:
 382:Src/stm32l4xx_hal_msp.c **** /**
 383:Src/stm32l4xx_hal_msp.c **** * @brief TIM_Base MSP De-Initialization
 384:Src/stm32l4xx_hal_msp.c **** * This function freeze the hardware resources used in this example
 385:Src/stm32l4xx_hal_msp.c **** * @param htim_base: TIM_Base handle pointer
 386:Src/stm32l4xx_hal_msp.c **** * @retval None
 387:Src/stm32l4xx_hal_msp.c **** */
 388:Src/stm32l4xx_hal_msp.c **** void HAL_TIM_Base_MspDeInit(TIM_HandleTypeDef* htim_base)
 389:Src/stm32l4xx_hal_msp.c **** {
 870              		.loc 1 389 1
 871              		.cfi_startproc
 872              		@ args = 0, pretend = 0, frame = 8
 873              		@ frame_needed = 1, uses_anonymous_args = 0
 874 0000 80B5     		push	{r7, lr}
 875              	.LCFI30:
 876              		.cfi_def_cfa_offset 8
 877              		.cfi_offset 7, -8
 878              		.cfi_offset 14, -4
 879 0002 82B0     		sub	sp, sp, #8
 880              	.LCFI31:
 881              		.cfi_def_cfa_offset 16
 882 0004 00AF     		add	r7, sp, #0
 883              	.LCFI32:
 884              		.cfi_def_cfa_register 7
 885 0006 7860     		str	r0, [r7, #4]
 390:Src/stm32l4xx_hal_msp.c ****   if(htim_base->Instance==TIM1)
 886              		.loc 1 390 15
 887 0008 7B68     		ldr	r3, [r7, #4]
 888 000a 1B68     		ldr	r3, [r3]
 889              		.loc 1 390 5
 890 000c 134A     		ldr	r2, .L42
 891 000e 9342     		cmp	r3, r2
 892 0010 12D1     		bne	.L39
 391:Src/stm32l4xx_hal_msp.c ****   {
 392:Src/stm32l4xx_hal_msp.c ****   /* USER CODE BEGIN TIM1_MspDeInit 0 */
 393:Src/stm32l4xx_hal_msp.c **** 
 394:Src/stm32l4xx_hal_msp.c ****   /* USER CODE END TIM1_MspDeInit 0 */
 395:Src/stm32l4xx_hal_msp.c ****     /* Peripheral clock disable */
 396:Src/stm32l4xx_hal_msp.c ****     __HAL_RCC_TIM1_CLK_DISABLE();
 893              		.loc 1 396 5
 894 0012 134B     		ldr	r3, .L42+4
 895 0014 1B6E     		ldr	r3, [r3, #96]
 896 0016 124A     		ldr	r2, .L42+4
 897 0018 23F40063 		bic	r3, r3, #2048
 898 001c 1366     		str	r3, [r2, #96]
 397:Src/stm32l4xx_hal_msp.c **** 
 398:Src/stm32l4xx_hal_msp.c ****     /**TIM1 GPIO Configuration
 399:Src/stm32l4xx_hal_msp.c ****     PA8     ------> TIM1_CH1
 400:Src/stm32l4xx_hal_msp.c ****     PA9     ------> TIM1_CH2
 401:Src/stm32l4xx_hal_msp.c ****     PA10     ------> TIM1_CH3
ARM GAS  C:\Users\ep_ygh\AppData\Local\Temp\cc1qJiTf.s 			page 24


 402:Src/stm32l4xx_hal_msp.c ****     PA11     ------> TIM1_BKIN2
 403:Src/stm32l4xx_hal_msp.c ****     */
 404:Src/stm32l4xx_hal_msp.c ****     HAL_GPIO_DeInit(GPIOA, M1_PWM_UH_Pin|M1_PWM_VH_Pin|M1_PWM_WH_Pin|M1_DP_Pin);
 899              		.loc 1 404 5
 900 001e 4FF47061 		mov	r1, #3840
 901 0022 4FF09040 		mov	r0, #1207959552
 902 0026 FFF7FEFF 		bl	HAL_GPIO_DeInit
 405:Src/stm32l4xx_hal_msp.c **** 
 406:Src/stm32l4xx_hal_msp.c ****     /* TIM1 interrupt DeInit */
 407:Src/stm32l4xx_hal_msp.c ****     HAL_NVIC_DisableIRQ(TIM1_BRK_TIM15_IRQn);
 903              		.loc 1 407 5
 904 002a 1820     		movs	r0, #24
 905 002c FFF7FEFF 		bl	HAL_NVIC_DisableIRQ
 408:Src/stm32l4xx_hal_msp.c ****     HAL_NVIC_DisableIRQ(TIM1_UP_TIM16_IRQn);
 906              		.loc 1 408 5
 907 0030 1920     		movs	r0, #25
 908 0032 FFF7FEFF 		bl	HAL_NVIC_DisableIRQ
 409:Src/stm32l4xx_hal_msp.c ****   /* USER CODE BEGIN TIM1_MspDeInit 1 */
 410:Src/stm32l4xx_hal_msp.c **** 
 411:Src/stm32l4xx_hal_msp.c ****   /* USER CODE END TIM1_MspDeInit 1 */
 412:Src/stm32l4xx_hal_msp.c ****   }
 413:Src/stm32l4xx_hal_msp.c ****   else if(htim_base->Instance==TIM4)
 414:Src/stm32l4xx_hal_msp.c ****   {
 415:Src/stm32l4xx_hal_msp.c ****   /* USER CODE BEGIN TIM4_MspDeInit 0 */
 416:Src/stm32l4xx_hal_msp.c **** 
 417:Src/stm32l4xx_hal_msp.c ****   /* USER CODE END TIM4_MspDeInit 0 */
 418:Src/stm32l4xx_hal_msp.c ****     /* Peripheral clock disable */
 419:Src/stm32l4xx_hal_msp.c ****     __HAL_RCC_TIM4_CLK_DISABLE();
 420:Src/stm32l4xx_hal_msp.c **** 
 421:Src/stm32l4xx_hal_msp.c ****     /* TIM4 interrupt DeInit */
 422:Src/stm32l4xx_hal_msp.c ****     HAL_NVIC_DisableIRQ(TIM4_IRQn);
 423:Src/stm32l4xx_hal_msp.c ****   /* USER CODE BEGIN TIM4_MspDeInit 1 */
 424:Src/stm32l4xx_hal_msp.c **** 
 425:Src/stm32l4xx_hal_msp.c ****   /* USER CODE END TIM4_MspDeInit 1 */
 426:Src/stm32l4xx_hal_msp.c ****   }
 427:Src/stm32l4xx_hal_msp.c **** 
 428:Src/stm32l4xx_hal_msp.c **** }
 909              		.loc 1 428 1
 910 0036 0DE0     		b	.L41
 911              	.L39:
 413:Src/stm32l4xx_hal_msp.c ****   {
 912              		.loc 1 413 20
 913 0038 7B68     		ldr	r3, [r7, #4]
 914 003a 1B68     		ldr	r3, [r3]
 413:Src/stm32l4xx_hal_msp.c ****   {
 915              		.loc 1 413 10
 916 003c 094A     		ldr	r2, .L42+8
 917 003e 9342     		cmp	r3, r2
 918 0040 08D1     		bne	.L41
 419:Src/stm32l4xx_hal_msp.c **** 
 919              		.loc 1 419 5
 920 0042 074B     		ldr	r3, .L42+4
 921 0044 9B6D     		ldr	r3, [r3, #88]
 922 0046 064A     		ldr	r2, .L42+4
 923 0048 23F00403 		bic	r3, r3, #4
 924 004c 9365     		str	r3, [r2, #88]
 422:Src/stm32l4xx_hal_msp.c ****   /* USER CODE BEGIN TIM4_MspDeInit 1 */
ARM GAS  C:\Users\ep_ygh\AppData\Local\Temp\cc1qJiTf.s 			page 25


 925              		.loc 1 422 5
 926 004e 1E20     		movs	r0, #30
 927 0050 FFF7FEFF 		bl	HAL_NVIC_DisableIRQ
 928              	.L41:
 929              		.loc 1 428 1
 930 0054 00BF     		nop
 931 0056 0837     		adds	r7, r7, #8
 932              	.LCFI33:
 933              		.cfi_def_cfa_offset 8
 934 0058 BD46     		mov	sp, r7
 935              	.LCFI34:
 936              		.cfi_def_cfa_register 13
 937              		@ sp needed
 938 005a 80BD     		pop	{r7, pc}
 939              	.L43:
 940              		.align	2
 941              	.L42:
 942 005c 002C0140 		.word	1073818624
 943 0060 00100240 		.word	1073876992
 944 0064 00080040 		.word	1073743872
 945              		.cfi_endproc
 946              	.LFE1096:
 948              		.section	.text.HAL_TIM_Encoder_MspDeInit,"ax",%progbits
 949              		.align	1
 950              		.global	HAL_TIM_Encoder_MspDeInit
 951              		.syntax unified
 952              		.thumb
 953              		.thumb_func
 955              	HAL_TIM_Encoder_MspDeInit:
 956              	.LFB1097:
 429:Src/stm32l4xx_hal_msp.c **** 
 430:Src/stm32l4xx_hal_msp.c **** /**
 431:Src/stm32l4xx_hal_msp.c **** * @brief TIM_Encoder MSP De-Initialization
 432:Src/stm32l4xx_hal_msp.c **** * This function freeze the hardware resources used in this example
 433:Src/stm32l4xx_hal_msp.c **** * @param htim_encoder: TIM_Encoder handle pointer
 434:Src/stm32l4xx_hal_msp.c **** * @retval None
 435:Src/stm32l4xx_hal_msp.c **** */
 436:Src/stm32l4xx_hal_msp.c **** void HAL_TIM_Encoder_MspDeInit(TIM_HandleTypeDef* htim_encoder)
 437:Src/stm32l4xx_hal_msp.c **** {
 957              		.loc 1 437 1
 958              		.cfi_startproc
 959              		@ args = 0, pretend = 0, frame = 8
 960              		@ frame_needed = 1, uses_anonymous_args = 0
 961 0000 80B5     		push	{r7, lr}
 962              	.LCFI35:
 963              		.cfi_def_cfa_offset 8
 964              		.cfi_offset 7, -8
 965              		.cfi_offset 14, -4
 966 0002 82B0     		sub	sp, sp, #8
 967              	.LCFI36:
 968              		.cfi_def_cfa_offset 16
 969 0004 00AF     		add	r7, sp, #0
 970              	.LCFI37:
 971              		.cfi_def_cfa_register 7
 972 0006 7860     		str	r0, [r7, #4]
 438:Src/stm32l4xx_hal_msp.c ****   if(htim_encoder->Instance==TIM3)
 973              		.loc 1 438 18
ARM GAS  C:\Users\ep_ygh\AppData\Local\Temp\cc1qJiTf.s 			page 26


 974 0008 7B68     		ldr	r3, [r7, #4]
 975 000a 1B68     		ldr	r3, [r3]
 976              		.loc 1 438 5
 977 000c 094A     		ldr	r2, .L47
 978 000e 9342     		cmp	r3, r2
 979 0010 0CD1     		bne	.L46
 439:Src/stm32l4xx_hal_msp.c ****   {
 440:Src/stm32l4xx_hal_msp.c ****   /* USER CODE BEGIN TIM3_MspDeInit 0 */
 441:Src/stm32l4xx_hal_msp.c **** 
 442:Src/stm32l4xx_hal_msp.c ****   /* USER CODE END TIM3_MspDeInit 0 */
 443:Src/stm32l4xx_hal_msp.c ****     /* Peripheral clock disable */
 444:Src/stm32l4xx_hal_msp.c ****     __HAL_RCC_TIM3_CLK_DISABLE();
 980              		.loc 1 444 5
 981 0012 094B     		ldr	r3, .L47+4
 982 0014 9B6D     		ldr	r3, [r3, #88]
 983 0016 084A     		ldr	r2, .L47+4
 984 0018 23F00203 		bic	r3, r3, #2
 985 001c 9365     		str	r3, [r2, #88]
 445:Src/stm32l4xx_hal_msp.c **** 
 446:Src/stm32l4xx_hal_msp.c ****     /**TIM3 GPIO Configuration
 447:Src/stm32l4xx_hal_msp.c ****     PC6     ------> TIM3_CH1
 448:Src/stm32l4xx_hal_msp.c ****     PC7     ------> TIM3_CH2
 449:Src/stm32l4xx_hal_msp.c ****     */
 450:Src/stm32l4xx_hal_msp.c ****     HAL_GPIO_DeInit(GPIOC, M1_ENCODER_A_Pin|M1_ENCODER_B_Pin);
 986              		.loc 1 450 5
 987 001e C021     		movs	r1, #192
 988 0020 0648     		ldr	r0, .L47+8
 989 0022 FFF7FEFF 		bl	HAL_GPIO_DeInit
 451:Src/stm32l4xx_hal_msp.c **** 
 452:Src/stm32l4xx_hal_msp.c ****     /* TIM3 interrupt DeInit */
 453:Src/stm32l4xx_hal_msp.c ****     HAL_NVIC_DisableIRQ(TIM3_IRQn);
 990              		.loc 1 453 5
 991 0026 1D20     		movs	r0, #29
 992 0028 FFF7FEFF 		bl	HAL_NVIC_DisableIRQ
 993              	.L46:
 454:Src/stm32l4xx_hal_msp.c ****   /* USER CODE BEGIN TIM3_MspDeInit 1 */
 455:Src/stm32l4xx_hal_msp.c **** 
 456:Src/stm32l4xx_hal_msp.c ****   /* USER CODE END TIM3_MspDeInit 1 */
 457:Src/stm32l4xx_hal_msp.c ****   }
 458:Src/stm32l4xx_hal_msp.c **** 
 459:Src/stm32l4xx_hal_msp.c **** }
 994              		.loc 1 459 1
 995 002c 00BF     		nop
 996 002e 0837     		adds	r7, r7, #8
 997              	.LCFI38:
 998              		.cfi_def_cfa_offset 8
 999 0030 BD46     		mov	sp, r7
 1000              	.LCFI39:
 1001              		.cfi_def_cfa_register 13
 1002              		@ sp needed
 1003 0032 80BD     		pop	{r7, pc}
 1004              	.L48:
 1005              		.align	2
 1006              	.L47:
 1007 0034 00040040 		.word	1073742848
 1008 0038 00100240 		.word	1073876992
 1009 003c 00080048 		.word	1207961600
ARM GAS  C:\Users\ep_ygh\AppData\Local\Temp\cc1qJiTf.s 			page 27


 1010              		.cfi_endproc
 1011              	.LFE1097:
 1013              		.section	.text.HAL_UART_MspInit,"ax",%progbits
 1014              		.align	1
 1015              		.global	HAL_UART_MspInit
 1016              		.syntax unified
 1017              		.thumb
 1018              		.thumb_func
 1020              	HAL_UART_MspInit:
 1021              	.LFB1098:
 460:Src/stm32l4xx_hal_msp.c **** 
 461:Src/stm32l4xx_hal_msp.c **** /**
 462:Src/stm32l4xx_hal_msp.c **** * @brief UART MSP Initialization
 463:Src/stm32l4xx_hal_msp.c **** * This function configures the hardware resources used in this example
 464:Src/stm32l4xx_hal_msp.c **** * @param huart: UART handle pointer
 465:Src/stm32l4xx_hal_msp.c **** * @retval None
 466:Src/stm32l4xx_hal_msp.c **** */
 467:Src/stm32l4xx_hal_msp.c **** void HAL_UART_MspInit(UART_HandleTypeDef* huart)
 468:Src/stm32l4xx_hal_msp.c **** {
 1022              		.loc 1 468 1
 1023              		.cfi_startproc
 1024              		@ args = 0, pretend = 0, frame = 176
 1025              		@ frame_needed = 1, uses_anonymous_args = 0
 1026 0000 80B5     		push	{r7, lr}
 1027              	.LCFI40:
 1028              		.cfi_def_cfa_offset 8
 1029              		.cfi_offset 7, -8
 1030              		.cfi_offset 14, -4
 1031 0002 ACB0     		sub	sp, sp, #176
 1032              	.LCFI41:
 1033              		.cfi_def_cfa_offset 184
 1034 0004 00AF     		add	r7, sp, #0
 1035              	.LCFI42:
 1036              		.cfi_def_cfa_register 7
 1037 0006 7860     		str	r0, [r7, #4]
 469:Src/stm32l4xx_hal_msp.c ****   GPIO_InitTypeDef GPIO_InitStruct = {0};
 1038              		.loc 1 469 20
 1039 0008 07F19C03 		add	r3, r7, #156
 1040 000c 0022     		movs	r2, #0
 1041 000e 1A60     		str	r2, [r3]
 1042 0010 5A60     		str	r2, [r3, #4]
 1043 0012 9A60     		str	r2, [r3, #8]
 1044 0014 DA60     		str	r2, [r3, #12]
 1045 0016 1A61     		str	r2, [r3, #16]
 470:Src/stm32l4xx_hal_msp.c ****   RCC_PeriphCLKInitTypeDef PeriphClkInit = {0};
 1046              		.loc 1 470 28
 1047 0018 07F11403 		add	r3, r7, #20
 1048 001c 8822     		movs	r2, #136
 1049 001e 0021     		movs	r1, #0
 1050 0020 1846     		mov	r0, r3
 1051 0022 FFF7FEFF 		bl	memset
 471:Src/stm32l4xx_hal_msp.c ****   if(huart->Instance==USART2)
 1052              		.loc 1 471 11
 1053 0026 7B68     		ldr	r3, [r7, #4]
 1054 0028 1B68     		ldr	r3, [r3]
 1055              		.loc 1 471 5
 1056 002a 4B4A     		ldr	r2, .L55
ARM GAS  C:\Users\ep_ygh\AppData\Local\Temp\cc1qJiTf.s 			page 28


 1057 002c 9342     		cmp	r3, r2
 1058 002e 40F08E80 		bne	.L54
 472:Src/stm32l4xx_hal_msp.c ****   {
 473:Src/stm32l4xx_hal_msp.c ****   /* USER CODE BEGIN USART2_MspInit 0 */
 474:Src/stm32l4xx_hal_msp.c **** 
 475:Src/stm32l4xx_hal_msp.c ****   /* USER CODE END USART2_MspInit 0 */
 476:Src/stm32l4xx_hal_msp.c **** 
 477:Src/stm32l4xx_hal_msp.c ****   /** Initializes the peripherals clock
 478:Src/stm32l4xx_hal_msp.c ****   */
 479:Src/stm32l4xx_hal_msp.c ****     PeriphClkInit.PeriphClockSelection = RCC_PERIPHCLK_USART2;
 1059              		.loc 1 479 40
 1060 0032 0223     		movs	r3, #2
 1061 0034 7B61     		str	r3, [r7, #20]
 480:Src/stm32l4xx_hal_msp.c ****     PeriphClkInit.Usart2ClockSelection = RCC_USART2CLKSOURCE_SYSCLK;
 1062              		.loc 1 480 40
 1063 0036 0423     		movs	r3, #4
 1064 0038 3B65     		str	r3, [r7, #80]
 481:Src/stm32l4xx_hal_msp.c ****     if (HAL_RCCEx_PeriphCLKConfig(&PeriphClkInit) != HAL_OK)
 1065              		.loc 1 481 9
 1066 003a 07F11403 		add	r3, r7, #20
 1067 003e 1846     		mov	r0, r3
 1068 0040 FFF7FEFF 		bl	HAL_RCCEx_PeriphCLKConfig
 1069 0044 0346     		mov	r3, r0
 1070              		.loc 1 481 8
 1071 0046 002B     		cmp	r3, #0
 1072 0048 01D0     		beq	.L51
 482:Src/stm32l4xx_hal_msp.c ****     {
 483:Src/stm32l4xx_hal_msp.c ****       Error_Handler();
 1073              		.loc 1 483 7
 1074 004a FFF7FEFF 		bl	Error_Handler
 1075              	.L51:
 1076              	.LBB16:
 484:Src/stm32l4xx_hal_msp.c ****     }
 485:Src/stm32l4xx_hal_msp.c **** 
 486:Src/stm32l4xx_hal_msp.c ****     /* Peripheral clock enable */
 487:Src/stm32l4xx_hal_msp.c ****     __HAL_RCC_USART2_CLK_ENABLE();
 1077              		.loc 1 487 5
 1078 004e 434B     		ldr	r3, .L55+4
 1079 0050 9B6D     		ldr	r3, [r3, #88]
 1080 0052 424A     		ldr	r2, .L55+4
 1081 0054 43F40033 		orr	r3, r3, #131072
 1082 0058 9365     		str	r3, [r2, #88]
 1083 005a 404B     		ldr	r3, .L55+4
 1084 005c 9B6D     		ldr	r3, [r3, #88]
 1085 005e 03F40033 		and	r3, r3, #131072
 1086 0062 3B61     		str	r3, [r7, #16]
 1087 0064 3B69     		ldr	r3, [r7, #16]
 1088              	.LBE16:
 1089              	.LBB17:
 488:Src/stm32l4xx_hal_msp.c **** 
 489:Src/stm32l4xx_hal_msp.c ****     __HAL_RCC_GPIOA_CLK_ENABLE();
 1090              		.loc 1 489 5
 1091 0066 3D4B     		ldr	r3, .L55+4
 1092 0068 DB6C     		ldr	r3, [r3, #76]
 1093 006a 3C4A     		ldr	r2, .L55+4
 1094 006c 43F00103 		orr	r3, r3, #1
 1095 0070 D364     		str	r3, [r2, #76]
ARM GAS  C:\Users\ep_ygh\AppData\Local\Temp\cc1qJiTf.s 			page 29


 1096 0072 3A4B     		ldr	r3, .L55+4
 1097 0074 DB6C     		ldr	r3, [r3, #76]
 1098 0076 03F00103 		and	r3, r3, #1
 1099 007a FB60     		str	r3, [r7, #12]
 1100 007c FB68     		ldr	r3, [r7, #12]
 1101              	.LBE17:
 490:Src/stm32l4xx_hal_msp.c ****     /**USART2 GPIO Configuration
 491:Src/stm32l4xx_hal_msp.c ****     PA2     ------> USART2_TX
 492:Src/stm32l4xx_hal_msp.c ****     PA3     ------> USART2_RX
 493:Src/stm32l4xx_hal_msp.c ****     */
 494:Src/stm32l4xx_hal_msp.c ****     GPIO_InitStruct.Pin = UART_TX_Pin|UART_RX_Pin;
 1102              		.loc 1 494 25
 1103 007e 0C23     		movs	r3, #12
 1104 0080 C7F89C30 		str	r3, [r7, #156]
 495:Src/stm32l4xx_hal_msp.c ****     GPIO_InitStruct.Mode = GPIO_MODE_AF_PP;
 1105              		.loc 1 495 26
 1106 0084 0223     		movs	r3, #2
 1107 0086 C7F8A030 		str	r3, [r7, #160]
 496:Src/stm32l4xx_hal_msp.c ****     GPIO_InitStruct.Pull = GPIO_NOPULL;
 1108              		.loc 1 496 26
 1109 008a 0023     		movs	r3, #0
 1110 008c C7F8A430 		str	r3, [r7, #164]
 497:Src/stm32l4xx_hal_msp.c ****     GPIO_InitStruct.Speed = GPIO_SPEED_FREQ_LOW;
 1111              		.loc 1 497 27
 1112 0090 0023     		movs	r3, #0
 1113 0092 C7F8A830 		str	r3, [r7, #168]
 498:Src/stm32l4xx_hal_msp.c ****     GPIO_InitStruct.Alternate = GPIO_AF7_USART2;
 1114              		.loc 1 498 31
 1115 0096 0723     		movs	r3, #7
 1116 0098 C7F8AC30 		str	r3, [r7, #172]
 499:Src/stm32l4xx_hal_msp.c ****     HAL_GPIO_Init(GPIOA, &GPIO_InitStruct);
 1117              		.loc 1 499 5
 1118 009c 07F19C03 		add	r3, r7, #156
 1119 00a0 1946     		mov	r1, r3
 1120 00a2 4FF09040 		mov	r0, #1207959552
 1121 00a6 FFF7FEFF 		bl	HAL_GPIO_Init
 500:Src/stm32l4xx_hal_msp.c **** 
 501:Src/stm32l4xx_hal_msp.c ****     /* USART2 DMA Init */
 502:Src/stm32l4xx_hal_msp.c ****     /* USART2_RX Init */
 503:Src/stm32l4xx_hal_msp.c ****     hdma_usart2_rx.Instance = DMA1_Channel6;
 1122              		.loc 1 503 29
 1123 00aa 2D4B     		ldr	r3, .L55+8
 1124 00ac 2D4A     		ldr	r2, .L55+12
 1125 00ae 1A60     		str	r2, [r3]
 504:Src/stm32l4xx_hal_msp.c ****     hdma_usart2_rx.Init.Request = DMA_REQUEST_2;
 1126              		.loc 1 504 33
 1127 00b0 2B4B     		ldr	r3, .L55+8
 1128 00b2 0222     		movs	r2, #2
 1129 00b4 5A60     		str	r2, [r3, #4]
 505:Src/stm32l4xx_hal_msp.c ****     hdma_usart2_rx.Init.Direction = DMA_PERIPH_TO_MEMORY;
 1130              		.loc 1 505 35
 1131 00b6 2A4B     		ldr	r3, .L55+8
 1132 00b8 0022     		movs	r2, #0
 1133 00ba 9A60     		str	r2, [r3, #8]
 506:Src/stm32l4xx_hal_msp.c ****     hdma_usart2_rx.Init.PeriphInc = DMA_PINC_DISABLE;
 1134              		.loc 1 506 35
 1135 00bc 284B     		ldr	r3, .L55+8
ARM GAS  C:\Users\ep_ygh\AppData\Local\Temp\cc1qJiTf.s 			page 30


 1136 00be 0022     		movs	r2, #0
 1137 00c0 DA60     		str	r2, [r3, #12]
 507:Src/stm32l4xx_hal_msp.c ****     hdma_usart2_rx.Init.MemInc = DMA_MINC_ENABLE;
 1138              		.loc 1 507 32
 1139 00c2 274B     		ldr	r3, .L55+8
 1140 00c4 8022     		movs	r2, #128
 1141 00c6 1A61     		str	r2, [r3, #16]
 508:Src/stm32l4xx_hal_msp.c ****     hdma_usart2_rx.Init.PeriphDataAlignment = DMA_PDATAALIGN_BYTE;
 1142              		.loc 1 508 45
 1143 00c8 254B     		ldr	r3, .L55+8
 1144 00ca 0022     		movs	r2, #0
 1145 00cc 5A61     		str	r2, [r3, #20]
 509:Src/stm32l4xx_hal_msp.c ****     hdma_usart2_rx.Init.MemDataAlignment = DMA_MDATAALIGN_BYTE;
 1146              		.loc 1 509 42
 1147 00ce 244B     		ldr	r3, .L55+8
 1148 00d0 0022     		movs	r2, #0
 1149 00d2 9A61     		str	r2, [r3, #24]
 510:Src/stm32l4xx_hal_msp.c ****     hdma_usart2_rx.Init.Mode = DMA_NORMAL;
 1150              		.loc 1 510 30
 1151 00d4 224B     		ldr	r3, .L55+8
 1152 00d6 0022     		movs	r2, #0
 1153 00d8 DA61     		str	r2, [r3, #28]
 511:Src/stm32l4xx_hal_msp.c ****     hdma_usart2_rx.Init.Priority = DMA_PRIORITY_LOW;
 1154              		.loc 1 511 34
 1155 00da 214B     		ldr	r3, .L55+8
 1156 00dc 0022     		movs	r2, #0
 1157 00de 1A62     		str	r2, [r3, #32]
 512:Src/stm32l4xx_hal_msp.c ****     if (HAL_DMA_Init(&hdma_usart2_rx) != HAL_OK)
 1158              		.loc 1 512 9
 1159 00e0 1F48     		ldr	r0, .L55+8
 1160 00e2 FFF7FEFF 		bl	HAL_DMA_Init
 1161 00e6 0346     		mov	r3, r0
 1162              		.loc 1 512 8
 1163 00e8 002B     		cmp	r3, #0
 1164 00ea 01D0     		beq	.L52
 513:Src/stm32l4xx_hal_msp.c ****     {
 514:Src/stm32l4xx_hal_msp.c ****       Error_Handler();
 1165              		.loc 1 514 7
 1166 00ec FFF7FEFF 		bl	Error_Handler
 1167              	.L52:
 515:Src/stm32l4xx_hal_msp.c ****     }
 516:Src/stm32l4xx_hal_msp.c **** 
 517:Src/stm32l4xx_hal_msp.c ****     __HAL_LINKDMA(huart,hdmarx,hdma_usart2_rx);
 1168              		.loc 1 517 5
 1169 00f0 7B68     		ldr	r3, [r7, #4]
 1170 00f2 1B4A     		ldr	r2, .L55+8
 1171 00f4 5A67     		str	r2, [r3, #116]
 1172 00f6 1A4A     		ldr	r2, .L55+8
 1173 00f8 7B68     		ldr	r3, [r7, #4]
 1174 00fa 9362     		str	r3, [r2, #40]
 518:Src/stm32l4xx_hal_msp.c **** 
 519:Src/stm32l4xx_hal_msp.c ****     /* USART2_TX Init */
 520:Src/stm32l4xx_hal_msp.c ****     hdma_usart2_tx.Instance = DMA1_Channel7;
 1175              		.loc 1 520 29
 1176 00fc 1A4B     		ldr	r3, .L55+16
 1177 00fe 1B4A     		ldr	r2, .L55+20
 1178 0100 1A60     		str	r2, [r3]
ARM GAS  C:\Users\ep_ygh\AppData\Local\Temp\cc1qJiTf.s 			page 31


 521:Src/stm32l4xx_hal_msp.c ****     hdma_usart2_tx.Init.Request = DMA_REQUEST_2;
 1179              		.loc 1 521 33
 1180 0102 194B     		ldr	r3, .L55+16
 1181 0104 0222     		movs	r2, #2
 1182 0106 5A60     		str	r2, [r3, #4]
 522:Src/stm32l4xx_hal_msp.c ****     hdma_usart2_tx.Init.Direction = DMA_MEMORY_TO_PERIPH;
 1183              		.loc 1 522 35
 1184 0108 174B     		ldr	r3, .L55+16
 1185 010a 1022     		movs	r2, #16
 1186 010c 9A60     		str	r2, [r3, #8]
 523:Src/stm32l4xx_hal_msp.c ****     hdma_usart2_tx.Init.PeriphInc = DMA_PINC_DISABLE;
 1187              		.loc 1 523 35
 1188 010e 164B     		ldr	r3, .L55+16
 1189 0110 0022     		movs	r2, #0
 1190 0112 DA60     		str	r2, [r3, #12]
 524:Src/stm32l4xx_hal_msp.c ****     hdma_usart2_tx.Init.MemInc = DMA_MINC_ENABLE;
 1191              		.loc 1 524 32
 1192 0114 144B     		ldr	r3, .L55+16
 1193 0116 8022     		movs	r2, #128
 1194 0118 1A61     		str	r2, [r3, #16]
 525:Src/stm32l4xx_hal_msp.c ****     hdma_usart2_tx.Init.PeriphDataAlignment = DMA_PDATAALIGN_BYTE;
 1195              		.loc 1 525 45
 1196 011a 134B     		ldr	r3, .L55+16
 1197 011c 0022     		movs	r2, #0
 1198 011e 5A61     		str	r2, [r3, #20]
 526:Src/stm32l4xx_hal_msp.c ****     hdma_usart2_tx.Init.MemDataAlignment = DMA_MDATAALIGN_BYTE;
 1199              		.loc 1 526 42
 1200 0120 114B     		ldr	r3, .L55+16
 1201 0122 0022     		movs	r2, #0
 1202 0124 9A61     		str	r2, [r3, #24]
 527:Src/stm32l4xx_hal_msp.c ****     hdma_usart2_tx.Init.Mode = DMA_NORMAL;
 1203              		.loc 1 527 30
 1204 0126 104B     		ldr	r3, .L55+16
 1205 0128 0022     		movs	r2, #0
 1206 012a DA61     		str	r2, [r3, #28]
 528:Src/stm32l4xx_hal_msp.c ****     hdma_usart2_tx.Init.Priority = DMA_PRIORITY_LOW;
 1207              		.loc 1 528 34
 1208 012c 0E4B     		ldr	r3, .L55+16
 1209 012e 0022     		movs	r2, #0
 1210 0130 1A62     		str	r2, [r3, #32]
 529:Src/stm32l4xx_hal_msp.c ****     if (HAL_DMA_Init(&hdma_usart2_tx) != HAL_OK)
 1211              		.loc 1 529 9
 1212 0132 0D48     		ldr	r0, .L55+16
 1213 0134 FFF7FEFF 		bl	HAL_DMA_Init
 1214 0138 0346     		mov	r3, r0
 1215              		.loc 1 529 8
 1216 013a 002B     		cmp	r3, #0
 1217 013c 01D0     		beq	.L53
 530:Src/stm32l4xx_hal_msp.c ****     {
 531:Src/stm32l4xx_hal_msp.c ****       Error_Handler();
 1218              		.loc 1 531 7
 1219 013e FFF7FEFF 		bl	Error_Handler
 1220              	.L53:
 532:Src/stm32l4xx_hal_msp.c ****     }
 533:Src/stm32l4xx_hal_msp.c **** 
 534:Src/stm32l4xx_hal_msp.c ****     __HAL_LINKDMA(huart,hdmatx,hdma_usart2_tx);
 1221              		.loc 1 534 5
ARM GAS  C:\Users\ep_ygh\AppData\Local\Temp\cc1qJiTf.s 			page 32


 1222 0142 7B68     		ldr	r3, [r7, #4]
 1223 0144 084A     		ldr	r2, .L55+16
 1224 0146 1A67     		str	r2, [r3, #112]
 1225 0148 074A     		ldr	r2, .L55+16
 1226 014a 7B68     		ldr	r3, [r7, #4]
 1227 014c 9362     		str	r3, [r2, #40]
 1228              	.L54:
 535:Src/stm32l4xx_hal_msp.c **** 
 536:Src/stm32l4xx_hal_msp.c ****   /* USER CODE BEGIN USART2_MspInit 1 */
 537:Src/stm32l4xx_hal_msp.c **** 
 538:Src/stm32l4xx_hal_msp.c ****   /* USER CODE END USART2_MspInit 1 */
 539:Src/stm32l4xx_hal_msp.c **** 
 540:Src/stm32l4xx_hal_msp.c ****   }
 541:Src/stm32l4xx_hal_msp.c **** 
 542:Src/stm32l4xx_hal_msp.c **** }
 1229              		.loc 1 542 1
 1230 014e 00BF     		nop
 1231 0150 B037     		adds	r7, r7, #176
 1232              	.LCFI43:
 1233              		.cfi_def_cfa_offset 8
 1234 0152 BD46     		mov	sp, r7
 1235              	.LCFI44:
 1236              		.cfi_def_cfa_register 13
 1237              		@ sp needed
 1238 0154 80BD     		pop	{r7, pc}
 1239              	.L56:
 1240 0156 00BF     		.align	2
 1241              	.L55:
 1242 0158 00440040 		.word	1073759232
 1243 015c 00100240 		.word	1073876992
 1244 0160 00000000 		.word	hdma_usart2_rx
 1245 0164 6C000240 		.word	1073873004
 1246 0168 00000000 		.word	hdma_usart2_tx
 1247 016c 80000240 		.word	1073873024
 1248              		.cfi_endproc
 1249              	.LFE1098:
 1251              		.section	.text.HAL_UART_MspDeInit,"ax",%progbits
 1252              		.align	1
 1253              		.global	HAL_UART_MspDeInit
 1254              		.syntax unified
 1255              		.thumb
 1256              		.thumb_func
 1258              	HAL_UART_MspDeInit:
 1259              	.LFB1099:
 543:Src/stm32l4xx_hal_msp.c **** 
 544:Src/stm32l4xx_hal_msp.c **** /**
 545:Src/stm32l4xx_hal_msp.c **** * @brief UART MSP De-Initialization
 546:Src/stm32l4xx_hal_msp.c **** * This function freeze the hardware resources used in this example
 547:Src/stm32l4xx_hal_msp.c **** * @param huart: UART handle pointer
 548:Src/stm32l4xx_hal_msp.c **** * @retval None
 549:Src/stm32l4xx_hal_msp.c **** */
 550:Src/stm32l4xx_hal_msp.c **** void HAL_UART_MspDeInit(UART_HandleTypeDef* huart)
 551:Src/stm32l4xx_hal_msp.c **** {
 1260              		.loc 1 551 1
 1261              		.cfi_startproc
 1262              		@ args = 0, pretend = 0, frame = 8
 1263              		@ frame_needed = 1, uses_anonymous_args = 0
ARM GAS  C:\Users\ep_ygh\AppData\Local\Temp\cc1qJiTf.s 			page 33


 1264 0000 80B5     		push	{r7, lr}
 1265              	.LCFI45:
 1266              		.cfi_def_cfa_offset 8
 1267              		.cfi_offset 7, -8
 1268              		.cfi_offset 14, -4
 1269 0002 82B0     		sub	sp, sp, #8
 1270              	.LCFI46:
 1271              		.cfi_def_cfa_offset 16
 1272 0004 00AF     		add	r7, sp, #0
 1273              	.LCFI47:
 1274              		.cfi_def_cfa_register 7
 1275 0006 7860     		str	r0, [r7, #4]
 552:Src/stm32l4xx_hal_msp.c ****   if(huart->Instance==USART2)
 1276              		.loc 1 552 11
 1277 0008 7B68     		ldr	r3, [r7, #4]
 1278 000a 1B68     		ldr	r3, [r3]
 1279              		.loc 1 552 5
 1280 000c 0F4A     		ldr	r2, .L60
 1281 000e 9342     		cmp	r3, r2
 1282 0010 17D1     		bne	.L59
 553:Src/stm32l4xx_hal_msp.c ****   {
 554:Src/stm32l4xx_hal_msp.c ****   /* USER CODE BEGIN USART2_MspDeInit 0 */
 555:Src/stm32l4xx_hal_msp.c **** 
 556:Src/stm32l4xx_hal_msp.c ****   /* USER CODE END USART2_MspDeInit 0 */
 557:Src/stm32l4xx_hal_msp.c ****     /* Peripheral clock disable */
 558:Src/stm32l4xx_hal_msp.c ****     __HAL_RCC_USART2_CLK_DISABLE();
 1283              		.loc 1 558 5
 1284 0012 0F4B     		ldr	r3, .L60+4
 1285 0014 9B6D     		ldr	r3, [r3, #88]
 1286 0016 0E4A     		ldr	r2, .L60+4
 1287 0018 23F40033 		bic	r3, r3, #131072
 1288 001c 9365     		str	r3, [r2, #88]
 559:Src/stm32l4xx_hal_msp.c **** 
 560:Src/stm32l4xx_hal_msp.c ****     /**USART2 GPIO Configuration
 561:Src/stm32l4xx_hal_msp.c ****     PA2     ------> USART2_TX
 562:Src/stm32l4xx_hal_msp.c ****     PA3     ------> USART2_RX
 563:Src/stm32l4xx_hal_msp.c ****     */
 564:Src/stm32l4xx_hal_msp.c ****     HAL_GPIO_DeInit(GPIOA, UART_TX_Pin|UART_RX_Pin);
 1289              		.loc 1 564 5
 1290 001e 0C21     		movs	r1, #12
 1291 0020 4FF09040 		mov	r0, #1207959552
 1292 0024 FFF7FEFF 		bl	HAL_GPIO_DeInit
 565:Src/stm32l4xx_hal_msp.c **** 
 566:Src/stm32l4xx_hal_msp.c ****     /* USART2 DMA DeInit */
 567:Src/stm32l4xx_hal_msp.c ****     HAL_DMA_DeInit(huart->hdmarx);
 1293              		.loc 1 567 5
 1294 0028 7B68     		ldr	r3, [r7, #4]
 1295 002a 5B6F     		ldr	r3, [r3, #116]
 1296 002c 1846     		mov	r0, r3
 1297 002e FFF7FEFF 		bl	HAL_DMA_DeInit
 568:Src/stm32l4xx_hal_msp.c ****     HAL_DMA_DeInit(huart->hdmatx);
 1298              		.loc 1 568 5
 1299 0032 7B68     		ldr	r3, [r7, #4]
 1300 0034 1B6F     		ldr	r3, [r3, #112]
 1301 0036 1846     		mov	r0, r3
 1302 0038 FFF7FEFF 		bl	HAL_DMA_DeInit
 569:Src/stm32l4xx_hal_msp.c **** 
ARM GAS  C:\Users\ep_ygh\AppData\Local\Temp\cc1qJiTf.s 			page 34


 570:Src/stm32l4xx_hal_msp.c ****     /* USART2 interrupt DeInit */
 571:Src/stm32l4xx_hal_msp.c ****     HAL_NVIC_DisableIRQ(USART2_IRQn);
 1303              		.loc 1 571 5
 1304 003c 2620     		movs	r0, #38
 1305 003e FFF7FEFF 		bl	HAL_NVIC_DisableIRQ
 1306              	.L59:
 572:Src/stm32l4xx_hal_msp.c ****   /* USER CODE BEGIN USART2_MspDeInit 1 */
 573:Src/stm32l4xx_hal_msp.c **** 
 574:Src/stm32l4xx_hal_msp.c ****   /* USER CODE END USART2_MspDeInit 1 */
 575:Src/stm32l4xx_hal_msp.c ****   }
 576:Src/stm32l4xx_hal_msp.c **** 
 577:Src/stm32l4xx_hal_msp.c **** }
 1307              		.loc 1 577 1
 1308 0042 00BF     		nop
 1309 0044 0837     		adds	r7, r7, #8
 1310              	.LCFI48:
 1311              		.cfi_def_cfa_offset 8
 1312 0046 BD46     		mov	sp, r7
 1313              	.LCFI49:
 1314              		.cfi_def_cfa_register 13
 1315              		@ sp needed
 1316 0048 80BD     		pop	{r7, pc}
 1317              	.L61:
 1318 004a 00BF     		.align	2
 1319              	.L60:
 1320 004c 00440040 		.word	1073759232
 1321 0050 00100240 		.word	1073876992
 1322              		.cfi_endproc
 1323              	.LFE1099:
 1325              		.text
 1326              	.Letext0:
 1327              		.file 2 "c:\\programdata\\chocolatey\\lib\\gcc-arm-embedded\\tools\\gcc-arm-none-eabi-10.3-2021.10
 1328              		.file 3 "c:\\programdata\\chocolatey\\lib\\gcc-arm-embedded\\tools\\gcc-arm-none-eabi-10.3-2021.10
 1329              		.file 4 "Drivers/CMSIS/Device/ST/STM32L4xx/Include/stm32l476xx.h"
 1330              		.file 5 "Drivers/CMSIS/Device/ST/STM32L4xx/Include/stm32l4xx.h"
 1331              		.file 6 "Drivers/STM32L4xx_HAL_Driver/Inc/stm32l4xx_hal_def.h"
 1332              		.file 7 "Drivers/STM32L4xx_HAL_Driver/Inc/stm32l4xx_hal_rcc_ex.h"
 1333              		.file 8 "Drivers/STM32L4xx_HAL_Driver/Inc/stm32l4xx_hal_gpio.h"
 1334              		.file 9 "Drivers/STM32L4xx_HAL_Driver/Inc/stm32l4xx_hal_dma.h"
 1335              		.file 10 "Drivers/STM32L4xx_HAL_Driver/Inc/stm32l4xx_hal_adc.h"
 1336              		.file 11 "Drivers/STM32L4xx_HAL_Driver/Inc/stm32l4xx_hal_tim.h"
 1337              		.file 12 "Drivers/STM32L4xx_HAL_Driver/Inc/stm32l4xx_hal_uart.h"
 1338              		.file 13 "Drivers/STM32L4xx_HAL_Driver/Inc/stm32l4xx_ll_tim.h"
 1339              		.file 14 "Drivers/STM32L4xx_HAL_Driver/Inc/stm32l4xx_ll_dma.h"
ARM GAS  C:\Users\ep_ygh\AppData\Local\Temp\cc1qJiTf.s 			page 35


DEFINED SYMBOLS
                            *ABS*:00000000 stm32l4xx_hal_msp.c
C:\Users\ep_ygh\AppData\Local\Temp\cc1qJiTf.s:20     .rodata.OFFSET_TAB_CCMRx:00000000 $d
C:\Users\ep_ygh\AppData\Local\Temp\cc1qJiTf.s:23     .rodata.OFFSET_TAB_CCMRx:00000000 OFFSET_TAB_CCMRx
C:\Users\ep_ygh\AppData\Local\Temp\cc1qJiTf.s:26     .rodata.SHIFT_TAB_OCxx:00000000 $d
C:\Users\ep_ygh\AppData\Local\Temp\cc1qJiTf.s:29     .rodata.SHIFT_TAB_OCxx:00000000 SHIFT_TAB_OCxx
C:\Users\ep_ygh\AppData\Local\Temp\cc1qJiTf.s:32     .rodata.SHIFT_TAB_ICxx:00000000 $d
C:\Users\ep_ygh\AppData\Local\Temp\cc1qJiTf.s:35     .rodata.SHIFT_TAB_ICxx:00000000 SHIFT_TAB_ICxx
C:\Users\ep_ygh\AppData\Local\Temp\cc1qJiTf.s:38     .rodata.SHIFT_TAB_CCxP:00000000 $d
C:\Users\ep_ygh\AppData\Local\Temp\cc1qJiTf.s:41     .rodata.SHIFT_TAB_CCxP:00000000 SHIFT_TAB_CCxP
C:\Users\ep_ygh\AppData\Local\Temp\cc1qJiTf.s:44     .rodata.SHIFT_TAB_OISx:00000000 $d
C:\Users\ep_ygh\AppData\Local\Temp\cc1qJiTf.s:47     .rodata.SHIFT_TAB_OISx:00000000 SHIFT_TAB_OISx
C:\Users\ep_ygh\AppData\Local\Temp\cc1qJiTf.s:50     .rodata.CHANNEL_OFFSET_TAB:00000000 $d
C:\Users\ep_ygh\AppData\Local\Temp\cc1qJiTf.s:53     .rodata.CHANNEL_OFFSET_TAB:00000000 CHANNEL_OFFSET_TAB
C:\Users\ep_ygh\AppData\Local\Temp\cc1qJiTf.s:56     .text.HAL_MspInit:00000000 $t
C:\Users\ep_ygh\AppData\Local\Temp\cc1qJiTf.s:62     .text.HAL_MspInit:00000000 HAL_MspInit
C:\Users\ep_ygh\AppData\Local\Temp\cc1qJiTf.s:124    .text.HAL_MspInit:0000004c $d
C:\Users\ep_ygh\AppData\Local\Temp\cc1qJiTf.s:129    .bss.HAL_RCC_ADC_CLK_ENABLED:00000000 $d
C:\Users\ep_ygh\AppData\Local\Temp\cc1qJiTf.s:132    .bss.HAL_RCC_ADC_CLK_ENABLED:00000000 HAL_RCC_ADC_CLK_ENABLED
C:\Users\ep_ygh\AppData\Local\Temp\cc1qJiTf.s:135    .text.HAL_ADC_MspInit:00000000 $t
C:\Users\ep_ygh\AppData\Local\Temp\cc1qJiTf.s:141    .text.HAL_ADC_MspInit:00000000 HAL_ADC_MspInit
C:\Users\ep_ygh\AppData\Local\Temp\cc1qJiTf.s:398    .text.HAL_ADC_MspInit:000001b8 $d
C:\Users\ep_ygh\AppData\Local\Temp\cc1qJiTf.s:408    .text.HAL_ADC_MspDeInit:00000000 $t
C:\Users\ep_ygh\AppData\Local\Temp\cc1qJiTf.s:414    .text.HAL_ADC_MspDeInit:00000000 HAL_ADC_MspDeInit
C:\Users\ep_ygh\AppData\Local\Temp\cc1qJiTf.s:517    .text.HAL_ADC_MspDeInit:00000084 $d
C:\Users\ep_ygh\AppData\Local\Temp\cc1qJiTf.s:527    .text.HAL_TIM_Base_MspInit:00000000 $t
C:\Users\ep_ygh\AppData\Local\Temp\cc1qJiTf.s:533    .text.HAL_TIM_Base_MspInit:00000000 HAL_TIM_Base_MspInit
C:\Users\ep_ygh\AppData\Local\Temp\cc1qJiTf.s:657    .text.HAL_TIM_Base_MspInit:000000b4 $d
C:\Users\ep_ygh\AppData\Local\Temp\cc1qJiTf.s:664    .text.HAL_TIM_Encoder_MspInit:00000000 $t
C:\Users\ep_ygh\AppData\Local\Temp\cc1qJiTf.s:670    .text.HAL_TIM_Encoder_MspInit:00000000 HAL_TIM_Encoder_MspInit
C:\Users\ep_ygh\AppData\Local\Temp\cc1qJiTf.s:763    .text.HAL_TIM_Encoder_MspInit:0000007c $d
C:\Users\ep_ygh\AppData\Local\Temp\cc1qJiTf.s:770    .text.HAL_TIM_MspPostInit:00000000 $t
C:\Users\ep_ygh\AppData\Local\Temp\cc1qJiTf.s:776    .text.HAL_TIM_MspPostInit:00000000 HAL_TIM_MspPostInit
C:\Users\ep_ygh\AppData\Local\Temp\cc1qJiTf.s:856    .text.HAL_TIM_MspPostInit:00000068 $d
C:\Users\ep_ygh\AppData\Local\Temp\cc1qJiTf.s:862    .text.HAL_TIM_Base_MspDeInit:00000000 $t
C:\Users\ep_ygh\AppData\Local\Temp\cc1qJiTf.s:868    .text.HAL_TIM_Base_MspDeInit:00000000 HAL_TIM_Base_MspDeInit
C:\Users\ep_ygh\AppData\Local\Temp\cc1qJiTf.s:942    .text.HAL_TIM_Base_MspDeInit:0000005c $d
C:\Users\ep_ygh\AppData\Local\Temp\cc1qJiTf.s:949    .text.HAL_TIM_Encoder_MspDeInit:00000000 $t
C:\Users\ep_ygh\AppData\Local\Temp\cc1qJiTf.s:955    .text.HAL_TIM_Encoder_MspDeInit:00000000 HAL_TIM_Encoder_MspDeInit
C:\Users\ep_ygh\AppData\Local\Temp\cc1qJiTf.s:1007   .text.HAL_TIM_Encoder_MspDeInit:00000034 $d
C:\Users\ep_ygh\AppData\Local\Temp\cc1qJiTf.s:1014   .text.HAL_UART_MspInit:00000000 $t
C:\Users\ep_ygh\AppData\Local\Temp\cc1qJiTf.s:1020   .text.HAL_UART_MspInit:00000000 HAL_UART_MspInit
C:\Users\ep_ygh\AppData\Local\Temp\cc1qJiTf.s:1242   .text.HAL_UART_MspInit:00000158 $d
C:\Users\ep_ygh\AppData\Local\Temp\cc1qJiTf.s:1252   .text.HAL_UART_MspDeInit:00000000 $t
C:\Users\ep_ygh\AppData\Local\Temp\cc1qJiTf.s:1258   .text.HAL_UART_MspDeInit:00000000 HAL_UART_MspDeInit
C:\Users\ep_ygh\AppData\Local\Temp\cc1qJiTf.s:1320   .text.HAL_UART_MspDeInit:0000004c $d

UNDEFINED SYMBOLS
HAL_NVIC_SetPriority
memset
HAL_RCCEx_PeriphCLKConfig
Error_Handler
HAL_GPIO_Init
HAL_GPIO_DeInit
HAL_NVIC_EnableIRQ
HAL_NVIC_DisableIRQ
HAL_DMA_Init
ARM GAS  C:\Users\ep_ygh\AppData\Local\Temp\cc1qJiTf.s 			page 36


hdma_usart2_rx
hdma_usart2_tx
HAL_DMA_DeInit
